#
# A fatal error has been detected by the Java Runtime Environment:
#
#  EXCEPTION_ACCESS_VIOLATION (0xc0000005) at pc=0x00007ff990a80563, pid=7848, tid=8380
#
# JRE version: OpenJDK Runtime Environment (16.0.1+9) (build 16.0.1+9-24)
# Java VM: OpenJDK 64-Bit Server VM (16.0.1+9-24, mixed mode, sharing, tiered, compressed oops, compressed class ptrs, g1 gc, windows-amd64)
# Problematic frame:
# C  [glass.dll+0x10563]
#
# No core dump will be written. Minidumps are not enabled by default on client versions of Windows
#
# If you would like to submit a bug report, please visit:
#   https://bugreport.java.com/bugreport/crash.jsp
# The crash happened outside the Java Virtual Machine in native code.
# See problematic frame for where to report the bug.
#

---------------  S U M M A R Y ------------

Command Line: -Dfile.encoding=windows-1252 -Duser.country=US -Duser.language=en -Duser.variant lib/JAMS.jar -loadPlugin build/libs/NES4JAMS-1.0-SNAPSHOT.jar

Host: AMD Ryzen 7 2700X Eight-Core Processor         , 16 cores, 15G,  Windows 10 , 64 bit Build 17763 (10.0.17763.2028)
Time: Sun Jul 25 17:39:37 2021 Romance Daylight Time elapsed time: 6.188878 seconds (0d 0h 0m 6s)

---------------  T H R E A D  ---------------

Current thread (0x00000211d539ca60):  JavaThread "JavaFX Application Thread" [_thread_in_native, id=8380, stack(0x000000a2db100000,0x000000a2db200000)]

Stack: [0x000000a2db100000,0x000000a2db200000],  sp=0x000000a2db1fccf0,  free space=1011k
Native frames: (J=compiled Java code, j=interpreted, Vv=VM code, C=native code)
C  [glass.dll+0x10563]

Java frames: (J=compiled Java code, j=interpreted, Vv=VM code)
j  com.sun.glass.ui.win.WinSystemClipboard.popMimesFromSystem()[Ljava/lang/String;+0
j  com.sun.glass.ui.win.WinSystemClipboard.mimesFromSystem()[Ljava/lang/String;+10
j  com.sun.glass.ui.SystemClipboard.getMimeTypes()[Ljava/lang/String;+16
j  com.sun.glass.ui.ClipboardAssistance.getMimeTypes()[Ljava/lang/String;+7
j  com.sun.javafx.tk.quantum.QuantumClipboard.hasContent(Ljavafx/scene/input/DataFormat;)Z+69
j  javafx.scene.input.Clipboard.hasContent(Ljavafx/scene/input/DataFormat;)Z+11
j  net.jamsimulator.jams.gui.util.ClipboardUtils.paste(Ljava/io/File;)V+23
j  net.jamsimulator.jams.gui.action.defaults.explorerelement.folder.FolderActionPaste.run(Ljava/lang/Object;)V+107
j  net.jamsimulator.jams.gui.action.context.ActionMenuItem.lambda$new$1(Lnet/jamsimulator/jams/gui/action/context/ContextAction;Ljava/lang/Object;Ljavafx/event/ActionEvent;)V+2
j  net.jamsimulator.jams.gui.action.context.ActionMenuItem$$Lambda$1653+0x000000080115b9c8.handle(Ljavafx/event/Event;)V+12
J 5050 c2 com.sun.javafx.event.EventHandlerManager.dispatchBubblingEvent(Ljavafx/event/EventType;Ljavafx/event/Event;)Ljavafx/event/Event; (41 bytes) @ 0x00000211bf43f004 [0x00000211bf43ed80+0x0000000000000284]
J 4387 c1 com.sun.javafx.event.EventHandlerManager.dispatchBubblingEvent(Ljavafx/event/Event;)Ljavafx/event/Event; (23 bytes) @ 0x00000211b858063c [0x00000211b85804e0+0x000000000000015c]
J 4037 c1 com.sun.javafx.event.BasicEventDispatcher.dispatchEvent(Ljavafx/event/Event;Ljavafx/event/EventDispatchChain;)Ljavafx/event/Event; (44 bytes) @ 0x00000211b84bf05c [0x00000211b84bed00+0x000000000000035c]
J 4009 c1 com.sun.javafx.event.EventDispatchChainImpl.dispatchEvent(Ljavafx/event/Event;)Ljavafx/event/Event; (101 bytes) @ 0x00000211b84b272c [0x00000211b84b2560+0x00000000000001cc]
J 4558 c1 com.sun.javafx.event.EventUtil.fireEvent(Ljavafx/event/EventTarget;Ljavafx/event/Event;)Ljavafx/event/Event; (81 bytes) @ 0x00000211b85f6b0c [0x00000211b85f5da0+0x0000000000000d6c]
J 4557 c1 javafx.event.Event.fireEvent(Ljavafx/event/EventTarget;Ljavafx/event/Event;)V (35 bytes) @ 0x00000211b85f2424 [0x00000211b85f2360+0x00000000000000c4]
j  javafx.scene.control.MenuItem.fire()V+10
j  com.sun.javafx.scene.control.ContextMenuContent$MenuItemContainer.doSelect()V+97
j  com.sun.javafx.scene.control.ContextMenuContent$MenuItemContainer.lambda$createChildren$12(Ljavafx/scene/input/MouseEvent;)V+1
j  com.sun.javafx.scene.control.ContextMenuContent$MenuItemContainer$$Lambda$1675+0x0000000801164090.handle(Ljavafx/event/Event;)V+8
J 4565 c1 com.sun.javafx.event.CompositeEventHandler$NormalEventHandlerRecord.handleBubblingEvent(Ljavafx/event/Event;)V (11 bytes) @ 0x00000211b85f47cc [0x00000211b85f46c0+0x000000000000010c]
J 5050 c2 com.sun.javafx.event.EventHandlerManager.dispatchBubblingEvent(Ljavafx/event/EventType;Ljavafx/event/Event;)Ljavafx/event/Event; (41 bytes) @ 0x00000211bf43f040 [0x00000211bf43ed80+0x00000000000002c0]
J 4387 c1 com.sun.javafx.event.EventHandlerManager.dispatchBubblingEvent(Ljavafx/event/Event;)Ljavafx/event/Event; (23 bytes) @ 0x00000211b858063c [0x00000211b85804e0+0x000000000000015c]
J 4386 c1 com.sun.javafx.event.CompositeEventDispatcher.dispatchBubblingEvent(Ljavafx/event/Event;)Ljavafx/event/Event; (35 bytes) @ 0x00000211b8580d34 [0x00000211b8580b60+0x00000000000001d4]
J 4037 c1 com.sun.javafx.event.BasicEventDispatcher.dispatchEvent(Ljavafx/event/Event;Ljavafx/event/EventDispatchChain;)Ljavafx/event/Event; (44 bytes) @ 0x00000211b84bf05c [0x00000211b84bed00+0x000000000000035c]
J 4009 c1 com.sun.javafx.event.EventDispatchChainImpl.dispatchEvent(Ljavafx/event/Event;)Ljavafx/event/Event; (101 bytes) @ 0x00000211b84b272c [0x00000211b84b2560+0x00000000000001cc]
J 4037 c1 com.sun.javafx.event.BasicEventDispatcher.dispatchEvent(Ljavafx/event/Event;Ljavafx/event/EventDispatchChain;)Ljavafx/event/Event; (44 bytes) @ 0x00000211b84bef6c [0x00000211b84bed00+0x000000000000026c]
J 4009 c1 com.sun.javafx.event.EventDispatchChainImpl.dispatchEvent(Ljavafx/event/Event;)Ljavafx/event/Event; (101 bytes) @ 0x00000211b84b272c [0x00000211b84b2560+0x00000000000001cc]
J 4037 c1 com.sun.javafx.event.BasicEventDispatcher.dispatchEvent(Ljavafx/event/Event;Ljavafx/event/EventDispatchChain;)Ljavafx/event/Event; (44 bytes) @ 0x00000211b84bef6c [0x00000211b84bed00+0x000000000000026c]
J 4009 c1 com.sun.javafx.event.EventDispatchChainImpl.dispatchEvent(Ljavafx/event/Event;)Ljavafx/event/Event; (101 bytes) @ 0x00000211b84b272c [0x00000211b84b2560+0x00000000000001cc]
J 4037 c1 com.sun.javafx.event.BasicEventDispatcher.dispatchEvent(Ljavafx/event/Event;Ljavafx/event/EventDispatchChain;)Ljavafx/event/Event; (44 bytes) @ 0x00000211b84bef6c [0x00000211b84bed00+0x000000000000026c]
J 4009 c1 com.sun.javafx.event.EventDispatchChainImpl.dispatchEvent(Ljavafx/event/Event;)Ljavafx/event/Event; (101 bytes) @ 0x00000211b84b272c [0x00000211b84b2560+0x00000000000001cc]
J 4558 c1 com.sun.javafx.event.EventUtil.fireEvent(Ljavafx/event/EventTarget;Ljavafx/event/Event;)Ljavafx/event/Event; (81 bytes) @ 0x00000211b85f673c [0x00000211b85f5da0+0x000000000000099c]
J 4666 c1 javafx.scene.Scene$MouseHandler.process(Ljavafx/scene/input/MouseEvent;Z)V (783 bytes) @ 0x00000211b864ac24 [0x00000211b8648e20+0x0000000000001e04]
J 5080 c1 javafx.scene.Scene$ScenePeerListener.mouseEvent(Ljavafx/event/EventType;DDDDLjavafx/scene/input/MouseButton;ZZZZZZZZZZZ)V (54 bytes) @ 0x00000211b874460c [0x00000211b8744360+0x00000000000002ac]
J 5013 c1 com.sun.javafx.tk.quantum.GlassViewEventHandler$MouseEventNotification.run()Ljava/lang/Void; (703 bytes) @ 0x00000211b871f854 [0x00000211b871e800+0x0000000000001054]
J 5010 c1 com.sun.javafx.tk.quantum.GlassViewEventHandler$$Lambda$1623+0x0000000801150430.get()Ljava/lang/Object; (8 bytes) @ 0x00000211b871bb0c [0x00000211b871b840+0x00000000000002cc]
J 4690 c1 com.sun.javafx.tk.quantum.QuantumToolkit.runWithoutRenderLock(Ljava/util/function/Supplier;)Ljava/lang/Object; (49 bytes) @ 0x00000211b865f294 [0x00000211b865ed80+0x0000000000000514]
J 5008 c1 com.sun.javafx.tk.quantum.GlassViewEventHandler.handleMouseEvent(Lcom/sun/glass/ui/View;JIIIIIIIZZ)V (108 bytes) @ 0x00000211b871a324 [0x00000211b8719ea0+0x0000000000000484]
J 5007 c1 com.sun.glass.ui.View.handleMouseEvent(JIIIIIIIZZ)V (34 bytes) @ 0x00000211b8719694 [0x00000211b87194c0+0x00000000000001d4]
J 5005 c1 com.sun.glass.ui.View.notifyMouse(IIIIIIIZZ)V (221 bytes) @ 0x00000211b871da84 [0x00000211b871cba0+0x0000000000000ee4]
v  ~StubRoutines::call_stub
j  com.sun.glass.ui.win.WinApplication._runLoop(Ljava/lang/Runnable;)V+0
j  com.sun.glass.ui.win.WinApplication.lambda$runLoop$3(ILjava/lang/Runnable;)V+8
j  com.sun.glass.ui.win.WinApplication$$Lambda$521+0x0000000800d9b3f8.run()V+12
j  java.lang.Thread.run()V+11 java.base@16.0.1
v  ~StubRoutines::call_stub

siginfo: EXCEPTION_ACCESS_VIOLATION (0xc0000005), reading address 0x00000211d4aee194


Register to memory mapping:

RIP=0x00007ff990a80563 glass.dll
RAX=0x0000000000000001 is an unknown value
RBX=0x0000000000002333 is an unknown value
RCX=0x00000211adc60000 points into unknown readable memory: 0x0000000000000000 | 00 00 00 00 00 00 00 00
RDX=0x00000211adc60000 points into unknown readable memory: 0x0000000000000000 | 00 00 00 00 00 00 00 00
RSP=0x000000a2db1fccf0 is pointing into the stack for thread: 0x00000211d539ca60
RBP=0x0 is NULL
RSI=0x00000211de66af70 points into unknown readable memory: 0x0000000000000000 | 00 00 00 00 00 00 00 00
RDI=0x0 is NULL
R8 =0x00000211add62d00 points into unknown readable memory: 0x00000211add60d80 | 80 0d d6 ad 11 02 00 00
R9 =0x0000000000008000 is an unknown value
R10=0x0000000000000020 is an unknown value
R11=0x0000000000000002 is an unknown value
R12=0x0 is NULL
R13=0x0000000000002333 is an unknown value
R14=0x00000211d45d7ba0 points into unknown readable memory: 0x0044005c003a0045 | 45 00 3a 00 5c 00 44 00
R15=0x00000000005165f0 is an unknown value


Registers:
RAX=0x0000000000000001, RBX=0x0000000000002333, RCX=0x00000211adc60000, RDX=0x00000211adc60000
RSP=0x000000a2db1fccf0, RBP=0x0000000000000000, RSI=0x00000211de66af70, RDI=0x0000000000000000
R8 =0x00000211add62d00, R9 =0x0000000000008000, R10=0x0000000000000020, R11=0x0000000000000002
R12=0x0000000000000000, R13=0x0000000000002333, R14=0x00000211d45d7ba0, R15=0x00000000005165f0
RIP=0x00007ff990a80563, EFLAGS=0x0000000000010246

Top of Stack: (sp=0x000000a2db1fccf0)
0x000000a2db1fccf0:   0000000000002333 0000000000000000
0x000000a2db1fcd00:   00000211de66ac10 00000211de66af70
0x000000a2db1fcd10:   0000000000000000 0000000000000000
0x000000a2db1fcd20:   00000211dfc81710 00000211de66ac10
0x000000a2db1fcd30:   0000021100002333 0000000000000000
0x000000a2db1fcd40:   0000000000000000 00000211de66a8f0
0x000000a2db1fcd50:   00000211de66ae70 00000211de66afd0
0x000000a2db1fcd60:   0000000000000000 00000211de66aef0
0x000000a2db1fcd70:   00000211d45d7ba0 00000000436a0000
0x000000a2db1fcd80:   3f80000000000000 00000211dfc813f0
0x000000a2db1fcd90:   0000000000002339 00000211e0412fc0
0x000000a2db1fcda0:   00000211e0452fc0 00000211e0452fc0
0x000000a2db1fcdb0:   0000000000003fff 0000000000004000
0x000000a2db1fcdc0:   00000211dfc81870 00000211dfc81510
0x000000a2db1fcdd0:   00000211dfc818d0 00000211d539ca60
0x000000a2db1fcde0:   00000211dfc81970 0000000000000000 

Instructions: (pc=0x00007ff990a80563)
0x00007ff990a80463:   e8 f8 1a ff ff 41 83 e4 ef 44 89 64 24 20 48 8b
0x00007ff990a80473:   44 24 58 48 85 c0 74 48 b9 ff ff ff ff f0 0f c1
0x00007ff990a80483:   48 10 83 f9 01 75 39 48 8b 5c 24 58 48 8b 0b 48
0x00007ff990a80493:   85 c9 74 09 ff 15 0b 6e 01 00 4c 89 2b 48 8b 4b
0x00007ff990a804a3:   08 48 85 c9 74 09 e8 e2 2a 01 00 4c 89 6b 08 ba
0x00007ff990a804b3:   18 00 00 00 48 8b cb e8 d1 2a 01 00 8b 5c 24 40
0x00007ff990a804c3:   b8 ff ff ff ff f0 0f c1 46 10 83 f8 01 75 31 48
0x00007ff990a804d3:   8b 0e 48 85 c9 74 09 ff 15 c8 6d 01 00 4c 89 2e
0x00007ff990a804e3:   48 8b 4e 08 48 85 c9 74 09 e8 9f 2a 01 00 4c 89
0x00007ff990a804f3:   6e 08 ba 18 00 00 00 48 8b ce e8 8e 2a 01 00 90
0x00007ff990a80503:   b8 ff ff ff ff f0 41 0f c1 46 10 83 f8 01 75 30
0x00007ff990a80513:   49 8b 0e 48 85 c9 74 09 ff 15 87 6d 01 00 4d 89
0x00007ff990a80523:   2e 49 8b 4e 08 48 85 c9 74 09 e8 5e 2a 01 00 4d
0x00007ff990a80533:   89 6e 08 ba 18 00 00 00 49 8b ce e8 4d 2a 01 00
0x00007ff990a80543:   44 8b eb 45 85 ff 75 09 4d 69 fd 50 02 00 00 eb
0x00007ff990a80553:   07 4d 69 fd 4c 01 00 00 4c 8b b4 24 80 00 00 00
0x00007ff990a80563:   43 f6 44 3e 04 40 0f 84 fb 01 00 00 43 8b 44 3e
0x00007ff990a80573:   48 89 84 24 28 01 00 00 43 8b 44 3e 44 89 84 24
0x00007ff990a80583:   2c 01 00 00 41 b9 0a 00 00 00 45 8d 41 36 48 8d
0x00007ff990a80593:   94 24 c0 02 00 00 48 8b 8c 24 28 01 00 00 ff 15
0x00007ff990a805a3:   89 6d 01 00 b9 18 00 00 00 e8 a3 29 01 00 4c 8b
0x00007ff990a805b3:   f0 48 89 84 24 c0 01 00 00 33 db 48 85 c0 74 27
0x00007ff990a805c3:   48 89 58 08 c7 40 10 01 00 00 00 48 8d 8c 24 c0
0x00007ff990a805d3:   02 00 00 ff 15 d4 6c 01 00 49 89 06 48 85 c0 0f
0x00007ff990a805e3:   84 01 0a 00 00 eb 03 4c 8b f3 4c 89 b4 24 90 01
0x00007ff990a805f3:   00 00 4d 85 f6 0f 84 f6 09 00 00 b9 18 00 00 00
0x00007ff990a80603:   e8 4c 29 01 00 48 8b f0 48 89 84 24 c8 01 00 00
0x00007ff990a80613:   48 85 c0 74 26 48 89 58 08 c7 40 10 01 00 00 00
0x00007ff990a80623:   48 8d 0d 8e 9b 01 00 ff 15 80 6c 01 00 48 89 06
0x00007ff990a80633:   48 85 c0 0f 84 c3 09 00 00 eb 03 48 8b f3 48 89
0x00007ff990a80643:   b4 24 d0 01 00 00 48 85 f6 0f 84 b8 09 00 00 48
0x00007ff990a80653:   89 74 24 60 f0 ff 46 10 83 4c 24 20 20 48 8d 94 


Stack slot to memory mapping:
stack at sp + 0 slots: 0x0000000000002333 is an unknown value
stack at sp + 1 slots: 0x0 is NULL
stack at sp + 2 slots: 0x00000211de66ac10 points into unknown readable memory: 0x00000211df05f048 | 48 f0 05 df 11 02 00 00
stack at sp + 3 slots: 0x00000211de66af70 points into unknown readable memory: 0x0000000000000000 | 00 00 00 00 00 00 00 00
stack at sp + 4 slots: 0x0 is NULL
stack at sp + 5 slots: 0x0 is NULL
stack at sp + 6 slots: 0x00000211dfc81710 points into unknown readable memory: 0x00000211de5ef118 | 18 f1 5e de 11 02 00 00
stack at sp + 7 slots: 0x00000211de66ac10 points into unknown readable memory: 0x00000211df05f048 | 48 f0 05 df 11 02 00 00


---------------  P R O C E S S  ---------------

Threads class SMR info:
_java_thread_list=0x00000211d57969c0, length=32, elements={
0x00000211afe24490, 0x00000211d3615840, 0x00000211d3616bb0, 0x00000211d4007850,
0x00000211d4009170, 0x00000211d400c230, 0x00000211d400d2e0, 0x00000211d4015c80,
0x00000211d40195f0, 0x00000211d402e330, 0x00000211d4140c50, 0x00000211d41411b0,
0x00000211d4150f80, 0x00000211d415d7b0, 0x00000211d49806f0, 0x00000211d4bb53a0,
0x00000211d4bbb200, 0x00000211d539ca60, 0x00000211d5a8a610, 0x00000211d5a8c0a0,
0x00000211df643bb0, 0x00000211d5a89620, 0x00000211d5a8b600, 0x00000211d5a8ab60,
0x00000211d5a8b0b0, 0x00000211d5a89b70, 0x00000211d5a8a0c0, 0x00000211d5eac650,
0x00000211d5eafb70, 0x00000211d5eadb90, 0x00000211d5eb1600, 0x00000211d5eb25f0
}

Java Threads: ( => current thread )
  0x00000211afe24490 JavaThread "main" [_thread_blocked, id=3828, stack(0x000000a2d9000000,0x000000a2d9100000)]
  0x00000211d3615840 JavaThread "Reference Handler" daemon [_thread_blocked, id=8680, stack(0x000000a2d9700000,0x000000a2d9800000)]
  0x00000211d3616bb0 JavaThread "Finalizer" daemon [_thread_blocked, id=16100, stack(0x000000a2d9800000,0x000000a2d9900000)]
  0x00000211d4007850 JavaThread "Signal Dispatcher" daemon [_thread_blocked, id=13588, stack(0x000000a2d9900000,0x000000a2d9a00000)]
  0x00000211d4009170 JavaThread "Attach Listener" daemon [_thread_blocked, id=7224, stack(0x000000a2d9a00000,0x000000a2d9b00000)]
  0x00000211d400c230 JavaThread "Service Thread" daemon [_thread_blocked, id=9984, stack(0x000000a2d9b00000,0x000000a2d9c00000)]
  0x00000211d400d2e0 JavaThread "Monitor Deflation Thread" daemon [_thread_blocked, id=11396, stack(0x000000a2d9c00000,0x000000a2d9d00000)]
  0x00000211d4015c80 JavaThread "C2 CompilerThread0" daemon [_thread_in_native, id=11700, stack(0x000000a2d9d00000,0x000000a2d9e00000)]
  0x00000211d40195f0 JavaThread "C1 CompilerThread0" daemon [_thread_blocked, id=11204, stack(0x000000a2d9e00000,0x000000a2d9f00000)]
  0x00000211d402e330 JavaThread "Sweeper thread" daemon [_thread_blocked, id=14332, stack(0x000000a2d9f00000,0x000000a2da000000)]
  0x00000211d4140c50 JavaThread "C1 CompilerThread1" daemon [_thread_blocked, id=640, stack(0x000000a2da000000,0x000000a2da100000)]
  0x00000211d41411b0 JavaThread "C1 CompilerThread2" daemon [_thread_blocked, id=6780, stack(0x000000a2da100000,0x000000a2da200000)]
  0x00000211d4150f80 JavaThread "Notification Thread" daemon [_thread_blocked, id=14536, stack(0x000000a2da200000,0x000000a2da300000)]
  0x00000211d415d7b0 JavaThread "Common-Cleaner" daemon [_thread_blocked, id=12540, stack(0x000000a2da400000,0x000000a2da500000)]
  0x00000211d49806f0 JavaThread "QuantumRenderer-0" daemon [_thread_blocked, id=10564, stack(0x000000a2da900000,0x000000a2daa00000)]
  0x00000211d4bb53a0 JavaThread "JavaFX-Launcher" [_thread_blocked, id=1744, stack(0x000000a2daf00000,0x000000a2db000000)]
  0x00000211d4bbb200 JavaThread "InvokeLaterDispatcher" daemon [_thread_blocked, id=8528, stack(0x000000a2db000000,0x000000a2db100000)]
=>0x00000211d539ca60 JavaThread "JavaFX Application Thread" [_thread_in_native, id=8380, stack(0x000000a2db100000,0x000000a2db200000)]
  0x00000211d5a8a610 JavaThread "Thread-2" daemon [_thread_in_native, id=8176, stack(0x000000a2da700000,0x000000a2da800000)]
  0x00000211d5a8c0a0 JavaThread "Prism Font Disposer" daemon [_thread_blocked, id=3276, stack(0x000000a2db300000,0x000000a2db400000)]
  0x00000211df643bb0 JavaThread "C1 CompilerThread3" daemon [_thread_blocked, id=10392, stack(0x000000a2dbb00000,0x000000a2dbc00000)]
  0x00000211d5a89620 JavaThread "FileSystemWatchService" daemon [_thread_in_native, id=11676, stack(0x000000a2dce00000,0x000000a2dcf00000)]
  0x00000211d5a8b600 JavaThread "Thread-4" daemon [_thread_blocked, id=15228, stack(0x000000a2dcf00000,0x000000a2dd000000)]
  0x00000211d5a8ab60 JavaThread "FileSystemWatchService" daemon [_thread_in_native, id=17244, stack(0x000000a2dc000000,0x000000a2dc100000)]
  0x00000211d5a8b0b0 JavaThread "Thread-5" [_thread_blocked, id=9684, stack(0x000000a2dd100000,0x000000a2dd200000)]
  0x00000211d5a89b70 JavaThread "FileSystemWatchService" daemon [_thread_in_native, id=7484, stack(0x000000a2dd200000,0x000000a2dd300000)]
  0x00000211d5a8a0c0 JavaThread "Thread-6" [_thread_blocked, id=13712, stack(0x000000a2dd300000,0x000000a2dd400000)]
  0x00000211d5eac650 JavaThread "FileSystemWatchService" daemon [_thread_in_native, id=12532, stack(0x000000a2dd400000,0x000000a2dd500000)]
  0x00000211d5eafb70 JavaThread "Thread-7" [_thread_blocked, id=10724, stack(0x000000a2dd500000,0x000000a2dd600000)]
  0x00000211d5eadb90 JavaThread "FileSystemWatchService" daemon [_thread_in_native, id=12068, stack(0x000000a2dd600000,0x000000a2dd700000)]
  0x00000211d5eb1600 JavaThread "Thread-8" [_thread_blocked, id=12168, stack(0x000000a2dd700000,0x000000a2dd800000)]
  0x00000211d5eb25f0 JavaThread "Cleaner-0" daemon [_thread_blocked, id=16792, stack(0x000000a2de000000,0x000000a2de100000)]

Other Threads:
  0x00000211d360e630 VMThread "VM Thread" [stack: 0x000000a2d9600000,0x000000a2d9700000] [id=8280]
  0x00000211d415d4c0 WatcherThread [stack: 0x000000a2da300000,0x000000a2da400000] [id=4452]
  0x00000211afe73f40 GCTaskThread "GC Thread#0" [stack: 0x000000a2d9100000,0x000000a2d9200000] [id=17268]
  0x00000211d4a719b0 GCTaskThread "GC Thread#1" [stack: 0x000000a2da800000,0x000000a2da900000] [id=14228]
  0x00000211d4a0ce00 GCTaskThread "GC Thread#2" [stack: 0x000000a2dab00000,0x000000a2dac00000] [id=16524]
  0x00000211d4a0d510 GCTaskThread "GC Thread#3" [stack: 0x000000a2dac00000,0x000000a2dad00000] [id=8500]
  0x00000211d4a0d820 GCTaskThread "GC Thread#4" [stack: 0x000000a2dad00000,0x000000a2dae00000] [id=12264]
  0x00000211d49d6550 GCTaskThread "GC Thread#5" [stack: 0x000000a2dae00000,0x000000a2daf00000] [id=7192]
  0x00000211d5d5fe80 GCTaskThread "GC Thread#6" [stack: 0x000000a2db400000,0x000000a2db500000] [id=7096]
  0x00000211d5d5e910 GCTaskThread "GC Thread#7" [stack: 0x000000a2db500000,0x000000a2db600000] [id=9596]
  0x00000211d5d5e2f0 GCTaskThread "GC Thread#8" [stack: 0x000000a2db600000,0x000000a2db700000] [id=2336]
  0x00000211d5d62650 GCTaskThread "GC Thread#9" [stack: 0x000000a2db700000,0x000000a2db800000] [id=10892]
  0x00000211d5d62960 GCTaskThread "GC Thread#10" [stack: 0x000000a2db800000,0x000000a2db900000] [id=6936]
  0x00000211d5d5d090 GCTaskThread "GC Thread#11" [stack: 0x000000a2dc100000,0x000000a2dc200000] [id=9796]
  0x00000211d5d613f0 GCTaskThread "GC Thread#12" [stack: 0x000000a2dd000000,0x000000a2dd100000] [id=8492]
  0x00000211afe86cb0 ConcurrentGCThread "G1 Main Marker" [stack: 0x000000a2d9200000,0x000000a2d9300000] [id=6804]
  0x00000211afe880f0 ConcurrentGCThread "G1 Conc#0" [stack: 0x000000a2d9300000,0x000000a2d9400000] [id=2816]
  0x00000211d5d62c70 ConcurrentGCThread "G1 Conc#1" [stack: 0x000000a2db900000,0x000000a2dba00000] [id=14152]
  0x00000211d5d5cd80 ConcurrentGCThread "G1 Conc#2" [stack: 0x000000a2dba00000,0x000000a2dbb00000] [id=9892]
  0x00000211d34c0150 ConcurrentGCThread "G1 Refine#0" [stack: 0x000000a2d9400000,0x000000a2d9500000] [id=11384]
  0x00000211de471c10 ConcurrentGCThread "G1 Refine#1" [stack: 0x000000a2dc200000,0x000000a2dc300000] [id=9604]
  0x00000211e0300e10 ConcurrentGCThread "G1 Refine#2" [stack: 0x000000a2dc300000,0x000000a2dc400000] [id=17056]
  0x00000211e0301150 ConcurrentGCThread "G1 Refine#3" [stack: 0x000000a2dc400000,0x000000a2dc500000] [id=11292]
  0x00000211e0301490 ConcurrentGCThread "G1 Refine#4" [stack: 0x000000a2dc500000,0x000000a2dc600000] [id=5672]
  0x00000211d6047630 ConcurrentGCThread "G1 Refine#5" [stack: 0x000000a2dc600000,0x000000a2dc700000] [id=13436]
  0x00000211dea51370 ConcurrentGCThread "G1 Refine#6" [stack: 0x000000a2dc700000,0x000000a2dc800000] [id=9588]
  0x00000211e0388970 ConcurrentGCThread "G1 Refine#7" [stack: 0x000000a2dc800000,0x000000a2dc900000] [id=8404]
  0x00000211e03890c0 ConcurrentGCThread "G1 Refine#8" [stack: 0x000000a2dc900000,0x000000a2dca00000] [id=1124]
  0x00000211d6190aa0 ConcurrentGCThread "G1 Refine#9" [stack: 0x000000a2dca00000,0x000000a2dcb00000] [id=11268]
  0x00000211de9d3da0 ConcurrentGCThread "G1 Refine#10" [stack: 0x000000a2dcb00000,0x000000a2dcc00000] [id=11312]
  0x00000211de9d40e0 ConcurrentGCThread "G1 Refine#11" [stack: 0x000000a2dcc00000,0x000000a2dcd00000] [id=15452]
  0x00000211de9d4420 ConcurrentGCThread "G1 Refine#12" [stack: 0x000000a2dcd00000,0x000000a2dce00000] [id=11852]
  0x00000211d34c09e0 ConcurrentGCThread "G1 Service" [stack: 0x000000a2d9500000,0x000000a2d9600000] [id=3676]

Threads with active compile tasks:
C2 CompilerThread0     6245 5086   !   4       javafx.scene.CssStyleHelper::transitionToState (1021 bytes)

VM state: not at safepoint (normal execution)

VM Mutex/Monitor currently owned by a thread: None

Heap address: 0x0000000701000000, size: 4080 MB, Compressed Oops mode: Zero based, Oop shift amount: 3

CDS archive(s) mapped at: [0x0000000800000000-0x0000000800bb0000-0x0000000800bb0000), size 12255232, SharedBaseAddress: 0x0000000800000000, ArchiveRelocationMode: 0.
Compressed class space mapped at: 0x0000000800c00000-0x0000000840c00000, reserved size: 1073741824
Narrow klass base: 0x0000000800000000, Narrow klass shift: 3, Narrow klass range: 0x100000000

GC Precious Log:
 CPUs: 16 total, 16 available
 Memory: 16315M
 Large Page Support: Disabled
 NUMA Support: Disabled
 Compressed Oops: Enabled (Zero based)
 Heap Region Size: 2M
 Heap Min Capacity: 8M
 Heap Initial Capacity: 256M
 Heap Max Capacity: 4080M
 Pre-touch: Disabled
 Parallel Workers: 13
 Concurrent Workers: 3
 Concurrent Refinement Workers: 13
 Periodic GC: Disabled

Heap:
 garbage-first heap   total 348160K, used 212480K [0x0000000701000000, 0x0000000800000000)
  region size 2048K, 10 young (20480K), 4 survivors (8192K)
 Metaspace       used 33444K, committed 33728K, reserved 1081344K
  class space    used 5320K, committed 5440K, reserved 1048576K

Heap Regions: E=young(eden), S=young(survivor), O=old, HS=humongous(starts), HC=humongous(continues), CS=collection set, F=free, OA=open archive, CA=closed archive, TAMS=top-at-mark-start (previous, next)
|   0|0x0000000701000000, 0x0000000701200000, 0x0000000701200000|100%| O|  |TAMS 0x0000000701200000, 0x0000000701000000| Untracked 
|   1|0x0000000701200000, 0x0000000701400000, 0x0000000701400000|100%|HS|  |TAMS 0x0000000701400000, 0x0000000701200000| Complete 
|   2|0x0000000701400000, 0x0000000701600000, 0x0000000701600000|100%|HS|  |TAMS 0x0000000701600000, 0x0000000701400000| Complete 
|   3|0x0000000701600000, 0x0000000701800000, 0x0000000701800000|100%|HC|  |TAMS 0x0000000701800000, 0x0000000701600000| Complete 
|   4|0x0000000701800000, 0x0000000701a00000, 0x0000000701a00000|100%|HC|  |TAMS 0x0000000701a00000, 0x0000000701800000| Complete 
|   5|0x0000000701a00000, 0x0000000701c00000, 0x0000000701c00000|100%|HS|  |TAMS 0x0000000701c00000, 0x0000000701a00000| Complete 
|   6|0x0000000701c00000, 0x0000000701e00000, 0x0000000701e00000|100%|HC|  |TAMS 0x0000000701e00000, 0x0000000701c00000| Complete 
|   7|0x0000000701e00000, 0x0000000702000000, 0x0000000702000000|100%|HC|  |TAMS 0x0000000702000000, 0x0000000701e00000| Complete 
|   8|0x0000000702000000, 0x0000000702200000, 0x0000000702200000|100%|HS|  |TAMS 0x0000000702200000, 0x0000000702000000| Complete 
|   9|0x0000000702200000, 0x0000000702400000, 0x0000000702400000|100%|HC|  |TAMS 0x0000000702400000, 0x0000000702200000| Complete 
|  10|0x0000000702400000, 0x0000000702600000, 0x0000000702600000|100%|HC|  |TAMS 0x0000000702600000, 0x0000000702400000| Complete 
|  11|0x0000000702600000, 0x0000000702800000, 0x0000000702800000|100%|HS|  |TAMS 0x0000000702800000, 0x0000000702600000| Complete 
|  12|0x0000000702800000, 0x0000000702a00000, 0x0000000702a00000|100%|HC|  |TAMS 0x0000000702a00000, 0x0000000702800000| Complete 
|  13|0x0000000702a00000, 0x0000000702c00000, 0x0000000702c00000|100%|HC|  |TAMS 0x0000000702c00000, 0x0000000702a00000| Complete 
|  14|0x0000000702c00000, 0x0000000702e00000, 0x0000000702e00000|100%|HS|  |TAMS 0x0000000702e00000, 0x0000000702c00000| Complete 
|  15|0x0000000702e00000, 0x0000000703000000, 0x0000000703000000|100%|HC|  |TAMS 0x0000000703000000, 0x0000000702e00000| Complete 
|  16|0x0000000703000000, 0x0000000703200000, 0x0000000703200000|100%|HC|  |TAMS 0x0000000703200000, 0x0000000703000000| Complete 
|  17|0x0000000703200000, 0x0000000703400000, 0x0000000703400000|100%|HS|  |TAMS 0x0000000703400000, 0x0000000703200000| Complete 
|  18|0x0000000703400000, 0x0000000703600000, 0x0000000703600000|100%|HC|  |TAMS 0x0000000703600000, 0x0000000703400000| Complete 
|  19|0x0000000703600000, 0x0000000703800000, 0x0000000703800000|100%|HC|  |TAMS 0x0000000703800000, 0x0000000703600000| Complete 
|  20|0x0000000703800000, 0x0000000703a00000, 0x0000000703a00000|100%|HS|  |TAMS 0x0000000703a00000, 0x0000000703800000| Complete 
|  21|0x0000000703a00000, 0x0000000703c00000, 0x0000000703c00000|100%|HC|  |TAMS 0x0000000703c00000, 0x0000000703a00000| Complete 
|  22|0x0000000703c00000, 0x0000000703e00000, 0x0000000703e00000|100%|HC|  |TAMS 0x0000000703e00000, 0x0000000703c00000| Complete 
|  23|0x0000000703e00000, 0x0000000704000000, 0x0000000704000000|100%| O|  |TAMS 0x0000000704000000, 0x0000000703e00000| Untracked 
|  24|0x0000000704000000, 0x0000000704200000, 0x0000000704200000|100%|HS|  |TAMS 0x0000000704200000, 0x0000000704000000| Complete 
|  25|0x0000000704200000, 0x0000000704400000, 0x0000000704400000|100%|HC|  |TAMS 0x0000000704400000, 0x0000000704200000| Complete 
|  26|0x0000000704400000, 0x0000000704600000, 0x0000000704600000|100%|HC|  |TAMS 0x0000000704600000, 0x0000000704400000| Complete 
|  27|0x0000000704600000, 0x0000000704800000, 0x0000000704800000|100%|HS|  |TAMS 0x0000000704800000, 0x0000000704600000| Complete 
|  28|0x0000000704800000, 0x0000000704a00000, 0x0000000704a00000|100%|HC|  |TAMS 0x0000000704a00000, 0x0000000704800000| Complete 
|  29|0x0000000704a00000, 0x0000000704c00000, 0x0000000704c00000|100%|HC|  |TAMS 0x0000000704c00000, 0x0000000704a00000| Complete 
|  30|0x0000000704c00000, 0x0000000704e00000, 0x0000000704e00000|100%|HS|  |TAMS 0x0000000704e00000, 0x0000000704c00000| Complete 
|  31|0x0000000704e00000, 0x0000000705000000, 0x0000000705000000|100%|HC|  |TAMS 0x0000000705000000, 0x0000000704e00000| Complete 
|  32|0x0000000705000000, 0x0000000705200000, 0x0000000705200000|100%|HC|  |TAMS 0x0000000705200000, 0x0000000705000000| Complete 
|  33|0x0000000705200000, 0x0000000705400000, 0x0000000705400000|100%|HS|  |TAMS 0x0000000705400000, 0x0000000705200000| Complete 
|  34|0x0000000705400000, 0x0000000705600000, 0x0000000705600000|100%|HC|  |TAMS 0x0000000705600000, 0x0000000705400000| Complete 
|  35|0x0000000705600000, 0x0000000705800000, 0x0000000705800000|100%|HC|  |TAMS 0x0000000705800000, 0x0000000705600000| Complete 
|  36|0x0000000705800000, 0x0000000705a00000, 0x0000000705a00000|100%|HS|  |TAMS 0x0000000705a00000, 0x0000000705800000| Complete 
|  37|0x0000000705a00000, 0x0000000705c00000, 0x0000000705c00000|100%|HC|  |TAMS 0x0000000705c00000, 0x0000000705a00000| Complete 
|  38|0x0000000705c00000, 0x0000000705e00000, 0x0000000705e00000|100%|HC|  |TAMS 0x0000000705e00000, 0x0000000705c00000| Complete 
|  39|0x0000000705e00000, 0x0000000706000000, 0x0000000706000000|100%|HS|  |TAMS 0x0000000706000000, 0x0000000705e00000| Complete 
|  40|0x0000000706000000, 0x0000000706200000, 0x0000000706200000|100%|HC|  |TAMS 0x0000000706200000, 0x0000000706000000| Complete 
|  41|0x0000000706200000, 0x0000000706400000, 0x0000000706400000|100%|HC|  |TAMS 0x0000000706400000, 0x0000000706200000| Complete 
|  42|0x0000000706400000, 0x0000000706600000, 0x0000000706600000|100%|HS|  |TAMS 0x0000000706600000, 0x0000000706400000| Complete 
|  43|0x0000000706600000, 0x0000000706800000, 0x0000000706800000|100%|HC|  |TAMS 0x0000000706800000, 0x0000000706600000| Complete 
|  44|0x0000000706800000, 0x0000000706a00000, 0x0000000706a00000|100%|HC|  |TAMS 0x0000000706a00000, 0x0000000706800000| Complete 
|  45|0x0000000706a00000, 0x0000000706c00000, 0x0000000706c00000|100%|HS|  |TAMS 0x0000000706c00000, 0x0000000706a00000| Complete 
|  46|0x0000000706c00000, 0x0000000706e00000, 0x0000000706e00000|100%|HC|  |TAMS 0x0000000706e00000, 0x0000000706c00000| Complete 
|  47|0x0000000706e00000, 0x0000000707000000, 0x0000000707000000|100%|HC|  |TAMS 0x0000000707000000, 0x0000000706e00000| Complete 
|  48|0x0000000707000000, 0x0000000707200000, 0x0000000707200000|100%|HS|  |TAMS 0x0000000707200000, 0x0000000707000000| Complete 
|  49|0x0000000707200000, 0x0000000707400000, 0x0000000707400000|100%|HC|  |TAMS 0x0000000707400000, 0x0000000707200000| Complete 
|  50|0x0000000707400000, 0x0000000707600000, 0x0000000707600000|100%|HC|  |TAMS 0x0000000707600000, 0x0000000707400000| Complete 
|  51|0x0000000707600000, 0x0000000707800000, 0x0000000707800000|100%|HS|  |TAMS 0x0000000707800000, 0x0000000707600000| Complete 
|  52|0x0000000707800000, 0x0000000707a00000, 0x0000000707a00000|100%|HC|  |TAMS 0x0000000707a00000, 0x0000000707800000| Complete 
|  53|0x0000000707a00000, 0x0000000707c00000, 0x0000000707c00000|100%|HC|  |TAMS 0x0000000707c00000, 0x0000000707a00000| Complete 
|  54|0x0000000707c00000, 0x0000000707e00000, 0x0000000707e00000|100%|HS|  |TAMS 0x0000000707e00000, 0x0000000707c00000| Complete 
|  55|0x0000000707e00000, 0x0000000708000000, 0x0000000708000000|100%|HC|  |TAMS 0x0000000708000000, 0x0000000707e00000| Complete 
|  56|0x0000000708000000, 0x0000000708200000, 0x0000000708200000|100%|HC|  |TAMS 0x0000000708200000, 0x0000000708000000| Complete 
|  57|0x0000000708200000, 0x0000000708400000, 0x0000000708400000|100%|HS|  |TAMS 0x0000000708400000, 0x0000000708200000| Complete 
|  58|0x0000000708400000, 0x0000000708600000, 0x0000000708600000|100%|HC|  |TAMS 0x0000000708600000, 0x0000000708400000| Complete 
|  59|0x0000000708600000, 0x0000000708800000, 0x0000000708800000|100%|HC|  |TAMS 0x0000000708800000, 0x0000000708600000| Complete 
|  60|0x0000000708800000, 0x0000000708a00000, 0x0000000708a00000|100%|HS|  |TAMS 0x0000000708a00000, 0x0000000708800000| Complete 
|  61|0x0000000708a00000, 0x0000000708c00000, 0x0000000708c00000|100%| O|  |TAMS 0x0000000708c00000, 0x0000000708a00000| Untracked 
|  62|0x0000000708c00000, 0x0000000708e00000, 0x0000000708e00000|100%| O|  |TAMS 0x0000000708e00000, 0x0000000708c00000| Untracked 
|  63|0x0000000708e00000, 0x0000000709000000, 0x0000000709000000|100%| O|  |TAMS 0x0000000709000000, 0x0000000708e00000| Untracked 
|  64|0x0000000709000000, 0x0000000709200000, 0x0000000709200000|100%| O|  |TAMS 0x0000000709200000, 0x0000000709000000| Untracked 
|  65|0x0000000709200000, 0x0000000709400000, 0x0000000709400000|100%| O|  |TAMS 0x0000000709400000, 0x0000000709200000| Untracked 
|  66|0x0000000709400000, 0x0000000709600000, 0x0000000709600000|100%| O|  |TAMS 0x0000000709600000, 0x0000000709400000| Untracked 
|  67|0x0000000709600000, 0x0000000709800000, 0x0000000709800000|100%| O|  |TAMS 0x0000000709800000, 0x0000000709600000| Untracked 
|  68|0x0000000709800000, 0x0000000709a00000, 0x0000000709a00000|100%| O|  |TAMS 0x0000000709a00000, 0x0000000709800000| Untracked 
|  69|0x0000000709a00000, 0x0000000709c00000, 0x0000000709c00000|100%| O|  |TAMS 0x0000000709c00000, 0x0000000709a00000| Untracked 
|  70|0x0000000709c00000, 0x0000000709e00000, 0x0000000709e00000|100%| O|  |TAMS 0x0000000709d5a800, 0x0000000709c00000| Untracked 
|  71|0x0000000709e00000, 0x000000070a000000, 0x000000070a000000|100%|HS|  |TAMS 0x000000070a000000, 0x0000000709e00000| Complete 
|  72|0x000000070a000000, 0x000000070a200000, 0x000000070a200000|100%|HC|  |TAMS 0x000000070a200000, 0x000000070a000000| Complete 
|  73|0x000000070a200000, 0x000000070a400000, 0x000000070a400000|100%|HC|  |TAMS 0x000000070a400000, 0x000000070a200000| Complete 
|  74|0x000000070a400000, 0x000000070a600000, 0x000000070a600000|100%|HS|  |TAMS 0x000000070a600000, 0x000000070a400000| Complete 
|  75|0x000000070a600000, 0x000000070a800000, 0x000000070a800000|100%|HC|  |TAMS 0x000000070a800000, 0x000000070a600000| Complete 
|  76|0x000000070a800000, 0x000000070aa00000, 0x000000070aa00000|100%|HC|  |TAMS 0x000000070aa00000, 0x000000070a800000| Complete 
|  77|0x000000070aa00000, 0x000000070ac00000, 0x000000070ac00000|100%|HS|  |TAMS 0x000000070ac00000, 0x000000070aa00000| Complete 
|  78|0x000000070ac00000, 0x000000070ae00000, 0x000000070ae00000|100%|HC|  |TAMS 0x000000070ae00000, 0x000000070ac00000| Complete 
|  79|0x000000070ae00000, 0x000000070b000000, 0x000000070b000000|100%|HC|  |TAMS 0x000000070b000000, 0x000000070ae00000| Complete 
|  80|0x000000070b000000, 0x000000070b200000, 0x000000070b200000|100%|HS|  |TAMS 0x000000070b200000, 0x000000070b000000| Complete 
|  81|0x000000070b200000, 0x000000070b400000, 0x000000070b400000|100%|HC|  |TAMS 0x000000070b400000, 0x000000070b200000| Complete 
|  82|0x000000070b400000, 0x000000070b600000, 0x000000070b600000|100%|HC|  |TAMS 0x000000070b600000, 0x000000070b400000| Complete 
|  83|0x000000070b600000, 0x000000070b800000, 0x000000070b800000|100%|HS|  |TAMS 0x000000070b800000, 0x000000070b600000| Complete 
|  84|0x000000070b800000, 0x000000070ba00000, 0x000000070ba00000|100%|HC|  |TAMS 0x000000070ba00000, 0x000000070b800000| Complete 
|  85|0x000000070ba00000, 0x000000070bc00000, 0x000000070bc00000|100%|HC|  |TAMS 0x000000070bc00000, 0x000000070ba00000| Complete 
|  86|0x000000070bc00000, 0x000000070be00000, 0x000000070be00000|100%|HS|  |TAMS 0x000000070be00000, 0x000000070bc00000| Complete 
|  87|0x000000070be00000, 0x000000070c000000, 0x000000070c000000|100%|HC|  |TAMS 0x000000070c000000, 0x000000070be00000| Complete 
|  88|0x000000070c000000, 0x000000070c200000, 0x000000070c200000|100%|HC|  |TAMS 0x000000070c200000, 0x000000070c000000| Complete 
|  89|0x000000070c200000, 0x000000070c400000, 0x000000070c400000|100%|HS|  |TAMS 0x000000070c400000, 0x000000070c200000| Complete 
|  90|0x000000070c400000, 0x000000070c600000, 0x000000070c600000|100%|HC|  |TAMS 0x000000070c600000, 0x000000070c400000| Complete 
|  91|0x000000070c600000, 0x000000070c800000, 0x000000070c800000|100%|HC|  |TAMS 0x000000070c800000, 0x000000070c600000| Complete 
|  92|0x000000070c800000, 0x000000070c876800, 0x000000070ca00000| 23%| O|  |TAMS 0x000000070c800000, 0x000000070c800000| Untracked 
|  93|0x000000070ca00000, 0x000000070cc00000, 0x000000070cc00000|100%|HS|  |TAMS 0x000000070ca00000, 0x000000070ca00000| Complete 
|  94|0x000000070cc00000, 0x000000070ce00000, 0x000000070ce00000|100%|HC|  |TAMS 0x000000070cc00000, 0x000000070cc00000| Complete 
|  95|0x000000070ce00000, 0x000000070d000000, 0x000000070d000000|100%|HC|  |TAMS 0x000000070ce00000, 0x000000070ce00000| Complete 
|  96|0x000000070d000000, 0x000000070d000000, 0x000000070d200000|  0%| F|  |TAMS 0x000000070d000000, 0x000000070d000000| Untracked 
|  97|0x000000070d200000, 0x000000070d200000, 0x000000070d400000|  0%| F|  |TAMS 0x000000070d200000, 0x000000070d200000| Untracked 
|  98|0x000000070d400000, 0x000000070d400000, 0x000000070d600000|  0%| F|  |TAMS 0x000000070d400000, 0x000000070d400000| Untracked 
|  99|0x000000070d600000, 0x000000070d600000, 0x000000070d800000|  0%| F|  |TAMS 0x000000070d600000, 0x000000070d600000| Untracked 
| 100|0x000000070d800000, 0x000000070d800000, 0x000000070da00000|  0%| F|  |TAMS 0x000000070d800000, 0x000000070d800000| Untracked 
| 101|0x000000070da00000, 0x000000070da00000, 0x000000070dc00000|  0%| F|  |TAMS 0x000000070da00000, 0x000000070da00000| Untracked 
| 102|0x000000070dc00000, 0x000000070dc00000, 0x000000070de00000|  0%| F|  |TAMS 0x000000070dc00000, 0x000000070dc00000| Untracked 
| 103|0x000000070de00000, 0x000000070de00000, 0x000000070e000000|  0%| F|  |TAMS 0x000000070de00000, 0x000000070de00000| Untracked 
| 104|0x000000070e000000, 0x000000070e000000, 0x000000070e200000|  0%| F|  |TAMS 0x000000070e000000, 0x000000070e000000| Untracked 
| 105|0x000000070e200000, 0x000000070e200000, 0x000000070e400000|  0%| F|  |TAMS 0x000000070e200000, 0x000000070e200000| Untracked 
| 106|0x000000070e400000, 0x000000070e400000, 0x000000070e600000|  0%| F|  |TAMS 0x000000070e400000, 0x000000070e400000| Untracked 
| 107|0x000000070e600000, 0x000000070e600000, 0x000000070e800000|  0%| F|  |TAMS 0x000000070e600000, 0x000000070e600000| Untracked 
| 108|0x000000070e800000, 0x000000070e800000, 0x000000070ea00000|  0%| F|  |TAMS 0x000000070e800000, 0x000000070e800000| Untracked 
| 109|0x000000070ea00000, 0x000000070ea00000, 0x000000070ec00000|  0%| F|  |TAMS 0x000000070ea00000, 0x000000070ea00000| Untracked 
| 110|0x000000070ec00000, 0x000000070ec00000, 0x000000070ee00000|  0%| F|  |TAMS 0x000000070ec00000, 0x000000070ec00000| Untracked 
| 111|0x000000070ee00000, 0x000000070ee00000, 0x000000070f000000|  0%| F|  |TAMS 0x000000070ee00000, 0x000000070ee00000| Untracked 
| 112|0x000000070f000000, 0x000000070f000000, 0x000000070f200000|  0%| F|  |TAMS 0x000000070f000000, 0x000000070f000000| Untracked 
| 113|0x000000070f200000, 0x000000070f200000, 0x000000070f400000|  0%| F|  |TAMS 0x000000070f200000, 0x000000070f200000| Untracked 
| 114|0x000000070f400000, 0x000000070f400000, 0x000000070f600000|  0%| F|  |TAMS 0x000000070f400000, 0x000000070f400000| Untracked 
| 115|0x000000070f600000, 0x000000070f600000, 0x000000070f800000|  0%| F|  |TAMS 0x000000070f600000, 0x000000070f600000| Untracked 
| 116|0x000000070f800000, 0x000000070f800000, 0x000000070fa00000|  0%| F|  |TAMS 0x000000070f800000, 0x000000070f800000| Untracked 
| 117|0x000000070fa00000, 0x000000070fa00000, 0x000000070fc00000|  0%| F|  |TAMS 0x000000070fa00000, 0x000000070fa00000| Untracked 
| 118|0x000000070fc00000, 0x000000070fc00000, 0x000000070fe00000|  0%| F|  |TAMS 0x000000070fc00000, 0x000000070fc00000| Untracked 
| 119|0x000000070fe00000, 0x000000070fe00000, 0x0000000710000000|  0%| F|  |TAMS 0x000000070fe00000, 0x000000070fe00000| Untracked 
| 120|0x0000000710000000, 0x0000000710000000, 0x0000000710200000|  0%| F|  |TAMS 0x0000000710000000, 0x0000000710000000| Untracked 
| 121|0x0000000710200000, 0x0000000710200000, 0x0000000710400000|  0%| F|  |TAMS 0x0000000710200000, 0x0000000710200000| Untracked 
| 122|0x0000000710400000, 0x0000000710400000, 0x0000000710600000|  0%| F|  |TAMS 0x0000000710400000, 0x0000000710400000| Untracked 
| 123|0x0000000710600000, 0x0000000710600000, 0x0000000710800000|  0%| F|  |TAMS 0x0000000710600000, 0x0000000710600000| Untracked 
| 124|0x0000000710800000, 0x0000000710800000, 0x0000000710a00000|  0%| F|  |TAMS 0x0000000710800000, 0x0000000710800000| Untracked 
| 125|0x0000000710a00000, 0x0000000710a00000, 0x0000000710c00000|  0%| F|  |TAMS 0x0000000710a00000, 0x0000000710a00000| Untracked 
| 126|0x0000000710c00000, 0x0000000710c00000, 0x0000000710e00000|  0%| F|  |TAMS 0x0000000710c00000, 0x0000000710c00000| Untracked 
| 127|0x0000000710e00000, 0x0000000710e00000, 0x0000000711000000|  0%| F|  |TAMS 0x0000000710e00000, 0x0000000710e00000| Untracked 
| 128|0x0000000711000000, 0x0000000711000000, 0x0000000711200000|  0%| F|  |TAMS 0x0000000711000000, 0x0000000711000000| Untracked 
| 129|0x0000000711200000, 0x0000000711200000, 0x0000000711400000|  0%| F|  |TAMS 0x0000000711200000, 0x0000000711200000| Untracked 
| 130|0x0000000711400000, 0x0000000711400000, 0x0000000711600000|  0%| F|  |TAMS 0x0000000711400000, 0x0000000711400000| Untracked 
| 131|0x0000000711600000, 0x0000000711600000, 0x0000000711800000|  0%| F|  |TAMS 0x0000000711600000, 0x0000000711600000| Untracked 
| 132|0x0000000711800000, 0x0000000711800000, 0x0000000711a00000|  0%| F|  |TAMS 0x0000000711800000, 0x0000000711800000| Untracked 
| 133|0x0000000711a00000, 0x0000000711a00000, 0x0000000711c00000|  0%| F|  |TAMS 0x0000000711a00000, 0x0000000711a00000| Untracked 
| 134|0x0000000711c00000, 0x0000000711c00000, 0x0000000711e00000|  0%| F|  |TAMS 0x0000000711c00000, 0x0000000711c00000| Untracked 
| 135|0x0000000711e00000, 0x0000000711e00000, 0x0000000712000000|  0%| F|  |TAMS 0x0000000711e00000, 0x0000000711e00000| Untracked 
| 136|0x0000000712000000, 0x0000000712000000, 0x0000000712200000|  0%| F|  |TAMS 0x0000000712000000, 0x0000000712000000| Untracked 
| 137|0x0000000712200000, 0x0000000712200000, 0x0000000712400000|  0%| F|  |TAMS 0x0000000712200000, 0x0000000712200000| Untracked 
| 138|0x0000000712400000, 0x0000000712400000, 0x0000000712600000|  0%| F|  |TAMS 0x0000000712400000, 0x0000000712400000| Untracked 
| 139|0x0000000712600000, 0x0000000712600000, 0x0000000712800000|  0%| F|  |TAMS 0x0000000712600000, 0x0000000712600000| Untracked 
| 140|0x0000000712800000, 0x0000000712800000, 0x0000000712a00000|  0%| F|  |TAMS 0x0000000712800000, 0x0000000712800000| Untracked 
| 141|0x0000000712a00000, 0x0000000712a00000, 0x0000000712c00000|  0%| F|  |TAMS 0x0000000712a00000, 0x0000000712a00000| Untracked 
| 142|0x0000000712c00000, 0x0000000712c00000, 0x0000000712e00000|  0%| F|  |TAMS 0x0000000712c00000, 0x0000000712c00000| Untracked 
| 143|0x0000000712e00000, 0x0000000712e00000, 0x0000000713000000|  0%| F|  |TAMS 0x0000000712e00000, 0x0000000712e00000| Untracked 
| 144|0x0000000713000000, 0x0000000713000000, 0x0000000713200000|  0%| F|  |TAMS 0x0000000713000000, 0x0000000713000000| Untracked 
| 145|0x0000000713200000, 0x0000000713200000, 0x0000000713400000|  0%| F|  |TAMS 0x0000000713200000, 0x0000000713200000| Untracked 
| 146|0x0000000713400000, 0x0000000713400000, 0x0000000713600000|  0%| F|  |TAMS 0x0000000713400000, 0x0000000713400000| Untracked 
| 147|0x0000000713600000, 0x0000000713600000, 0x0000000713800000|  0%| F|  |TAMS 0x0000000713600000, 0x0000000713600000| Untracked 
| 148|0x0000000713800000, 0x0000000713800000, 0x0000000713a00000|  0%| F|  |TAMS 0x0000000713800000, 0x0000000713800000| Untracked 
| 149|0x0000000713a00000, 0x0000000713a00000, 0x0000000713c00000|  0%| F|  |TAMS 0x0000000713a00000, 0x0000000713a00000| Untracked 
| 150|0x0000000713c00000, 0x0000000713c00000, 0x0000000713e00000|  0%| F|  |TAMS 0x0000000713c00000, 0x0000000713c00000| Untracked 
| 151|0x0000000713e00000, 0x0000000713e00000, 0x0000000714000000|  0%| F|  |TAMS 0x0000000713e00000, 0x0000000713e00000| Untracked 
| 152|0x0000000714000000, 0x0000000714109b00, 0x0000000714200000| 51%| S|CS|TAMS 0x0000000714000000, 0x0000000714000000| Complete 
| 153|0x0000000714200000, 0x0000000714200000, 0x0000000714400000|  0%| F|  |TAMS 0x0000000714200000, 0x0000000714200000| Untracked 
| 154|0x0000000714400000, 0x0000000714400000, 0x0000000714600000|  0%| F|  |TAMS 0x0000000714400000, 0x0000000714400000| Untracked 
| 155|0x0000000714600000, 0x0000000714600000, 0x0000000714800000|  0%| F|  |TAMS 0x0000000714600000, 0x0000000714600000| Untracked 
| 156|0x0000000714800000, 0x0000000714800000, 0x0000000714a00000|  0%| F|  |TAMS 0x0000000714800000, 0x0000000714800000| Untracked 
| 157|0x0000000714a00000, 0x0000000714c00000, 0x0000000714c00000|100%| S|CS|TAMS 0x0000000714a00000, 0x0000000714a00000| Complete 
| 158|0x0000000714c00000, 0x0000000714e00000, 0x0000000714e00000|100%| S|CS|TAMS 0x0000000714c00000, 0x0000000714c00000| Complete 
| 159|0x0000000714e00000, 0x0000000715000000, 0x0000000715000000|100%| S|CS|TAMS 0x0000000714e00000, 0x0000000714e00000| Complete 
| 160|0x0000000715000000, 0x0000000715000000, 0x0000000715200000|  0%| F|  |TAMS 0x0000000715000000, 0x0000000715000000| Untracked 
| 161|0x0000000715200000, 0x0000000715200000, 0x0000000715400000|  0%| F|  |TAMS 0x0000000715200000, 0x0000000715200000| Untracked 
| 162|0x0000000715400000, 0x0000000715600000, 0x0000000715600000|100%| E|CS|TAMS 0x0000000715400000, 0x0000000715400000| Complete 
| 163|0x0000000715600000, 0x0000000715800000, 0x0000000715800000|100%| E|CS|TAMS 0x0000000715600000, 0x0000000715600000| Complete 
| 164|0x0000000715800000, 0x0000000715800000, 0x0000000715a00000|  0%| F|  |TAMS 0x0000000715800000, 0x0000000715800000| Untracked 
| 165|0x0000000715a00000, 0x0000000715a00000, 0x0000000715c00000|  0%| F|  |TAMS 0x0000000715a00000, 0x0000000715a00000| Untracked 
| 166|0x0000000715c00000, 0x0000000715e00000, 0x0000000715e00000|100%| E|  |TAMS 0x0000000715c00000, 0x0000000715c00000| Complete 
| 167|0x0000000715e00000, 0x0000000716000000, 0x0000000716000000|100%| E|CS|TAMS 0x0000000715e00000, 0x0000000715e00000| Complete 
| 168|0x0000000716000000, 0x0000000716200000, 0x0000000716200000|100%| E|CS|TAMS 0x0000000716000000, 0x0000000716000000| Complete 
| 169|0x0000000716200000, 0x0000000716400000, 0x0000000716400000|100%| E|CS|TAMS 0x0000000716200000, 0x0000000716200000| Complete 

Card table byte_map: [0x00000211c7600000,0x00000211c7e00000] _byte_map_base: 0x00000211c3df8000

Marking Bits (Prev, Next): (CMBitMap*) 0x00000211afe76420, (CMBitMap*) 0x00000211afe763e0
 Prev Bits: [0x00000211cc5c0000, 0x00000211d0580000)
 Next Bits: [0x00000211c8600000, 0x00000211cc5c0000)

Polling page: 0x00000211af5f0000

Metaspace:

Usage:
  Non-class:     27.46 MB used.
      Class:      5.20 MB used.
       Both:     32.66 MB used.

Virtual space:
  Non-class space:       32.00 MB reserved,      27.63 MB ( 86%) committed,  4 nodes.
      Class space:        1.00 GB reserved,       5.31 MB ( <1%) committed,  1 nodes.
              Both:        1.03 GB reserved,      32.94 MB (  3%) committed. 

Chunk freelists:
   Non-Class:  96.00 KB
       Class:  2.56 MB
        Both:  2.66 MB

MaxMetaspaceSize: 17179869184.00 GB
CompressedClassSpaceSize: 1.00 GB
 - commit_granule_bytes: 65536.
 - commit_granule_words: 8192.
 - virtual_space_node_default_size: 1048576.
 - enlarge_chunks_in_place: 1.
 - new_chunks_are_fully_committed: 0.
 - uncommit_free_chunks: 1.
 - use_allocation_guard: 0.
 - handle_deallocations: 1.


Internal statistics:

num_allocs_failed_limit: 0.
num_arena_births: 304.
num_arena_deaths: 0.
num_vsnodes_births: 5.
num_vsnodes_deaths: 0.
num_space_committed: 527.
num_space_uncommitted: 0.
num_chunks_returned_to_freelist: 0.
num_chunks_taken_from_freelist: 1509.
num_chunk_merges: 0.
num_chunk_splits: 1101.
num_chunks_enlarged: 929.
num_purges: 0.

CodeHeap 'non-profiled nmethods': size=119168Kb used=3068Kb max_used=3299Kb free=116099Kb
 bounds [0x00000211bf120000, 0x00000211bf460000, 0x00000211c6580000]
CodeHeap 'profiled nmethods': size=119104Kb used=9435Kb max_used=10719Kb free=109668Kb
 bounds [0x00000211b7cd0000, 0x00000211b8750000, 0x00000211bf120000]
CodeHeap 'non-nmethods': size=7488Kb used=3174Kb max_used=3233Kb free=4313Kb
 bounds [0x00000211b7580000, 0x00000211b78c0000, 0x00000211b7cd0000]
 total_blobs=5507 nmethods=4653 adapters=763
 compilation: enabled
              stopped_count=0, restarted_count=0
 full_count=0

Compilation events (20 events):
Event: 5.952 Thread 0x00000211d41411b0 nmethod 5079 0x00000211b8743190 code [0x00000211b8743360, 0x00000211b8743638]
Event: 5.952 Thread 0x00000211d4140c50 nmethod 5081 0x00000211b8743710 code [0x00000211b87438c0, 0x00000211b8743a08]
Event: 5.952 Thread 0x00000211d41411b0 5083       3       java.util.EnumMap$Values::iterator (12 bytes)
Event: 5.952 Thread 0x00000211d4140c50 5084       3       java.util.EnumMap$ValueIterator::<init> (11 bytes)
Event: 5.953 Thread 0x00000211df643bb0 nmethod 5082 0x00000211b8743b10 code [0x00000211b8743cc0, 0x00000211b8744058]
Event: 5.953 Thread 0x00000211d40195f0 nmethod 5080 0x00000211b8744190 code [0x00000211b8744360, 0x00000211b8744718]
Event: 5.953 Thread 0x00000211df643bb0 5085       3       java.util.EnumMap$EnumMapIterator::<init> (20 bytes)
Event: 5.953 Thread 0x00000211d4140c50 nmethod 5084 0x00000211b8744910 code [0x00000211b8744ac0, 0x00000211b8744d58]
Event: 5.953 Thread 0x00000211df643bb0 nmethod 5085 0x00000211b8744e90 code [0x00000211b8745040, 0x00000211b8745218]
Event: 5.953 Thread 0x00000211d41411b0 nmethod 5083 0x00000211b8745310 code [0x00000211b87454c0, 0x00000211b8745818]
Event: 5.955 Thread 0x00000211df643bb0 5087       3       com.sun.javafx.geom.DirtyRegionContainer::getDirtyRegion (7 bytes)
Event: 5.956 Thread 0x00000211df643bb0 nmethod 5087 0x00000211b8745910 code [0x00000211b8745aa0, 0x00000211b8745bd8]
Event: 5.957 Thread 0x00000211df643bb0 5088   !   3       java.nio.DirectFloatBufferU::get (34 bytes)
Event: 5.957 Thread 0x00000211d4140c50 5089   !   3       jdk.internal.misc.ScopedMemoryAccess::getFloat (20 bytes)
Event: 5.957 Thread 0x00000211d41411b0 5090   !   3       jdk.internal.misc.ScopedMemoryAccess::getFloatInternal (36 bytes)
Event: 5.957 Thread 0x00000211d41411b0 nmethod 5090 0x00000211b8745c90 code [0x00000211b8745e60, 0x00000211b8746188]
Event: 5.957 Thread 0x00000211d4140c50 nmethod 5089 0x00000211b8746390 code [0x00000211b8746580, 0x00000211b8746af8]
Event: 5.957 Thread 0x00000211df643bb0 nmethod 5088 0x00000211b8746d90 code [0x00000211b8746fe0, 0x00000211b87479d8]
Event: 5.964 Thread 0x00000211d4015c80 nmethod 5076 0x00000211bf456710 code [0x00000211bf4569c0, 0x00000211bf457c68]
Event: 5.964 Thread 0x00000211d4015c80 5086   !   4       javafx.scene.CssStyleHelper::transitionToState (1021 bytes)

GC Heap History (20 events):
Event: 1.490 GC heap before
{Heap before GC invocations=5 (full 0):
 garbage-first heap   total 262144K, used 128728K [0x0000000701000000, 0x0000000800000000)
  region size 2048K, 4 young (8192K), 3 survivors (6144K)
 Metaspace       used 14160K, committed 14400K, reserved 1064960K
  class space    used 2188K, committed 2304K, reserved 1048576K
}
Event: 1.492 GC heap after
{Heap after GC invocations=6 (full 0):
 garbage-first heap   total 262144K, used 126840K [0x0000000701000000, 0x0000000800000000)
  region size 2048K, 3 young (6144K), 3 survivors (6144K)
 Metaspace       used 14160K, committed 14400K, reserved 1064960K
  class space    used 2188K, committed 2304K, reserved 1048576K
}
Event: 1.854 GC heap before
{Heap before GC invocations=7 (full 0):
 garbage-first heap   total 262144K, used 196472K [0x0000000701000000, 0x0000000800000000)
  region size 2048K, 37 young (75776K), 3 survivors (6144K)
 Metaspace       used 16712K, committed 16896K, reserved 1064960K
  class space    used 2519K, committed 2624K, reserved 1048576K
}
Event: 1.869 GC heap after
{Heap after GC invocations=8 (full 0):
 garbage-first heap   total 262144K, used 145412K [0x0000000701000000, 0x0000000800000000)
  region size 2048K, 5 young (10240K), 5 survivors (10240K)
 Metaspace       used 16712K, committed 16896K, reserved 1064960K
  class space    used 2519K, committed 2624K, reserved 1048576K
}
Event: 2.183 GC heap before
{Heap before GC invocations=8 (full 0):
 garbage-first heap   total 262144K, used 163844K [0x0000000701000000, 0x0000000800000000)
  region size 2048K, 15 young (30720K), 5 survivors (10240K)
 Metaspace       used 21311K, committed 21504K, reserved 1073152K
  class space    used 3184K, committed 3264K, reserved 1048576K
}
Event: 2.190 GC heap after
{Heap after GC invocations=9 (full 0):
 garbage-first heap   total 325632K, used 144670K [0x0000000701000000, 0x0000000800000000)
  region size 2048K, 1 young (2048K), 1 survivors (2048K)
 Metaspace       used 21311K, committed 21504K, reserved 1073152K
  class space    used 3184K, committed 3264K, reserved 1048576K
}
Event: 2.206 GC heap before
{Heap before GC invocations=9 (full 0):
 garbage-first heap   total 325632K, used 150814K [0x0000000701000000, 0x0000000800000000)
  region size 2048K, 2 young (4096K), 1 survivors (2048K)
 Metaspace       used 21434K, committed 21632K, reserved 1073152K
  class space    used 3219K, committed 3328K, reserved 1048576K
}
Event: 2.208 GC heap after
{Heap after GC invocations=10 (full 0):
 garbage-first heap   total 325632K, used 150388K [0x0000000701000000, 0x0000000800000000)
  region size 2048K, 1 young (2048K), 1 survivors (2048K)
 Metaspace       used 21434K, committed 21632K, reserved 1073152K
  class space    used 3219K, committed 3328K, reserved 1048576K
}
Event: 2.284 GC heap before
{Heap before GC invocations=11 (full 0):
 garbage-first heap   total 325632K, used 166772K [0x0000000701000000, 0x0000000800000000)
  region size 2048K, 4 young (8192K), 1 survivors (2048K)
 Metaspace       used 22363K, committed 22592K, reserved 1073152K
  class space    used 3419K, committed 3520K, reserved 1048576K
}
Event: 2.286 GC heap after
{Heap after GC invocations=12 (full 0):
 garbage-first heap   total 325632K, used 163148K [0x0000000701000000, 0x0000000800000000)
  region size 2048K, 1 young (2048K), 1 survivors (2048K)
 Metaspace       used 22363K, committed 22592K, reserved 1073152K
  class space    used 3419K, committed 3520K, reserved 1048576K
}
Event: 2.316 GC heap before
{Heap before GC invocations=13 (full 0):
 garbage-first heap   total 325632K, used 177484K [0x0000000701000000, 0x0000000800000000)
  region size 2048K, 3 young (6144K), 1 survivors (2048K)
 Metaspace       used 22382K, committed 22592K, reserved 1073152K
  class space    used 3421K, committed 3520K, reserved 1048576K
}
Event: 2.317 GC heap after
{Heap after GC invocations=14 (full 0):
 garbage-first heap   total 325632K, used 175525K [0x0000000701000000, 0x0000000800000000)
  region size 2048K, 2 young (4096K), 2 survivors (4096K)
 Metaspace       used 22382K, committed 22592K, reserved 1073152K
  class space    used 3421K, committed 3520K, reserved 1048576K
}
Event: 2.390 GC heap before
{Heap before GC invocations=15 (full 0):
 garbage-first heap   total 325632K, used 187813K [0x0000000701000000, 0x0000000800000000)
  region size 2048K, 6 young (12288K), 2 survivors (4096K)
 Metaspace       used 23363K, committed 23552K, reserved 1073152K
  class space    used 3640K, committed 3712K, reserved 1048576K
}
Event: 2.392 GC heap after
{Heap after GC invocations=16 (full 0):
 garbage-first heap   total 325632K, used 182114K [0x0000000701000000, 0x0000000800000000)
  region size 2048K, 2 young (4096K), 2 survivors (4096K)
 Metaspace       used 23363K, committed 23552K, reserved 1073152K
  class space    used 3640K, committed 3712K, reserved 1048576K
}
Event: 2.884 GC heap before
{Heap before GC invocations=17 (full 0):
 garbage-first heap   total 325632K, used 214882K [0x0000000701000000, 0x0000000800000000)
  region size 2048K, 16 young (32768K), 2 survivors (4096K)
 Metaspace       used 29695K, committed 30016K, reserved 1081344K
  class space    used 4871K, committed 5056K, reserved 1048576K
}
Event: 2.889 GC heap after
{Heap after GC invocations=18 (full 0):
 garbage-first heap   total 325632K, used 191247K [0x0000000701000000, 0x0000000800000000)
  region size 2048K, 3 young (6144K), 3 survivors (6144K)
 Metaspace       used 29695K, committed 30016K, reserved 1081344K
  class space    used 4871K, committed 5056K, reserved 1048576K
}
Event: 3.090 GC heap before
{Heap before GC invocations=19 (full 0):
 garbage-first heap   total 335872K, used 209679K [0x0000000701000000, 0x0000000800000000)
  region size 2048K, 10 young (20480K), 3 survivors (6144K)
 Metaspace       used 31788K, committed 32064K, reserved 1081344K
  class space    used 5189K, committed 5312K, reserved 1048576K
}
Event: 3.093 GC heap after
{Heap after GC invocations=20 (full 0):
 garbage-first heap   total 335872K, used 192666K [0x0000000701000000, 0x0000000800000000)
  region size 2048K, 4 young (8192K), 4 survivors (8192K)
 Metaspace       used 31788K, committed 32064K, reserved 1081344K
  class space    used 5189K, committed 5312K, reserved 1048576K
}
Event: 4.351 GC heap before
{Heap before GC invocations=21 (full 0):
 garbage-first heap   total 335872K, used 200858K [0x0000000701000000, 0x0000000800000000)
  region size 2048K, 8 young (16384K), 4 survivors (8192K)
 Metaspace       used 32623K, committed 32896K, reserved 1081344K
  class space    used 5242K, committed 5376K, reserved 1048576K
}
Event: 4.354 GC heap after
{Heap after GC invocations=22 (full 0):
 garbage-first heap   total 335872K, used 196096K [0x0000000701000000, 0x0000000800000000)
  region size 2048K, 4 young (8192K), 4 survivors (8192K)
 Metaspace       used 32623K, committed 32896K, reserved 1081344K
  class space    used 5242K, committed 5376K, reserved 1048576K
}

Deoptimization events (20 events):
Event: 5.620 Thread 0x00000211d49806f0 Uncommon trap: trap_request=0xffffff45 fr.pc=0x00000211bf3e8f2c relative=0x000000000000008c
Event: 5.620 Thread 0x00000211d49806f0 Uncommon trap: reason=unstable_if action=reinterpret pc=0x00000211bf3e8f2c method=java.lang.Math.round(F)I @ 36 c2
Event: 5.620 Thread 0x00000211d49806f0 DEOPT PACKING pc=0x00000211bf3e8f2c sp=0x000000a2da9fc700
Event: 5.620 Thread 0x00000211d49806f0 DEOPT UNPACKING pc=0x00000211b75cd72e sp=0x000000a2da9fc678 mode 2
Event: 5.939 Thread 0x00000211d539ca60 Uncommon trap: trap_request=0xffffffbe fr.pc=0x00000211bf44747c relative=0x000000000000675c
Event: 5.939 Thread 0x00000211d539ca60 Uncommon trap: reason=profile_predicate action=maybe_recompile pc=0x00000211bf44747c method=javafx.scene.CssStyleHelper.transitionToState(Ljavafx/scene/Node;)V @ 286 c2
Event: 5.939 Thread 0x00000211d539ca60 DEOPT PACKING pc=0x00000211bf44747c sp=0x000000a2db1fe290
Event: 5.939 Thread 0x00000211d539ca60 DEOPT UNPACKING pc=0x00000211b75cd72e sp=0x000000a2db1fe218 mode 2
Event: 5.939 Thread 0x00000211d539ca60 Uncommon trap: trap_request=0xffffffbe fr.pc=0x00000211bf44747c relative=0x000000000000675c
Event: 5.939 Thread 0x00000211d539ca60 Uncommon trap: reason=profile_predicate action=maybe_recompile pc=0x00000211bf44747c method=javafx.scene.CssStyleHelper.transitionToState(Ljavafx/scene/Node;)V @ 286 c2
Event: 5.939 Thread 0x00000211d539ca60 DEOPT PACKING pc=0x00000211bf44747c sp=0x000000a2db1fe1d0
Event: 5.939 Thread 0x00000211d539ca60 DEOPT UNPACKING pc=0x00000211b75cd72e sp=0x000000a2db1fe158 mode 2
Event: 5.939 Thread 0x00000211d539ca60 Uncommon trap: trap_request=0xffffffbe fr.pc=0x00000211bf44747c relative=0x000000000000675c
Event: 5.939 Thread 0x00000211d539ca60 Uncommon trap: reason=profile_predicate action=maybe_recompile pc=0x00000211bf44747c method=javafx.scene.CssStyleHelper.transitionToState(Ljavafx/scene/Node;)V @ 286 c2
Event: 5.939 Thread 0x00000211d539ca60 DEOPT PACKING pc=0x00000211bf44747c sp=0x000000a2db1fe1f0
Event: 5.939 Thread 0x00000211d539ca60 DEOPT UNPACKING pc=0x00000211b75cd72e sp=0x000000a2db1fe178 mode 2
Event: 5.939 Thread 0x00000211d539ca60 Uncommon trap: trap_request=0xffffffbe fr.pc=0x00000211bf44747c relative=0x000000000000675c
Event: 5.939 Thread 0x00000211d539ca60 Uncommon trap: reason=profile_predicate action=maybe_recompile pc=0x00000211bf44747c method=javafx.scene.CssStyleHelper.transitionToState(Ljavafx/scene/Node;)V @ 286 c2
Event: 5.939 Thread 0x00000211d539ca60 DEOPT PACKING pc=0x00000211bf44747c sp=0x000000a2db1fe040
Event: 5.939 Thread 0x00000211d539ca60 DEOPT UNPACKING pc=0x00000211b75cd72e sp=0x000000a2db1fdfc8 mode 2

Classes unloaded (0 events):
No events

Classes redefined (0 events):
No events

Internal exceptions (20 events):
Event: 2.545 Thread 0x00000211d539ca60 Exception <a 'java/lang/NoSuchMethodError'{0x000000071448e330}: 'java.lang.Object java.lang.invoke.DirectMethodHandle$Holder.invokeInterface(java.lang.Object, java.lang.Object, int)'> (0x000000071448e330) 
thrown [t:\workspace\open\src\hotspot\share\interpreter\linkResolver.cpp, line 790]
Event: 2.567 Thread 0x00000211d539ca60 Exception <a 'java/lang/NoSuchMethodError'{0x00000007145f26e0}: 'void java.lang.invoke.DirectMethodHandle$Holder.invokeStaticInit(java.lang.Object, java.lang.Object, java.lang.Object)'> (0x00000007145f26e0) 
thrown [t:\workspace\open\src\hotspot\share\interpreter\linkResolver.cpp, line 790]
Event: 2.571 Thread 0x00000211d539ca60 Exception <a 'java/lang/NoSuchMethodError'{0x000000071425e310}: 'int java.lang.invoke.DirectMethodHandle$Holder.invokeSpecialIFC(java.lang.Object, java.lang.Object, java.lang.Object, java.lang.Object)'> (0x000000071425e310) 
thrown [t:\workspace\open\src\hotspot\share\interpreter\linkResolver.cpp, line 790]
Event: 2.576 Thread 0x00000211d539ca60 Exception <a 'java/lang/NoSuchMethodError'{0x00000007142e9e68}: 'void java.lang.invoke.DirectMethodHandle$Holder.invokeVirtual(java.lang.Object, java.lang.Object, java.lang.Object, java.lang.Object)'> (0x00000007142e9e68) 
thrown [t:\workspace\open\src\hotspot\share\interpreter\linkResolver.cpp, line 790]
Event: 2.588 Thread 0x00000211d539ca60 Exception <a 'java/lang/NoSuchMethodError'{0x00000007143d1570}: 'void java.lang.invoke.DirectMethodHandle$Holder.invokeSpecial(java.lang.Object, java.lang.Object, double)'> (0x00000007143d1570) 
thrown [t:\workspace\open\src\hotspot\share\interpreter\linkResolver.cpp, line 790]
Event: 2.589 Thread 0x00000211d539ca60 Exception <a 'java/lang/NoSuchMethodError'{0x00000007143e00b8}: 'double java.lang.invoke.DirectMethodHandle$Holder.invokeVirtual(java.lang.Object, java.lang.Object)'> (0x00000007143e00b8) 
thrown [t:\workspace\open\src\hotspot\share\interpreter\linkResolver.cpp, line 790]
Event: 2.591 Thread 0x00000211d539ca60 Exception <a 'java/lang/NoSuchMethodError'{0x0000000713c15868}: 'java.lang.Object java.lang.invoke.DirectMethodHandle$Holder.invokeSpecialIFC(java.lang.Object, java.lang.Object, java.lang.Object, java.lang.Object)'> (0x0000000713c15868) 
thrown [t:\workspace\open\src\hotspot\share\interpreter\linkResolver.cpp, line 790]
Event: 2.593 Thread 0x00000211d539ca60 Exception <a 'java/lang/NoSuchMethodError'{0x0000000713c35358}: 'java.lang.Object java.lang.invoke.DirectMethodHandle$Holder.newInvokeSpecial(java.lang.Object, java.lang.Object, java.lang.Object, java.lang.Object, java.lang.Object, java.lang.Object, java.lang.Object)'> (0x0000000713c35358) 
thrown [t:\workspace\open\src\hotspot\share\interpreter\linkResolver.cpp, line 790]
Event: 2.593 Thread 0x00000211d539ca60 Exception <a 'java/lang/NoSuchMethodError'{0x0000000713c39e68}: 'java.lang.Object java.lang.invoke.Invokers$Holder.linkToTargetMethod(java.lang.Object, java.lang.Object, java.lang.Object, java.lang.Object, java.lang.Object, java.lang.Object, java.lang.Object)'> (0x0000000713c39e68) 
thrown [t:\workspace\open\src\hotspot\share\interpreter\linkResolver.cpp, line 790]
Event: 2.880 Thread 0x00000211d539ca60 Exception <a 'java/lang/NoSuchMethodError'{0x0000000712e4b938}: 'java.lang.Object java.lang.invoke.DirectMethodHandle$Holder.newInvokeSpecial(java.lang.Object, java.lang.Object, int)'> (0x0000000712e4b938) 
thrown [t:\workspace\open\src\hotspot\share\interpreter\linkResolver.cpp, line 790]
Event: 3.062 Thread 0x00000211d49806f0 Exception <a 'java/lang/NoSuchMethodError'{0x0000000714f2a1c8}: 'java.lang.Object java.lang.invoke.DirectMethodHandle$Holder.invokeStaticInit(java.lang.Object, int)'> (0x0000000714f2a1c8) 
thrown [t:\workspace\open\src\hotspot\share\interpreter\linkResolver.cpp, line 790]
Event: 3.732 Thread 0x00000211d539ca60 Exception <a 'java/lang/NoSuchMethodError'{0x0000000715711ee8}: 'long java.lang.invoke.DirectMethodHandle$Holder.invokeStatic(java.lang.Object, java.lang.Object, java.lang.Object)'> (0x0000000715711ee8) 
thrown [t:\workspace\open\src\hotspot\share\interpreter\linkResolver.cpp, line 790]
Event: 3.732 Thread 0x00000211d539ca60 Exception <a 'java/lang/NoSuchMethodError'{0x0000000715715880}: 'long java.lang.invoke.DirectMethodHandle$Holder.invokeStaticInit(java.lang.Object, java.lang.Object, java.lang.Object)'> (0x0000000715715880) 
thrown [t:\workspace\open\src\hotspot\share\interpreter\linkResolver.cpp, line 790]
Event: 3.734 Thread 0x00000211d539ca60 Exception <a 'java/lang/NoSuchMethodError'{0x000000071572d768}: 'java.lang.Object java.lang.invoke.DirectMethodHandle$Holder.newInvokeSpecial(java.lang.Object, java.lang.Object, long)'> (0x000000071572d768) 
thrown [t:\workspace\open\src\hotspot\share\interpreter\linkResolver.cpp, line 790]
Event: 3.734 Thread 0x00000211d539ca60 Exception <a 'java/lang/NoSuchMethodError'{0x00000007157314c0}: 'java.lang.Object java.lang.invoke.Invokers$Holder.linkToTargetMethod(java.lang.Object, long, java.lang.Object)'> (0x00000007157314c0) 
thrown [t:\workspace\open\src\hotspot\share\interpreter\linkResolver.cpp, line 790]
Event: 4.221 Thread 0x00000211d539ca60 Exception <a 'java/lang/NoSuchMethodError'{0x00000007153a17e0}: 'void java.lang.invoke.DirectMethodHandle$Holder.invokeInterface(java.lang.Object, java.lang.Object)'> (0x00000007153a17e0) 
thrown [t:\workspace\open\src\hotspot\share\interpreter\linkResolver.cpp, line 790]
Event: 4.979 Thread 0x00000211d539ca60 Implicit null exception at 0x00000211bf3fb13d to 0x00000211bf3fcef0
Event: 5.054 Thread 0x00000211d539ca60 Exception <a 'java/lang/NoSuchMethodError'{0x00000007162c24f8}: 'java.lang.Object java.lang.invoke.DirectMethodHandle$Holder.newInvokeSpecial(java.lang.Object, java.lang.Object, java.lang.Object, int, int, int, int, int)'> (0x00000007162c24f8) 
thrown [t:\workspace\open\src\hotspot\share\interpreter\linkResolver.cpp, line 790]
Event: 5.063 Thread 0x00000211d539ca60 Implicit null exception at 0x00000211bf3ff76c to 0x00000211bf3ff7b4
Event: 5.080 Thread 0x00000211d539ca60 Implicit null exception at 0x00000211bf3302fa to 0x00000211bf330e5c

Events (20 events):
Event: 5.968 Thread 0x00000211d402e330 flushing nmethod 0x00000211b811c890
Event: 5.968 Thread 0x00000211d402e330 flushing nmethod 0x00000211b8120690
Event: 5.968 Thread 0x00000211d402e330 flushing nmethod 0x00000211b8122390
Event: 5.968 Thread 0x00000211d402e330 flushing nmethod 0x00000211b8123010
Event: 5.968 Thread 0x00000211d402e330 flushing nmethod 0x00000211b8123710
Event: 5.968 Thread 0x00000211d402e330 flushing nmethod 0x00000211b8124d10
Event: 5.968 Thread 0x00000211d402e330 flushing nmethod 0x00000211b8133010
Event: 5.968 Thread 0x00000211d402e330 flushing nmethod 0x00000211b8133e90
Event: 5.968 Thread 0x00000211d402e330 flushing nmethod 0x00000211b8137410
Event: 5.968 Thread 0x00000211d402e330 flushing nmethod 0x00000211b8139010
Event: 5.968 Thread 0x00000211d402e330 flushing nmethod 0x00000211b8139810
Event: 5.968 Thread 0x00000211d402e330 flushing nmethod 0x00000211b813bd90
Event: 5.968 Thread 0x00000211d402e330 flushing nmethod 0x00000211b8144c90
Event: 5.969 Thread 0x00000211d402e330 flushing nmethod 0x00000211b816e990
Event: 5.969 Thread 0x00000211d402e330 flushing nmethod 0x00000211b8177f10
Event: 5.969 Thread 0x00000211d402e330 flushing nmethod 0x00000211b817f610
Event: 5.969 Thread 0x00000211d402e330 flushing nmethod 0x00000211b81a0c90
Event: 5.969 Thread 0x00000211d402e330 flushing nmethod 0x00000211b81b7190
Event: 6.143 loading class java/util/regex/Pattern$SliceI
Event: 6.143 loading class java/util/regex/Pattern$SliceI done


Dynamic libraries:
0x00007ff61c0d0000 - 0x00007ff61c0de000 	C:\Users\gaeqs\.jdks\openjdk-16.0.1\bin\java.exe
0x00007ff9cbf70000 - 0x00007ff9cc15d000 	C:\Windows\SYSTEM32\ntdll.dll
0x00007ff9cba40000 - 0x00007ff9cbaf3000 	C:\Windows\System32\KERNEL32.DLL
0x00007ff9c8200000 - 0x00007ff9c8495000 	C:\Windows\System32\KERNELBASE.dll
0x00007ff9c9070000 - 0x00007ff9c916a000 	C:\Windows\System32\ucrtbase.dll
0x00007ff9b7450000 - 0x00007ff9b7469000 	C:\Users\gaeqs\.jdks\openjdk-16.0.1\bin\VCRUNTIME140.dll
0x00007ff9bf430000 - 0x00007ff9bf448000 	C:\Users\gaeqs\.jdks\openjdk-16.0.1\bin\jli.dll
0x00007ff9cbda0000 - 0x00007ff9cbf38000 	C:\Windows\System32\USER32.dll
0x00007ff9c81c0000 - 0x00007ff9c81e0000 	C:\Windows\System32\win32u.dll
0x00007ff9b4310000 - 0x00007ff9b4589000 	C:\Windows\WinSxS\amd64_microsoft.windows.common-controls_6595b64144ccf1df_6.0.17763.2061_none_de73cf545348ec45\COMCTL32.dll
0x00007ff9cbca0000 - 0x00007ff9cbcc9000 	C:\Windows\System32\GDI32.dll
0x00007ff9cbcd0000 - 0x00007ff9cbd6e000 	C:\Windows\System32\msvcrt.dll
0x00007ff9c8020000 - 0x00007ff9c81bc000 	C:\Windows\System32\gdi32full.dll
0x00007ff9c9410000 - 0x00007ff9c973d000 	C:\Windows\System32\combase.dll
0x00007ff9c84a0000 - 0x00007ff9c8540000 	C:\Windows\System32\msvcp_win.dll
0x00007ff9ca290000 - 0x00007ff9ca3af000 	C:\Windows\System32\RPCRT4.dll
0x00007ff9c8e80000 - 0x00007ff9c8f02000 	C:\Windows\System32\bcryptPrimitives.dll
0x00007ff9cbd70000 - 0x00007ff9cbd9e000 	C:\Windows\System32\IMM32.DLL
0x00007ff9b8d20000 - 0x00007ff9b8d2c000 	C:\Users\gaeqs\.jdks\openjdk-16.0.1\bin\vcruntime140_1.dll
0x00007ff9b73b0000 - 0x00007ff9b7441000 	C:\Users\gaeqs\.jdks\openjdk-16.0.1\bin\msvcp140.dll
0x00007ff9713a0000 - 0x00007ff971f4b000 	C:\Users\gaeqs\.jdks\openjdk-16.0.1\bin\server\jvm.dll
0x00007ff9c9870000 - 0x00007ff9c9914000 	C:\Windows\System32\ADVAPI32.dll
0x00007ff9c9920000 - 0x00007ff9c99be000 	C:\Windows\System32\sechost.dll
0x00007ff9c9aa0000 - 0x00007ff9c9aa8000 	C:\Windows\System32\PSAPI.DLL
0x00007ff9c4930000 - 0x00007ff9c4939000 	C:\Windows\SYSTEM32\WSOCK32.dll
0x00007ff9c5ff0000 - 0x00007ff9c6014000 	C:\Windows\SYSTEM32\WINMM.dll
0x00007ff9cbc30000 - 0x00007ff9cbc9d000 	C:\Windows\System32\WS2_32.dll
0x00007ff9c2ae0000 - 0x00007ff9c2aea000 	C:\Windows\SYSTEM32\VERSION.dll
0x00007ff9c5fc0000 - 0x00007ff9c5fed000 	C:\Windows\SYSTEM32\WINMMBASE.dll
0x00007ff9c8f70000 - 0x00007ff9c8fba000 	C:\Windows\System32\cfgmgr32.dll
0x00007ff9c7f50000 - 0x00007ff9c7f61000 	C:\Windows\System32\kernel.appcore.dll
0x00007ff9b86b0000 - 0x00007ff9b86ba000 	C:\Users\gaeqs\.jdks\openjdk-16.0.1\bin\jimage.dll
0x00007ff9b0bc0000 - 0x00007ff9b0dad000 	C:\Windows\SYSTEM32\DBGHELP.DLL
0x00007ff9b0880000 - 0x00007ff9b08aa000 	C:\Windows\SYSTEM32\dbgcore.DLL
0x00007ff99d2c0000 - 0x00007ff99d2e5000 	C:\Users\gaeqs\.jdks\openjdk-16.0.1\bin\java.dll
0x00007ff9ca3b0000 - 0x00007ff9cb8a9000 	C:\Windows\System32\SHELL32.dll
0x00007ff9cbb00000 - 0x00007ff9cbba8000 	C:\Windows\System32\shcore.dll
0x00007ff9c8540000 - 0x00007ff9c8c8b000 	C:\Windows\System32\windows.storage.dll
0x00007ff9c7f70000 - 0x00007ff9c7f94000 	C:\Windows\System32\profapi.dll
0x00007ff9c7fa0000 - 0x00007ff9c7ffd000 	C:\Windows\System32\powrprof.dll
0x00007ff9c91a0000 - 0x00007ff9c91f2000 	C:\Windows\System32\shlwapi.dll
0x00007ff9c81e0000 - 0x00007ff9c81f7000 	C:\Windows\System32\cryptsp.dll
0x00007ff9b3990000 - 0x00007ff9b39a9000 	C:\Users\gaeqs\.jdks\openjdk-16.0.1\bin\net.dll
0x00007ff9be5d0000 - 0x00007ff9be6c1000 	C:\Windows\SYSTEM32\WINHTTP.dll
0x00007ff9c7780000 - 0x00007ff9c77e7000 	C:\Windows\system32\mswsock.dll
0x00007ff99abf0000 - 0x00007ff99ac03000 	C:\Users\gaeqs\.jdks\openjdk-16.0.1\bin\nio.dll
0x00007ff99abd0000 - 0x00007ff99abe8000 	C:\Users\gaeqs\.jdks\openjdk-16.0.1\bin\zip.dll
0x00000211afd60000 - 0x00000211afd63000 	C:\Users\gaeqs\.openjfx\cache\14.0.2.1\api-ms-win-core-console-l1-1-0.dll
0x00000211afd70000 - 0x00000211afd73000 	C:\Users\gaeqs\.openjfx\cache\14.0.2.1\api-ms-win-core-datetime-l1-1-0.dll
0x00000211afd80000 - 0x00000211afd83000 	C:\Users\gaeqs\.openjfx\cache\14.0.2.1\api-ms-win-core-debug-l1-1-0.dll
0x00000211afd90000 - 0x00000211afd93000 	C:\Users\gaeqs\.openjfx\cache\14.0.2.1\api-ms-win-core-errorhandling-l1-1-0.dll
0x00000211afda0000 - 0x00000211afda4000 	C:\Users\gaeqs\.openjfx\cache\14.0.2.1\api-ms-win-core-file-l1-1-0.dll
0x00000211afdb0000 - 0x00000211afdb3000 	C:\Users\gaeqs\.openjfx\cache\14.0.2.1\api-ms-win-core-file-l1-2-0.dll
0x00000211afdc0000 - 0x00000211afdc3000 	C:\Users\gaeqs\.openjfx\cache\14.0.2.1\api-ms-win-core-file-l2-1-0.dll
0x00000211afdd0000 - 0x00000211afdd3000 	C:\Users\gaeqs\.openjfx\cache\14.0.2.1\api-ms-win-core-handle-l1-1-0.dll
0x00000211afde0000 - 0x00000211afde3000 	C:\Users\gaeqs\.openjfx\cache\14.0.2.1\api-ms-win-core-heap-l1-1-0.dll
0x00000211d3720000 - 0x00000211d3723000 	C:\Users\gaeqs\.openjfx\cache\14.0.2.1\api-ms-win-core-interlocked-l1-1-0.dll
0x00000211d3730000 - 0x00000211d3733000 	C:\Users\gaeqs\.openjfx\cache\14.0.2.1\api-ms-win-core-libraryloader-l1-1-0.dll
0x00000211d3740000 - 0x00000211d3743000 	C:\Users\gaeqs\.openjfx\cache\14.0.2.1\api-ms-win-core-localization-l1-2-0.dll
0x00000211d3750000 - 0x00000211d3753000 	C:\Users\gaeqs\.openjfx\cache\14.0.2.1\api-ms-win-core-memory-l1-1-0.dll
0x00000211d3760000 - 0x00000211d3763000 	C:\Users\gaeqs\.openjfx\cache\14.0.2.1\api-ms-win-core-namedpipe-l1-1-0.dll
0x00000211d3770000 - 0x00000211d3773000 	C:\Users\gaeqs\.openjfx\cache\14.0.2.1\api-ms-win-core-processenvironment-l1-1-0.dll
0x00000211d3780000 - 0x00000211d3783000 	C:\Users\gaeqs\.openjfx\cache\14.0.2.1\api-ms-win-core-processthreads-l1-1-0.dll
0x00000211d3790000 - 0x00000211d3793000 	C:\Users\gaeqs\.openjfx\cache\14.0.2.1\api-ms-win-core-processthreads-l1-1-1.dll
0x00000211d37a0000 - 0x00000211d37a3000 	C:\Users\gaeqs\.openjfx\cache\14.0.2.1\api-ms-win-core-profile-l1-1-0.dll
0x00000211d37b0000 - 0x00000211d37b3000 	C:\Users\gaeqs\.openjfx\cache\14.0.2.1\api-ms-win-core-rtlsupport-l1-1-0.dll
0x00000211d37c0000 - 0x00000211d37c3000 	C:\Users\gaeqs\.openjfx\cache\14.0.2.1\api-ms-win-core-string-l1-1-0.dll
0x00000211d37d0000 - 0x00000211d37d3000 	C:\Users\gaeqs\.openjfx\cache\14.0.2.1\api-ms-win-core-synch-l1-1-0.dll
0x00000211d37e0000 - 0x00000211d37e3000 	C:\Users\gaeqs\.openjfx\cache\14.0.2.1\api-ms-win-core-synch-l1-2-0.dll
0x00000211d37f0000 - 0x00000211d37f3000 	C:\Users\gaeqs\.openjfx\cache\14.0.2.1\api-ms-win-core-sysinfo-l1-1-0.dll
0x00000211d4c00000 - 0x00000211d4c03000 	C:\Users\gaeqs\.openjfx\cache\14.0.2.1\api-ms-win-core-timezone-l1-1-0.dll
0x00000211d4c10000 - 0x00000211d4c13000 	C:\Users\gaeqs\.openjfx\cache\14.0.2.1\api-ms-win-core-util-l1-1-0.dll
0x00000211d4c20000 - 0x00000211d4c23000 	C:\Users\gaeqs\.openjfx\cache\14.0.2.1\api-ms-win-crt-conio-l1-1-0.dll
0x00000211d4c30000 - 0x00000211d4c34000 	C:\Users\gaeqs\.openjfx\cache\14.0.2.1\api-ms-win-crt-convert-l1-1-0.dll
0x00000211d4c40000 - 0x00000211d4c43000 	C:\Users\gaeqs\.openjfx\cache\14.0.2.1\api-ms-win-crt-environment-l1-1-0.dll
0x00000211d4c50000 - 0x00000211d4c53000 	C:\Users\gaeqs\.openjfx\cache\14.0.2.1\api-ms-win-crt-filesystem-l1-1-0.dll
0x00000211d4c60000 - 0x00000211d4c63000 	C:\Users\gaeqs\.openjfx\cache\14.0.2.1\api-ms-win-crt-heap-l1-1-0.dll
0x00000211d4c70000 - 0x00000211d4c73000 	C:\Users\gaeqs\.openjfx\cache\14.0.2.1\api-ms-win-crt-locale-l1-1-0.dll
0x00000211d4c80000 - 0x00000211d4c85000 	C:\Users\gaeqs\.openjfx\cache\14.0.2.1\api-ms-win-crt-math-l1-1-0.dll
0x00000211d4c90000 - 0x00000211d4c95000 	C:\Users\gaeqs\.openjfx\cache\14.0.2.1\api-ms-win-crt-multibyte-l1-1-0.dll
0x00000211d4ca0000 - 0x00000211d4cb0000 	C:\Users\gaeqs\.openjfx\cache\14.0.2.1\api-ms-win-crt-private-l1-1-0.dll
0x00000211d4cb0000 - 0x00000211d4cb3000 	C:\Users\gaeqs\.openjfx\cache\14.0.2.1\api-ms-win-crt-process-l1-1-0.dll
0x00000211d4cc0000 - 0x00000211d4cc4000 	C:\Users\gaeqs\.openjfx\cache\14.0.2.1\api-ms-win-crt-runtime-l1-1-0.dll
0x00000211d4cd0000 - 0x00000211d4cd4000 	C:\Users\gaeqs\.openjfx\cache\14.0.2.1\api-ms-win-crt-stdio-l1-1-0.dll
0x00000211d4ce0000 - 0x00000211d4ce4000 	C:\Users\gaeqs\.openjfx\cache\14.0.2.1\api-ms-win-crt-string-l1-1-0.dll
0x00000211d4cf0000 - 0x00000211d4cf3000 	C:\Users\gaeqs\.openjfx\cache\14.0.2.1\api-ms-win-crt-time-l1-1-0.dll
0x00000211d4d00000 - 0x00000211d4d03000 	C:\Users\gaeqs\.openjfx\cache\14.0.2.1\api-ms-win-crt-utility-l1-1-0.dll
0x00007ff972c20000 - 0x00007ff972d1c000 	C:\Users\gaeqs\.openjfx\cache\14.0.2.1\ucrtbase.dll
0x00007ff9b6710000 - 0x00007ff9b6725000 	C:\Users\gaeqs\.openjfx\cache\14.0.2.1\vcruntime140.dll
0x00007ff97f050000 - 0x00007ff97f0eb000 	C:\Users\gaeqs\.openjfx\cache\14.0.2.1\msvcp140.dll
0x00007ff9960a0000 - 0x00007ff9960f1000 	C:\Users\gaeqs\.openjfx\cache\14.0.2.1\concrt140.dll
0x00007ff996070000 - 0x00007ff996093000 	C:\Users\gaeqs\.openjfx\cache\14.0.2.1\prism_d3d.dll
0x00007ff9b83b0000 - 0x00007ff9b854e000 	C:\Windows\system32\d3d9.dll
0x00007ff9c6720000 - 0x00007ff9c674e000 	C:\Windows\SYSTEM32\dwmapi.dll
0x00007ff9c8c90000 - 0x00007ff9c8e73000 	C:\Windows\System32\CRYPT32.dll
0x00007ff9c8000000 - 0x00007ff9c8012000 	C:\Windows\System32\MSASN1.dll
0x00007ff9c6410000 - 0x00007ff9c64ac000 	C:\Windows\system32\uxtheme.dll
0x00007ff9bf4c0000 - 0x00007ff9bf5c5000 	C:\Windows\System32\DriverStore\FileRepository\nv_dispi.inf_amd64_d71d3f5ea7618cbb\nvldumdx.dll
0x00007ff9c28c0000 - 0x00007ff9c28ef000 	C:\Windows\SYSTEM32\cryptnet.dll
0x00007ff9c7950000 - 0x00007ff9c795c000 	C:\Windows\SYSTEM32\cryptbase.dll
0x00007ff9c8f10000 - 0x00007ff9c8f69000 	C:\Windows\System32\WINTRUST.DLL
0x00007ff9cb8b0000 - 0x00007ff9cb8cd000 	C:\Windows\System32\imagehlp.dll
0x00007ff9c7310000 - 0x00007ff9c7343000 	C:\Windows\system32\rsaenh.dll
0x00007ff9c9170000 - 0x00007ff9c9196000 	C:\Windows\System32\bcrypt.dll
0x00007ff95d5a0000 - 0x00007ff95ed58000 	C:\Windows\System32\DriverStore\FileRepository\nv_dispi.inf_amd64_d71d3f5ea7618cbb\nvd3dumx.dll
0x00007ff990a70000 - 0x00007ff990ab5000 	C:\Users\gaeqs\.openjfx\cache\14.0.2.1\glass.dll
0x00007ff9c9ab0000 - 0x00007ff9c9bd7000 	C:\Windows\System32\COMDLG32.dll
0x00007ff9ca070000 - 0x00007ff9ca1c6000 	C:\Windows\System32\ole32.dll
0x00007ff9c97a0000 - 0x00007ff9c9864000 	C:\Windows\System32\OLEAUT32.dll
0x00007ff9cb8d0000 - 0x00007ff9cba3b000 	C:\Windows\System32\MSCTF.dll
0x00007ff977dc0000 - 0x00007ff978083000 	C:\Windows\system32\nvspcap64.dll
0x00007ff9c6f90000 - 0x00007ff9c6fc1000 	C:\Windows\SYSTEM32\ntmarta.dll
0x00007ff9c6bc0000 - 0x00007ff9c6be2000 	C:\Windows\SYSTEM32\gpapi.dll
0x00007ff9b66f0000 - 0x00007ff9b6704000 	C:\Users\gaeqs\.openjfx\cache\14.0.2.1\javafx_font.dll
0x00007ff99afe0000 - 0x00007ff99b2dc000 	C:\Windows\SYSTEM32\dwrite.dll
0x00007ff9c7e50000 - 0x00007ff9c7e79000 	C:\Windows\SYSTEM32\USERENV.dll
0x00007ff9c74a0000 - 0x00007ff9c74dd000 	C:\Windows\SYSTEM32\IPHLPAPI.DLL
0x00007ff9c9be0000 - 0x00007ff9c9be8000 	C:\Windows\System32\NSI.dll
0x00007ff9c18d0000 - 0x00007ff9c18e6000 	C:\Windows\SYSTEM32\dhcpcsvc6.DLL
0x00007ff9c2600000 - 0x00007ff9c261c000 	C:\Windows\SYSTEM32\dhcpcsvc.DLL
0x00007ff9c74e0000 - 0x00007ff9c75a6000 	C:\Windows\SYSTEM32\DNSAPI.dll
0x00007ff9ca1e0000 - 0x00007ff9ca282000 	C:\Windows\System32\clbcatq.dll
0x00007ff9c1510000 - 0x00007ff9c16c8000 	C:\Windows\SYSTEM32\WindowsCodecs.dll
0x00007ff9a3710000 - 0x00007ff9a3767000 	C:\Windows\system32\dataexchange.dll
0x00007ff9c4f30000 - 0x00007ff9c51ae000 	C:\Windows\system32\d3d11.dll
0x00007ff9c5850000 - 0x00007ff9c5a13000 	C:\Windows\system32\dcomp.dll
0x00007ff9c6d10000 - 0x00007ff9c6dd2000 	C:\Windows\system32\dxgi.dll
0x00007ff9c64e0000 - 0x00007ff9c66ec000 	C:\Windows\system32\twinapi.appcore.dll

dbghelp: loaded successfully - version: 4.0.5 - missing functions: none
symbol engine: initialized successfully - sym options: 0x614 - pdb path: .;C:\Users\gaeqs\.jdks\openjdk-16.0.1\bin;C:\Windows\SYSTEM32;C:\Windows\WinSxS\amd64_microsoft.windows.common-controls_6595b64144ccf1df_6.0.17763.2061_none_de73cf545348ec45;C:\Users\gaeqs\.jdks\openjdk-16.0.1\bin\server;C:\Users\gaeqs\.openjfx\cache\14.0.2.1;C:\Windows\System32\DriverStore\FileRepository\nv_dispi.inf_amd64_d71d3f5ea7618cbb;C:\Program Files\Common Files\Microsoft Shared\Ink

VM Arguments:
jvm_args: -Dfile.encoding=windows-1252 -Duser.country=US -Duser.language=en -Duser.variant 
java_command: lib/JAMS.jar -loadPlugin build/libs/NES4JAMS-1.0-SNAPSHOT.jar
java_class_path (initial): lib/JAMS.jar
Launcher Type: SUN_STANDARD

[Global flags]
     intx CICompilerCount                          = 12                                        {product} {ergonomic}
     uint ConcGCThreads                            = 3                                         {product} {ergonomic}
     uint G1ConcRefinementThreads                  = 13                                        {product} {ergonomic}
   size_t G1HeapRegionSize                         = 2097152                                   {product} {ergonomic}
    uintx GCDrainStackTargetSize                   = 64                                        {product} {ergonomic}
   size_t InitialHeapSize                          = 268435456                                 {product} {ergonomic}
   size_t MarkStackSize                            = 4194304                                   {product} {ergonomic}
   size_t MaxHeapSize                              = 4278190080                                {product} {ergonomic}
   size_t MaxNewSize                               = 2566914048                                {product} {ergonomic}
   size_t MinHeapDeltaBytes                        = 2097152                                   {product} {ergonomic}
   size_t MinHeapSize                              = 8388608                                   {product} {ergonomic}
    uintx NonNMethodCodeHeapSize                   = 7602480                                {pd product} {ergonomic}
    uintx NonProfiledCodeHeapSize                  = 122027880                              {pd product} {ergonomic}
    uintx ProfiledCodeHeapSize                     = 122027880                              {pd product} {ergonomic}
    uintx ReservedCodeCacheSize                    = 251658240                              {pd product} {ergonomic}
     bool SegmentedCodeCache                       = true                                      {product} {ergonomic}
   size_t SoftMaxHeapSize                          = 4278190080                             {manageable} {ergonomic}
     bool UseCompressedClassPointers               = true                           {product lp64_product} {ergonomic}
     bool UseCompressedOops                        = true                           {product lp64_product} {ergonomic}
     bool UseG1GC                                  = true                                      {product} {ergonomic}
     bool UseLargePagesIndividualAllocation        = false                                  {pd product} {ergonomic}

Logging:
Log output configuration:
 #0: stdout all=warning uptime,level,tags
 #1: stderr all=off uptime,level,tags

Environment Variables:
JAVA_HOME=C:\Users\gaeqs\.jdks\openjdk-16
PATH=C:\Python39\Scripts\;C:\Python39\;C:\Windows\system32;C:\Windows;C:\Windows\System32\Wbem;C:\Windows\System32\WindowsPowerShell\v1.0\;C:\Windows\System32\OpenSSH\;C:\Program Files (x86)\NVIDIA Corporation\PhysX\Common;C:\Program Files\NVIDIA Corporation\NVIDIA NvDLISR;C:\Program Files\Git\cmd;F:\Apps\NodeJs\;C:\ProgramData\chocolatey\bin;C:\Program Files\Common Files\Autodesk Shared\;C:\Program Files\Microsoft SQL Server\120\Tools\Binn\;F:\Apps\BitviseSSH;F:\Apps\Gpg4win\..\GnuPG\bin;C:\Users\gaeqs\.jdks\openjdk-16\bin;F:\Apps\AutoFirma\AutoFirma;C:\Users\gaeqs\AppData\Local\Microsoft\WindowsApps;C:\Users\gaeqs\AppData\Roaming\npm
USERNAME=gaeqs
OS=Windows_NT
PROCESSOR_IDENTIFIER=AMD64 Family 23 Model 8 Stepping 2, AuthenticAMD



---------------  S Y S T E M  ---------------

OS:
 Windows 10 , 64 bit Build 17763 (10.0.17763.2028)
OS uptime: 2 days 20:50 hours

CPU: total 16 (initial active 16) (16 cores per cpu, 2 threads per core) family 23 model 8 stepping 2 microcode 0x0, cx8, cmov, fxsr, ht, mmx, 3dnowpref, sse, sse2, sse3, ssse3, sse4a, sse4.1, sse4.2, popcnt, lzcnt, tsc, tscinvbit, avx, avx2, aes, clmul, bmi1, bmi2, adx, sha, fma, vzeroupper, clflush, clflushopt

Memory: 4k page, system-wide physical 16315M (5879M free)
TotalPageFile size 25019M (AvailPageFile size 9473M)
current process WorkingSet (physical memory assigned to process): 466M, peak: 472M
current process commit charge ("private bytes"): 722M, peak: 729M

vm_info: OpenJDK 64-Bit Server VM (16.0.1+9-24) for windows-amd64 JRE (16.0.1+9-24), built on Mar 26 2021 19:30:07 by "mach5one" with MS VC++ 16.7 (VS2019)

END.
