#
# A fatal error has been detected by the Java Runtime Environment:
#
#  EXCEPTION_ACCESS_VIOLATION (0xc0000005) at pc=0x00007ff990a80563, pid=4092, tid=12852
#
# JRE version: OpenJDK Runtime Environment (16.0.1+9) (build 16.0.1+9-24)
# Java VM: OpenJDK 64-Bit Server VM (16.0.1+9-24, mixed mode, sharing, tiered, compressed oops, compressed class ptrs, g1 gc, windows-amd64)
# Problematic frame:
# C  [glass.dll+0x10563]
#
# No core dump will be written. Minidumps are not enabled by default on client versions of Windows
#
# If you would like to submit a bug report, please visit:
#   https://bugreport.java.com/bugreport/crash.jsp
# The crash happened outside the Java Virtual Machine in native code.
# See problematic frame for where to report the bug.
#

---------------  S U M M A R Y ------------

Command Line: -Dfile.encoding=windows-1252 -Duser.country=US -Duser.language=en -Duser.variant lib/JAMS.jar -loadPlugin build/libs/NES4JAMS-1.0-SNAPSHOT.jar

Host: AMD Ryzen 7 2700X Eight-Core Processor         , 16 cores, 15G,  Windows 10 , 64 bit Build 17763 (10.0.17763.2028)
Time: Sun Jul 25 17:39:24 2021 Romance Daylight Time elapsed time: 740.563744 seconds (0d 0h 12m 20s)

---------------  T H R E A D  ---------------

Current thread (0x0000017c28769c10):  JavaThread "JavaFX Application Thread" [_thread_in_native, id=12852, stack(0x0000005a9a000000,0x0000005a9a100000)]

Stack: [0x0000005a9a000000,0x0000005a9a100000],  sp=0x0000005a9a0fd310,  free space=1012k
Native frames: (J=compiled Java code, j=interpreted, Vv=VM code, C=native code)
C  [glass.dll+0x10563]

Java frames: (J=compiled Java code, j=interpreted, Vv=VM code)
j  com.sun.glass.ui.win.WinSystemClipboard.popMimesFromSystem()[Ljava/lang/String;+0
j  com.sun.glass.ui.win.WinSystemClipboard.mimesFromSystem()[Ljava/lang/String;+10
j  com.sun.glass.ui.SystemClipboard.getMimeTypes()[Ljava/lang/String;+16
j  com.sun.glass.ui.ClipboardAssistance.getMimeTypes()[Ljava/lang/String;+7
j  com.sun.javafx.tk.quantum.QuantumClipboard.hasContent(Ljavafx/scene/input/DataFormat;)Z+69
j  javafx.scene.input.Clipboard.hasContent(Ljavafx/scene/input/DataFormat;)Z+11
j  net.jamsimulator.jams.gui.util.ClipboardUtils.paste(Ljava/io/File;)V+23
j  net.jamsimulator.jams.gui.action.defaults.explorerelement.folder.FolderActionPaste.run(Ljava/lang/Object;)V+107
j  net.jamsimulator.jams.manager.ActionManager.lambda$addAcceleratorsToScene$3(Ljavafx/scene/Scene;Ljava/util/Map;)V+104
j  net.jamsimulator.jams.manager.ActionManager$$Lambda$1190+0x00000008010a5490.run()V+8
j  net.jamsimulator.jams.gui.explorer.Explorer.lambda$loadListeners$4(Ljavafx/scene/input/KeyEvent;)V+37
j  net.jamsimulator.jams.gui.explorer.Explorer$$Lambda$693+0x0000000800f8fc68.handle(Ljavafx/event/Event;)V+8
J 8096 c2 com.sun.javafx.event.EventHandlerManager.dispatchBubblingEvent(Ljavafx/event/Event;)Ljavafx/event/Event; (23 bytes) @ 0x0000017c129b112c [0x0000017c129b0d80+0x00000000000003ac]
J 8507 c2 com.sun.javafx.event.BasicEventDispatcher.dispatchEvent(Ljavafx/event/Event;Ljavafx/event/EventDispatchChain;)Ljavafx/event/Event; (44 bytes) @ 0x0000017c128fe4b4 [0x0000017c128fe340+0x0000000000000174]
J 8507 c2 com.sun.javafx.event.BasicEventDispatcher.dispatchEvent(Ljavafx/event/Event;Ljavafx/event/EventDispatchChain;)Ljavafx/event/Event; (44 bytes) @ 0x0000017c128fe42c [0x0000017c128fe340+0x00000000000000ec]
J 8507 c2 com.sun.javafx.event.BasicEventDispatcher.dispatchEvent(Ljavafx/event/Event;Ljavafx/event/EventDispatchChain;)Ljavafx/event/Event; (44 bytes) @ 0x0000017c128fe42c [0x0000017c128fe340+0x00000000000000ec]
J 8507 c2 com.sun.javafx.event.BasicEventDispatcher.dispatchEvent(Ljavafx/event/Event;Ljavafx/event/EventDispatchChain;)Ljavafx/event/Event; (44 bytes) @ 0x0000017c128fe42c [0x0000017c128fe340+0x00000000000000ec]
J 8507 c2 com.sun.javafx.event.BasicEventDispatcher.dispatchEvent(Ljavafx/event/Event;Ljavafx/event/EventDispatchChain;)Ljavafx/event/Event; (44 bytes) @ 0x0000017c128fe42c [0x0000017c128fe340+0x00000000000000ec]
J 8507 c2 com.sun.javafx.event.BasicEventDispatcher.dispatchEvent(Ljavafx/event/Event;Ljavafx/event/EventDispatchChain;)Ljavafx/event/Event; (44 bytes) @ 0x0000017c128fe42c [0x0000017c128fe340+0x00000000000000ec]
J 8507 c2 com.sun.javafx.event.BasicEventDispatcher.dispatchEvent(Ljavafx/event/Event;Ljavafx/event/EventDispatchChain;)Ljavafx/event/Event; (44 bytes) @ 0x0000017c128fe42c [0x0000017c128fe340+0x00000000000000ec]
J 8507 c2 com.sun.javafx.event.BasicEventDispatcher.dispatchEvent(Ljavafx/event/Event;Ljavafx/event/EventDispatchChain;)Ljavafx/event/Event; (44 bytes) @ 0x0000017c128fe42c [0x0000017c128fe340+0x00000000000000ec]
J 8507 c2 com.sun.javafx.event.BasicEventDispatcher.dispatchEvent(Ljavafx/event/Event;Ljavafx/event/EventDispatchChain;)Ljavafx/event/Event; (44 bytes) @ 0x0000017c128fe42c [0x0000017c128fe340+0x00000000000000ec]
J 8963 c2 com.sun.javafx.event.EventUtil.fireEvent(Ljavafx/event/EventTarget;Ljavafx/event/Event;)Ljavafx/event/Event; (81 bytes) @ 0x0000017c125edbbc [0x0000017c125eda80+0x000000000000013c]
J 8116 c1 javafx.scene.Scene$KeyHandler.process(Ljavafx/scene/input/KeyEvent;)V (38 bytes) @ 0x0000017c0bac429c [0x0000017c0bac3a60+0x000000000000083c]
J 8115 c1 javafx.scene.Scene.processKeyEvent(Ljavafx/scene/input/KeyEvent;)V (32 bytes) @ 0x0000017c0b785ae4 [0x0000017c0b785460+0x0000000000000684]
J 8110 c1 com.sun.javafx.tk.quantum.GlassViewEventHandler$KeyEventNotification.run()Ljava/lang/Void; (434 bytes) @ 0x0000017c0b2b7d0c [0x0000017c0b2b63e0+0x000000000000192c]
J 8043 c1 com.sun.javafx.tk.quantum.GlassViewEventHandler$$Lambda$1797+0x00000008011a7140.get()Ljava/lang/Object; (8 bytes) @ 0x0000017c0b2e488c [0x0000017c0b2e45c0+0x00000000000002cc]
J 9065 c2 com.sun.javafx.tk.quantum.QuantumToolkit.runWithoutRenderLock(Ljava/util/function/Supplier;)Ljava/lang/Object; (49 bytes) @ 0x0000017c1284f578 [0x0000017c1284f440+0x0000000000000138]
J 8041 c1 com.sun.javafx.tk.quantum.GlassViewEventHandler.handleKeyEvent(Lcom/sun/glass/ui/View;JII[CI)V (63 bytes) @ 0x0000017c0afd4704 [0x0000017c0afd42a0+0x0000000000000464]
J 8040 c1 com.sun.glass.ui.View.handleKeyEvent(JII[CI)V (24 bytes) @ 0x0000017c0b5dc734 [0x0000017c0b5dc5c0+0x0000000000000174]
J 8039 c1 com.sun.glass.ui.View.notifyKey(II[CI)V (13 bytes) @ 0x0000017c0b088084 [0x0000017c0b087fc0+0x00000000000000c4]
v  ~StubRoutines::call_stub
j  com.sun.glass.ui.win.WinApplication._runLoop(Ljava/lang/Runnable;)V+0
j  com.sun.glass.ui.win.WinApplication.lambda$runLoop$3(ILjava/lang/Runnable;)V+8
j  com.sun.glass.ui.win.WinApplication$$Lambda$521+0x0000000800d9bdd8.run()V+12
j  java.lang.Thread.run()V+11 java.base@16.0.1
v  ~StubRoutines::call_stub

siginfo: EXCEPTION_ACCESS_VIOLATION (0xc0000005), reading address 0x0000017c33d441b4


Register to memory mapping:

RIP=0x00007ff990a80563 glass.dll
RAX=0x0000000000000001 is an unknown value
RBX=0x0000000000000698 is an unknown value
RCX=0x0000017c00f60000 points into unknown readable memory: 0x0000000000000000 | 00 00 00 00 00 00 00 00
RDX=0x0000017c00f60000 points into unknown readable memory: 0x0000000000000000 | 00 00 00 00 00 00 00 00
RSP=0x0000005a9a0fd310 is pointing into the stack for thread: 0x0000017c28769c10
RBP=0x0 is NULL
RSI=0x0000017c337a8b70 points into unknown readable memory: 0x0000000000000000 | 00 00 00 00 00 00 00 00
RDI=0x0 is NULL
R8 =0x0000017c00e62d00 points into unknown readable memory: 0x0000017c00e60f60 | 60 0f e6 00 7c 01 00 00
R9 =0x0000000000008000 is an unknown value
R10=0x0000000000000020 is an unknown value
R11=0x0000000000000002 is an unknown value
R12=0x0 is NULL
R13=0x0000000000000698 is an unknown value
R14=0x0000017c33c50230 points into unknown readable memory: 0x0044005c003a0045 | 45 00 3a 00 5c 00 44 00
R15=0x00000000000f3f80 is an unknown value


Registers:
RAX=0x0000000000000001, RBX=0x0000000000000698, RCX=0x0000017c00f60000, RDX=0x0000017c00f60000
RSP=0x0000005a9a0fd310, RBP=0x0000000000000000, RSI=0x0000017c337a8b70, RDI=0x0000000000000000
R8 =0x0000017c00e62d00, R9 =0x0000000000008000, R10=0x0000000000000020, R11=0x0000000000000002
R12=0x0000000000000000, R13=0x0000000000000698, R14=0x0000017c33c50230, R15=0x00000000000f3f80
RIP=0x00007ff990a80563, EFLAGS=0x0000000000010246

Top of Stack: (sp=0x0000005a9a0fd310)
0x0000005a9a0fd310:   0000000000000698 0000000000000000
0x0000005a9a0fd320:   0000017c337a8a10 0000017c337a8b70
0x0000005a9a0fd330:   0000000000000000 0000000000000000
0x0000005a9a0fd340:   0000017c34d76ea0 0000017c337a8a10
0x0000005a9a0fd350:   0000017c00000698 0000000000000000
0x0000005a9a0fd360:   0000000000000000 0000017c337a8af0
0x0000005a9a0fd370:   0000017c337a8bd0 0000017c337a7ef0
0x0000005a9a0fd380:   0000000000000000 0000017c337a8f10
0x0000005a9a0fd390:   0000017c33c50230 0000000000000000
0x0000005a9a0fd3a0:   3f80000000000000 0000017c34232ef0
0x0000005a9a0fd3b0:   000000000000069e 0000017c333567c0
0x0000005a9a0fd3c0:   0000017c3335e7c0 0000017c3335e7c0
0x0000005a9a0fd3d0:   00000000000007ff 0000000000000800
0x0000005a9a0fd3e0:   0000017c317b1410 0000017c317b11d0
0x0000005a9a0fd3f0:   0000017c292dcbb0 0000017c28769c10
0x0000005a9a0fd400:   0000017c34d76ec0 0000000000000000 

Instructions: (pc=0x00007ff990a80563)
0x00007ff990a80463:   e8 f8 1a ff ff 41 83 e4 ef 44 89 64 24 20 48 8b
0x00007ff990a80473:   44 24 58 48 85 c0 74 48 b9 ff ff ff ff f0 0f c1
0x00007ff990a80483:   48 10 83 f9 01 75 39 48 8b 5c 24 58 48 8b 0b 48
0x00007ff990a80493:   85 c9 74 09 ff 15 0b 6e 01 00 4c 89 2b 48 8b 4b
0x00007ff990a804a3:   08 48 85 c9 74 09 e8 e2 2a 01 00 4c 89 6b 08 ba
0x00007ff990a804b3:   18 00 00 00 48 8b cb e8 d1 2a 01 00 8b 5c 24 40
0x00007ff990a804c3:   b8 ff ff ff ff f0 0f c1 46 10 83 f8 01 75 31 48
0x00007ff990a804d3:   8b 0e 48 85 c9 74 09 ff 15 c8 6d 01 00 4c 89 2e
0x00007ff990a804e3:   48 8b 4e 08 48 85 c9 74 09 e8 9f 2a 01 00 4c 89
0x00007ff990a804f3:   6e 08 ba 18 00 00 00 48 8b ce e8 8e 2a 01 00 90
0x00007ff990a80503:   b8 ff ff ff ff f0 41 0f c1 46 10 83 f8 01 75 30
0x00007ff990a80513:   49 8b 0e 48 85 c9 74 09 ff 15 87 6d 01 00 4d 89
0x00007ff990a80523:   2e 49 8b 4e 08 48 85 c9 74 09 e8 5e 2a 01 00 4d
0x00007ff990a80533:   89 6e 08 ba 18 00 00 00 49 8b ce e8 4d 2a 01 00
0x00007ff990a80543:   44 8b eb 45 85 ff 75 09 4d 69 fd 50 02 00 00 eb
0x00007ff990a80553:   07 4d 69 fd 4c 01 00 00 4c 8b b4 24 80 00 00 00
0x00007ff990a80563:   43 f6 44 3e 04 40 0f 84 fb 01 00 00 43 8b 44 3e
0x00007ff990a80573:   48 89 84 24 28 01 00 00 43 8b 44 3e 44 89 84 24
0x00007ff990a80583:   2c 01 00 00 41 b9 0a 00 00 00 45 8d 41 36 48 8d
0x00007ff990a80593:   94 24 c0 02 00 00 48 8b 8c 24 28 01 00 00 ff 15
0x00007ff990a805a3:   89 6d 01 00 b9 18 00 00 00 e8 a3 29 01 00 4c 8b
0x00007ff990a805b3:   f0 48 89 84 24 c0 01 00 00 33 db 48 85 c0 74 27
0x00007ff990a805c3:   48 89 58 08 c7 40 10 01 00 00 00 48 8d 8c 24 c0
0x00007ff990a805d3:   02 00 00 ff 15 d4 6c 01 00 49 89 06 48 85 c0 0f
0x00007ff990a805e3:   84 01 0a 00 00 eb 03 4c 8b f3 4c 89 b4 24 90 01
0x00007ff990a805f3:   00 00 4d 85 f6 0f 84 f6 09 00 00 b9 18 00 00 00
0x00007ff990a80603:   e8 4c 29 01 00 48 8b f0 48 89 84 24 c8 01 00 00
0x00007ff990a80613:   48 85 c0 74 26 48 89 58 08 c7 40 10 01 00 00 00
0x00007ff990a80623:   48 8d 0d 8e 9b 01 00 ff 15 80 6c 01 00 48 89 06
0x00007ff990a80633:   48 85 c0 0f 84 c3 09 00 00 eb 03 48 8b f3 48 89
0x00007ff990a80643:   b4 24 d0 01 00 00 48 85 f6 0f 84 b8 09 00 00 48
0x00007ff990a80653:   89 74 24 60 f0 ff 46 10 83 4c 24 20 20 48 8d 94 


Stack slot to memory mapping:
stack at sp + 0 slots: 0x0000000000000698 is an unknown value
stack at sp + 1 slots: 0x0 is NULL
stack at sp + 2 slots: 0x0000017c337a8a10 points into unknown readable memory: 0x0000017c33019058 | 58 90 01 33 7c 01 00 00
stack at sp + 3 slots: 0x0000017c337a8b70 points into unknown readable memory: 0x0000000000000000 | 00 00 00 00 00 00 00 00
stack at sp + 4 slots: 0x0 is NULL
stack at sp + 5 slots: 0x0 is NULL
stack at sp + 6 slots: 0x0000017c34d76ea0 points into unknown readable memory: 0x0000017c34d7c6c0 | c0 c6 d7 34 7c 01 00 00
stack at sp + 7 slots: 0x0000017c337a8a10 points into unknown readable memory: 0x0000017c33019058 | 58 90 01 33 7c 01 00 00


---------------  P R O C E S S  ---------------

Threads class SMR info:
_java_thread_list=0x0000017c33598c30, length=30, elements={
0x0000017c030fd9f0, 0x0000017c26813870, 0x0000017c26817210, 0x0000017c26827260,
0x0000017c2682ab90, 0x0000017c2682b4a0, 0x0000017c2682e980, 0x0000017c26830230,
0x0000017c2683a540, 0x0000017c2683e620, 0x0000017c275a5ab0, 0x0000017c275a82d0,
0x0000017c27ccdde0, 0x0000017c28683530, 0x0000017c286ee310, 0x0000017c28769c10,
0x0000017c289408e0, 0x0000017c2893f3a0, 0x0000017c28941e20, 0x0000017c28942370,
0x0000017c289428c0, 0x0000017c2893f8f0, 0x0000017c2893fe40, 0x0000017c28940390,
0x0000017c34dae4d0, 0x0000017c34dafa10, 0x0000017c34db1f40, 0x0000017c34daf4c0,
0x0000017c34db29e0, 0x0000017c34db2f30
}

Java Threads: ( => current thread )
  0x0000017c030fd9f0 JavaThread "main" [_thread_blocked, id=2712, stack(0x0000005a98000000,0x0000005a98100000)]
  0x0000017c26813870 JavaThread "Reference Handler" daemon [_thread_blocked, id=8144, stack(0x0000005a98700000,0x0000005a98800000)]
  0x0000017c26817210 JavaThread "Finalizer" daemon [_thread_blocked, id=6632, stack(0x0000005a98800000,0x0000005a98900000)]
  0x0000017c26827260 JavaThread "Signal Dispatcher" daemon [_thread_blocked, id=16020, stack(0x0000005a98900000,0x0000005a98a00000)]
  0x0000017c2682ab90 JavaThread "Attach Listener" daemon [_thread_blocked, id=1868, stack(0x0000005a98a00000,0x0000005a98b00000)]
  0x0000017c2682b4a0 JavaThread "Service Thread" daemon [_thread_blocked, id=16448, stack(0x0000005a98b00000,0x0000005a98c00000)]
  0x0000017c2682e980 JavaThread "Monitor Deflation Thread" daemon [_thread_blocked, id=10856, stack(0x0000005a98c00000,0x0000005a98d00000)]
  0x0000017c26830230 JavaThread "C2 CompilerThread0" daemon [_thread_blocked, id=9524, stack(0x0000005a98d00000,0x0000005a98e00000)]
  0x0000017c2683a540 JavaThread "C1 CompilerThread0" daemon [_thread_blocked, id=11712, stack(0x0000005a98e00000,0x0000005a98f00000)]
  0x0000017c2683e620 JavaThread "Sweeper thread" daemon [_thread_blocked, id=12972, stack(0x0000005a98f00000,0x0000005a99000000)]
  0x0000017c275a5ab0 JavaThread "Notification Thread" daemon [_thread_blocked, id=12700, stack(0x0000005a99100000,0x0000005a99200000)]
  0x0000017c275a82d0 JavaThread "Common-Cleaner" daemon [_thread_blocked, id=8460, stack(0x0000005a99300000,0x0000005a99400000)]
  0x0000017c27ccdde0 JavaThread "QuantumRenderer-0" daemon [_thread_blocked, id=1852, stack(0x0000005a99700000,0x0000005a99800000)]
  0x0000017c28683530 JavaThread "JavaFX-Launcher" [_thread_blocked, id=5416, stack(0x0000005a99e00000,0x0000005a99f00000)]
  0x0000017c286ee310 JavaThread "InvokeLaterDispatcher" daemon [_thread_blocked, id=15788, stack(0x0000005a99f00000,0x0000005a9a000000)]
=>0x0000017c28769c10 JavaThread "JavaFX Application Thread" [_thread_in_native, id=12852, stack(0x0000005a9a000000,0x0000005a9a100000)]
  0x0000017c289408e0 JavaThread "Thread-2" daemon [_thread_in_native, id=9484, stack(0x0000005a9a290000,0x0000005a9a390000)]
  0x0000017c2893f3a0 JavaThread "Prism Font Disposer" daemon [_thread_blocked, id=12340, stack(0x0000005a99500000,0x0000005a99600000)]
  0x0000017c28941e20 JavaThread "FileSystemWatchService" daemon [_thread_in_native, id=2040, stack(0x0000005a9bd90000,0x0000005a9be90000)]
  0x0000017c28942370 JavaThread "Thread-4" daemon [_thread_blocked, id=4560, stack(0x0000005a9be90000,0x0000005a9bf90000)]
  0x0000017c289428c0 JavaThread "FileSystemWatchService" daemon [_thread_in_native, id=9228, stack(0x0000005a9c090000,0x0000005a9c190000)]
  0x0000017c2893f8f0 JavaThread "Thread-5" [_thread_blocked, id=14052, stack(0x0000005a9c190000,0x0000005a9c290000)]
  0x0000017c2893fe40 JavaThread "FileSystemWatchService" daemon [_thread_in_native, id=6876, stack(0x0000005a9c290000,0x0000005a9c390000)]
  0x0000017c28940390 JavaThread "Thread-6" [_thread_blocked, id=12612, stack(0x0000005a9c390000,0x0000005a9c490000)]
  0x0000017c34dae4d0 JavaThread "FileSystemWatchService" daemon [_thread_in_native, id=2144, stack(0x0000005a9c490000,0x0000005a9c590000)]
  0x0000017c34dafa10 JavaThread "Thread-7" [_thread_blocked, id=3532, stack(0x0000005a9c590000,0x0000005a9c690000)]
  0x0000017c34db1f40 JavaThread "Cleaner-0" daemon [_thread_blocked, id=11092, stack(0x0000005a9cc90000,0x0000005a9cd90000)]
  0x0000017c34daf4c0 JavaThread "Java Sound Event Dispatcher" daemon [_thread_blocked, id=8352, stack(0x0000005a9d220000,0x0000005a9d320000)]
  0x0000017c34db29e0 JavaThread "FileSystemWatchService" daemon [_thread_in_native, id=14612, stack(0x0000005a99800000,0x0000005a99900000)]
  0x0000017c34db2f30 JavaThread "Thread-13" [_thread_blocked, id=5420, stack(0x0000005a9ab90000,0x0000005a9ac90000)]

Other Threads:
  0x0000017c2680dd50 VMThread "VM Thread" [stack: 0x0000005a98600000,0x0000005a98700000] [id=8764]
  0x0000017c275a7fe0 WatcherThread [stack: 0x0000005a99200000,0x0000005a99300000] [id=11876]
  0x0000017c0314c880 GCTaskThread "GC Thread#0" [stack: 0x0000005a98100000,0x0000005a98200000] [id=12576]
  0x0000017c27d908a0 GCTaskThread "GC Thread#1" [stack: 0x0000005a99900000,0x0000005a99a00000] [id=7700]
  0x0000017c27d90bb0 GCTaskThread "GC Thread#2" [stack: 0x0000005a99a00000,0x0000005a99b00000] [id=16868]
  0x0000017c27d90ec0 GCTaskThread "GC Thread#3" [stack: 0x0000005a99b00000,0x0000005a99c00000] [id=9544]
  0x0000017c27d911d0 GCTaskThread "GC Thread#4" [stack: 0x0000005a99c00000,0x0000005a99d00000] [id=3208]
  0x0000017c27e9c610 GCTaskThread "GC Thread#5" [stack: 0x0000005a99d00000,0x0000005a99e00000] [id=15212]
  0x0000017c2894d880 GCTaskThread "GC Thread#6" [stack: 0x0000005a9a390000,0x0000005a9a490000] [id=5900]
  0x0000017c292b0350 GCTaskThread "GC Thread#7" [stack: 0x0000005a9a490000,0x0000005a9a590000] [id=7440]
  0x0000017c292aede0 GCTaskThread "GC Thread#8" [stack: 0x0000005a9a590000,0x0000005a9a690000] [id=11820]
  0x0000017c292b5f30 GCTaskThread "GC Thread#9" [stack: 0x0000005a9a690000,0x0000005a9a790000] [id=16156]
  0x0000017c292b5600 GCTaskThread "GC Thread#10" [stack: 0x0000005a9a790000,0x0000005a9a890000] [id=13288]
  0x0000017c292ae4b0 GCTaskThread "GC Thread#11" [stack: 0x0000005a9b190000,0x0000005a9b290000] [id=16428]
  0x0000017c292b1bd0 GCTaskThread "GC Thread#12" [stack: 0x0000005a9bf90000,0x0000005a9c090000] [id=14512]
  0x0000017c0315faf0 ConcurrentGCThread "G1 Main Marker" [stack: 0x0000005a98200000,0x0000005a98300000] [id=6036]
  0x0000017c03161030 ConcurrentGCThread "G1 Conc#0" [stack: 0x0000005a98300000,0x0000005a98400000] [id=2992]
  0x0000017c292b18c0 ConcurrentGCThread "G1 Conc#1" [stack: 0x0000005a9a890000,0x0000005a9a990000] [id=8908]
  0x0000017c292b52f0 ConcurrentGCThread "G1 Conc#2" [stack: 0x0000005a9a990000,0x0000005a9aa90000] [id=12908]
  0x0000017c031cde70 ConcurrentGCThread "G1 Refine#0" [stack: 0x0000005a98400000,0x0000005a98500000] [id=8488]
  0x0000017c329d0070 ConcurrentGCThread "G1 Refine#1" [stack: 0x0000005a9b290000,0x0000005a9b390000] [id=13908]
  0x0000017c32cd2960 ConcurrentGCThread "G1 Refine#2" [stack: 0x0000005a9b390000,0x0000005a9b490000] [id=7912]
  0x0000017c291865b0 ConcurrentGCThread "G1 Refine#3" [stack: 0x0000005a9b490000,0x0000005a9b590000] [id=8628]
  0x0000017c291868f0 ConcurrentGCThread "G1 Refine#4" [stack: 0x0000005a9b590000,0x0000005a9b690000] [id=13272]
  0x0000017c29185f30 ConcurrentGCThread "G1 Refine#5" [stack: 0x0000005a9b690000,0x0000005a9b790000] [id=13500]
  0x0000017c29185bf0 ConcurrentGCThread "G1 Refine#6" [stack: 0x0000005a9b790000,0x0000005a9b890000] [id=8212]
  0x0000017c29186f70 ConcurrentGCThread "G1 Refine#7" [stack: 0x0000005a9b890000,0x0000005a9b990000] [id=9480]
  0x0000017c29186270 ConcurrentGCThread "G1 Refine#8" [stack: 0x0000005a9b990000,0x0000005a9ba90000] [id=9236]
  0x0000017c291872b0 ConcurrentGCThread "G1 Refine#9" [stack: 0x0000005a9ba90000,0x0000005a9bb90000] [id=16560]
  0x0000017c291875f0 ConcurrentGCThread "G1 Refine#10" [stack: 0x0000005a9bb90000,0x0000005a9bc90000] [id=7512]
  0x0000017c29186c30 ConcurrentGCThread "G1 Refine#11" [stack: 0x0000005a9bc90000,0x0000005a9bd90000] [id=12464]
  0x0000017c031ce800 ConcurrentGCThread "G1 Service" [stack: 0x0000005a98500000,0x0000005a98600000] [id=8516]

Threads with active compile tasks:

VM state: not at safepoint (normal execution)

VM Mutex/Monitor currently owned by a thread: None

Heap address: 0x0000000701000000, size: 4080 MB, Compressed Oops mode: Zero based, Oop shift amount: 3

CDS archive(s) mapped at: [0x0000000800000000-0x0000000800bb0000-0x0000000800bb0000), size 12255232, SharedBaseAddress: 0x0000000800000000, ArchiveRelocationMode: 0.
Compressed class space mapped at: 0x0000000800c00000-0x0000000840c00000, reserved size: 1073741824
Narrow klass base: 0x0000000800000000, Narrow klass shift: 3, Narrow klass range: 0x100000000

GC Precious Log:
 CPUs: 16 total, 16 available
 Memory: 16315M
 Large Page Support: Disabled
 NUMA Support: Disabled
 Compressed Oops: Enabled (Zero based)
 Heap Region Size: 2M
 Heap Min Capacity: 8M
 Heap Initial Capacity: 256M
 Heap Max Capacity: 4080M
 Pre-touch: Disabled
 Parallel Workers: 13
 Concurrent Workers: 3
 Concurrent Refinement Workers: 13
 Periodic GC: Disabled

Heap:
 garbage-first heap   total 657408K, used 536551K [0x0000000701000000, 0x0000000800000000)
  region size 2048K, 131 young (268288K), 1 survivors (2048K)
 Metaspace       used 40221K, committed 40576K, reserved 1089536K
  class space    used 5968K, committed 6144K, reserved 1048576K

Heap Regions: E=young(eden), S=young(survivor), O=old, HS=humongous(starts), HC=humongous(continues), CS=collection set, F=free, OA=open archive, CA=closed archive, TAMS=top-at-mark-start (previous, next)
|   0|0x0000000701000000, 0x0000000701200000, 0x0000000701200000|100%| O|  |TAMS 0x0000000701200000, 0x0000000701000000| Untracked 
|   1|0x0000000701200000, 0x0000000701400000, 0x0000000701400000|100%|HS|  |TAMS 0x0000000701400000, 0x0000000701200000| Complete 
|   2|0x0000000701400000, 0x0000000701600000, 0x0000000701600000|100%|HS|  |TAMS 0x0000000701600000, 0x0000000701400000| Complete 
|   3|0x0000000701600000, 0x0000000701800000, 0x0000000701800000|100%|HC|  |TAMS 0x0000000701800000, 0x0000000701600000| Complete 
|   4|0x0000000701800000, 0x0000000701a00000, 0x0000000701a00000|100%|HC|  |TAMS 0x0000000701a00000, 0x0000000701800000| Complete 
|   5|0x0000000701a00000, 0x0000000701c00000, 0x0000000701c00000|100%|HS|  |TAMS 0x0000000701c00000, 0x0000000701a00000| Complete 
|   6|0x0000000701c00000, 0x0000000701e00000, 0x0000000701e00000|100%|HC|  |TAMS 0x0000000701e00000, 0x0000000701c00000| Complete 
|   7|0x0000000701e00000, 0x0000000702000000, 0x0000000702000000|100%|HC|  |TAMS 0x0000000702000000, 0x0000000701e00000| Complete 
|   8|0x0000000702000000, 0x0000000702200000, 0x0000000702200000|100%|HS|  |TAMS 0x0000000702200000, 0x0000000702000000| Complete 
|   9|0x0000000702200000, 0x0000000702400000, 0x0000000702400000|100%|HC|  |TAMS 0x0000000702400000, 0x0000000702200000| Complete 
|  10|0x0000000702400000, 0x0000000702600000, 0x0000000702600000|100%|HC|  |TAMS 0x0000000702600000, 0x0000000702400000| Complete 
|  11|0x0000000702600000, 0x0000000702800000, 0x0000000702800000|100%|HS|  |TAMS 0x0000000702800000, 0x0000000702600000| Complete 
|  12|0x0000000702800000, 0x0000000702a00000, 0x0000000702a00000|100%|HC|  |TAMS 0x0000000702a00000, 0x0000000702800000| Complete 
|  13|0x0000000702a00000, 0x0000000702c00000, 0x0000000702c00000|100%|HC|  |TAMS 0x0000000702c00000, 0x0000000702a00000| Complete 
|  14|0x0000000702c00000, 0x0000000702e00000, 0x0000000702e00000|100%|HS|  |TAMS 0x0000000702e00000, 0x0000000702c00000| Complete 
|  15|0x0000000702e00000, 0x0000000703000000, 0x0000000703000000|100%|HC|  |TAMS 0x0000000703000000, 0x0000000702e00000| Complete 
|  16|0x0000000703000000, 0x0000000703200000, 0x0000000703200000|100%|HC|  |TAMS 0x0000000703200000, 0x0000000703000000| Complete 
|  17|0x0000000703200000, 0x0000000703400000, 0x0000000703400000|100%|HS|  |TAMS 0x0000000703400000, 0x0000000703200000| Complete 
|  18|0x0000000703400000, 0x0000000703600000, 0x0000000703600000|100%|HC|  |TAMS 0x0000000703600000, 0x0000000703400000| Complete 
|  19|0x0000000703600000, 0x0000000703800000, 0x0000000703800000|100%|HC|  |TAMS 0x0000000703800000, 0x0000000703600000| Complete 
|  20|0x0000000703800000, 0x0000000703a00000, 0x0000000703a00000|100%|HS|  |TAMS 0x0000000703a00000, 0x0000000703800000| Complete 
|  21|0x0000000703a00000, 0x0000000703c00000, 0x0000000703c00000|100%|HC|  |TAMS 0x0000000703c00000, 0x0000000703a00000| Complete 
|  22|0x0000000703c00000, 0x0000000703e00000, 0x0000000703e00000|100%|HC|  |TAMS 0x0000000703e00000, 0x0000000703c00000| Complete 
|  23|0x0000000703e00000, 0x0000000704000000, 0x0000000704000000|100%| O|  |TAMS 0x0000000704000000, 0x0000000703e00000| Untracked 
|  24|0x0000000704000000, 0x0000000704200000, 0x0000000704200000|100%|HS|  |TAMS 0x0000000704200000, 0x0000000704000000| Complete 
|  25|0x0000000704200000, 0x0000000704400000, 0x0000000704400000|100%|HC|  |TAMS 0x0000000704400000, 0x0000000704200000| Complete 
|  26|0x0000000704400000, 0x0000000704600000, 0x0000000704600000|100%|HC|  |TAMS 0x0000000704600000, 0x0000000704400000| Complete 
|  27|0x0000000704600000, 0x0000000704800000, 0x0000000704800000|100%|HS|  |TAMS 0x0000000704800000, 0x0000000704600000| Complete 
|  28|0x0000000704800000, 0x0000000704a00000, 0x0000000704a00000|100%|HC|  |TAMS 0x0000000704a00000, 0x0000000704800000| Complete 
|  29|0x0000000704a00000, 0x0000000704c00000, 0x0000000704c00000|100%|HC|  |TAMS 0x0000000704c00000, 0x0000000704a00000| Complete 
|  30|0x0000000704c00000, 0x0000000704e00000, 0x0000000704e00000|100%|HS|  |TAMS 0x0000000704e00000, 0x0000000704c00000| Complete 
|  31|0x0000000704e00000, 0x0000000705000000, 0x0000000705000000|100%|HC|  |TAMS 0x0000000705000000, 0x0000000704e00000| Complete 
|  32|0x0000000705000000, 0x0000000705200000, 0x0000000705200000|100%|HC|  |TAMS 0x0000000705200000, 0x0000000705000000| Complete 
|  33|0x0000000705200000, 0x0000000705400000, 0x0000000705400000|100%|HS|  |TAMS 0x0000000705400000, 0x0000000705200000| Complete 
|  34|0x0000000705400000, 0x0000000705600000, 0x0000000705600000|100%|HC|  |TAMS 0x0000000705600000, 0x0000000705400000| Complete 
|  35|0x0000000705600000, 0x0000000705800000, 0x0000000705800000|100%|HC|  |TAMS 0x0000000705800000, 0x0000000705600000| Complete 
|  36|0x0000000705800000, 0x0000000705a00000, 0x0000000705a00000|100%|HS|  |TAMS 0x0000000705a00000, 0x0000000705800000| Complete 
|  37|0x0000000705a00000, 0x0000000705c00000, 0x0000000705c00000|100%|HC|  |TAMS 0x0000000705c00000, 0x0000000705a00000| Complete 
|  38|0x0000000705c00000, 0x0000000705e00000, 0x0000000705e00000|100%|HC|  |TAMS 0x0000000705e00000, 0x0000000705c00000| Complete 
|  39|0x0000000705e00000, 0x0000000706000000, 0x0000000706000000|100%|HS|  |TAMS 0x0000000706000000, 0x0000000705e00000| Complete 
|  40|0x0000000706000000, 0x0000000706200000, 0x0000000706200000|100%|HC|  |TAMS 0x0000000706200000, 0x0000000706000000| Complete 
|  41|0x0000000706200000, 0x0000000706400000, 0x0000000706400000|100%|HC|  |TAMS 0x0000000706400000, 0x0000000706200000| Complete 
|  42|0x0000000706400000, 0x0000000706600000, 0x0000000706600000|100%|HS|  |TAMS 0x0000000706600000, 0x0000000706400000| Complete 
|  43|0x0000000706600000, 0x0000000706800000, 0x0000000706800000|100%|HC|  |TAMS 0x0000000706800000, 0x0000000706600000| Complete 
|  44|0x0000000706800000, 0x0000000706a00000, 0x0000000706a00000|100%|HC|  |TAMS 0x0000000706a00000, 0x0000000706800000| Complete 
|  45|0x0000000706a00000, 0x0000000706c00000, 0x0000000706c00000|100%|HS|  |TAMS 0x0000000706c00000, 0x0000000706a00000| Complete 
|  46|0x0000000706c00000, 0x0000000706e00000, 0x0000000706e00000|100%|HC|  |TAMS 0x0000000706e00000, 0x0000000706c00000| Complete 
|  47|0x0000000706e00000, 0x0000000707000000, 0x0000000707000000|100%|HC|  |TAMS 0x0000000707000000, 0x0000000706e00000| Complete 
|  48|0x0000000707000000, 0x0000000707200000, 0x0000000707200000|100%|HS|  |TAMS 0x0000000707200000, 0x0000000707000000| Complete 
|  49|0x0000000707200000, 0x0000000707400000, 0x0000000707400000|100%|HC|  |TAMS 0x0000000707400000, 0x0000000707200000| Complete 
|  50|0x0000000707400000, 0x0000000707600000, 0x0000000707600000|100%|HC|  |TAMS 0x0000000707600000, 0x0000000707400000| Complete 
|  51|0x0000000707600000, 0x0000000707800000, 0x0000000707800000|100%|HS|  |TAMS 0x0000000707800000, 0x0000000707600000| Complete 
|  52|0x0000000707800000, 0x0000000707a00000, 0x0000000707a00000|100%|HC|  |TAMS 0x0000000707a00000, 0x0000000707800000| Complete 
|  53|0x0000000707a00000, 0x0000000707c00000, 0x0000000707c00000|100%|HC|  |TAMS 0x0000000707c00000, 0x0000000707a00000| Complete 
|  54|0x0000000707c00000, 0x0000000707e00000, 0x0000000707e00000|100%|HS|  |TAMS 0x0000000707e00000, 0x0000000707c00000| Complete 
|  55|0x0000000707e00000, 0x0000000708000000, 0x0000000708000000|100%|HC|  |TAMS 0x0000000708000000, 0x0000000707e00000| Complete 
|  56|0x0000000708000000, 0x0000000708200000, 0x0000000708200000|100%|HC|  |TAMS 0x0000000708200000, 0x0000000708000000| Complete 
|  57|0x0000000708200000, 0x0000000708400000, 0x0000000708400000|100%|HS|  |TAMS 0x0000000708400000, 0x0000000708200000| Complete 
|  58|0x0000000708400000, 0x0000000708600000, 0x0000000708600000|100%|HC|  |TAMS 0x0000000708600000, 0x0000000708400000| Complete 
|  59|0x0000000708600000, 0x0000000708800000, 0x0000000708800000|100%|HC|  |TAMS 0x0000000708800000, 0x0000000708600000| Complete 
|  60|0x0000000708800000, 0x0000000708a00000, 0x0000000708a00000|100%| O|  |TAMS 0x0000000708a00000, 0x0000000708800000| Untracked 
|  61|0x0000000708a00000, 0x0000000708c00000, 0x0000000708c00000|100%| O|  |TAMS 0x0000000708c00000, 0x0000000708a00000| Untracked 
|  62|0x0000000708c00000, 0x0000000708e00000, 0x0000000708e00000|100%| O|  |TAMS 0x0000000708e00000, 0x0000000708c00000| Untracked 
|  63|0x0000000708e00000, 0x0000000709000000, 0x0000000709000000|100%| O|  |TAMS 0x0000000709000000, 0x0000000708e00000| Untracked 
|  64|0x0000000709000000, 0x0000000709200000, 0x0000000709200000|100%| O|  |TAMS 0x0000000709200000, 0x0000000709000000| Untracked 
|  65|0x0000000709200000, 0x0000000709400000, 0x0000000709400000|100%| O|  |TAMS 0x0000000709400000, 0x0000000709200000| Untracked 
|  66|0x0000000709400000, 0x0000000709600000, 0x0000000709600000|100%| O|  |TAMS 0x0000000709600000, 0x0000000709400000| Untracked 
|  67|0x0000000709600000, 0x0000000709800000, 0x0000000709800000|100%| O|  |TAMS 0x0000000709800000, 0x0000000709600000| Untracked 
|  68|0x0000000709800000, 0x0000000709a00000, 0x0000000709a00000|100%| O|  |TAMS 0x0000000709a00000, 0x0000000709800000| Untracked 
|  69|0x0000000709a00000, 0x0000000709c00000, 0x0000000709c00000|100%| O|  |TAMS 0x0000000709c00000, 0x0000000709a00000| Untracked 
|  70|0x0000000709c00000, 0x0000000709e00000, 0x0000000709e00000|100%| O|  |TAMS 0x0000000709e00000, 0x0000000709c00000| Untracked 
|  71|0x0000000709e00000, 0x000000070a000000, 0x000000070a000000|100%|HS|  |TAMS 0x000000070a000000, 0x0000000709e00000| Complete 
|  72|0x000000070a000000, 0x000000070a200000, 0x000000070a200000|100%|HC|  |TAMS 0x000000070a200000, 0x000000070a000000| Complete 
|  73|0x000000070a200000, 0x000000070a400000, 0x000000070a400000|100%|HC|  |TAMS 0x000000070a400000, 0x000000070a200000| Complete 
|  74|0x000000070a400000, 0x000000070a600000, 0x000000070a600000|100%|HS|  |TAMS 0x000000070a600000, 0x000000070a400000| Complete 
|  75|0x000000070a600000, 0x000000070a800000, 0x000000070a800000|100%|HC|  |TAMS 0x000000070a800000, 0x000000070a600000| Complete 
|  76|0x000000070a800000, 0x000000070aa00000, 0x000000070aa00000|100%|HC|  |TAMS 0x000000070aa00000, 0x000000070a800000| Complete 
|  77|0x000000070aa00000, 0x000000070ac00000, 0x000000070ac00000|100%|HS|  |TAMS 0x000000070ac00000, 0x000000070aa00000| Complete 
|  78|0x000000070ac00000, 0x000000070ae00000, 0x000000070ae00000|100%|HC|  |TAMS 0x000000070ae00000, 0x000000070ac00000| Complete 
|  79|0x000000070ae00000, 0x000000070b000000, 0x000000070b000000|100%|HC|  |TAMS 0x000000070b000000, 0x000000070ae00000| Complete 
|  80|0x000000070b000000, 0x000000070b200000, 0x000000070b200000|100%|HS|  |TAMS 0x000000070b200000, 0x000000070b000000| Complete 
|  81|0x000000070b200000, 0x000000070b400000, 0x000000070b400000|100%|HC|  |TAMS 0x000000070b400000, 0x000000070b200000| Complete 
|  82|0x000000070b400000, 0x000000070b600000, 0x000000070b600000|100%|HC|  |TAMS 0x000000070b600000, 0x000000070b400000| Complete 
|  83|0x000000070b600000, 0x000000070b800000, 0x000000070b800000|100%|HS|  |TAMS 0x000000070b800000, 0x000000070b600000| Complete 
|  84|0x000000070b800000, 0x000000070ba00000, 0x000000070ba00000|100%|HC|  |TAMS 0x000000070ba00000, 0x000000070b800000| Complete 
|  85|0x000000070ba00000, 0x000000070bc00000, 0x000000070bc00000|100%|HC|  |TAMS 0x000000070bc00000, 0x000000070ba00000| Complete 
|  86|0x000000070bc00000, 0x000000070be00000, 0x000000070be00000|100%|HS|  |TAMS 0x000000070be00000, 0x000000070bc00000| Complete 
|  87|0x000000070be00000, 0x000000070c000000, 0x000000070c000000|100%|HC|  |TAMS 0x000000070c000000, 0x000000070be00000| Complete 
|  88|0x000000070c000000, 0x000000070c200000, 0x000000070c200000|100%|HC|  |TAMS 0x000000070c200000, 0x000000070c000000| Complete 
|  89|0x000000070c200000, 0x000000070c400000, 0x000000070c400000|100%|HS|  |TAMS 0x000000070c400000, 0x000000070c200000| Complete 
|  90|0x000000070c400000, 0x000000070c600000, 0x000000070c600000|100%|HC|  |TAMS 0x000000070c600000, 0x000000070c400000| Complete 
|  91|0x000000070c600000, 0x000000070c800000, 0x000000070c800000|100%|HC|  |TAMS 0x000000070c800000, 0x000000070c600000| Complete 
|  92|0x000000070c800000, 0x000000070ca00000, 0x000000070ca00000|100%| O|  |TAMS 0x000000070ca00000, 0x000000070c800000| Untracked 
|  93|0x000000070ca00000, 0x000000070cc00000, 0x000000070cc00000|100%|HS|  |TAMS 0x000000070cc00000, 0x000000070ca00000| Complete 
|  94|0x000000070cc00000, 0x000000070ce00000, 0x000000070ce00000|100%|HC|  |TAMS 0x000000070ce00000, 0x000000070cc00000| Complete 
|  95|0x000000070ce00000, 0x000000070d000000, 0x000000070d000000|100%|HC|  |TAMS 0x000000070d000000, 0x000000070ce00000| Complete 
|  96|0x000000070d000000, 0x000000070d200000, 0x000000070d200000|100%| O|  |TAMS 0x000000070d200000, 0x000000070d000000| Untracked 
|  97|0x000000070d200000, 0x000000070d400000, 0x000000070d400000|100%| O|  |TAMS 0x000000070d400000, 0x000000070d200000| Untracked 
|  98|0x000000070d400000, 0x000000070d600000, 0x000000070d600000|100%| O|  |TAMS 0x000000070d600000, 0x000000070d400000| Untracked 
|  99|0x000000070d600000, 0x000000070d800000, 0x000000070d800000|100%| O|  |TAMS 0x000000070d800000, 0x000000070d600000| Untracked 
| 100|0x000000070d800000, 0x000000070da00000, 0x000000070da00000|100%| O|  |TAMS 0x000000070da00000, 0x000000070d800000| Untracked 
| 101|0x000000070da00000, 0x000000070dc00000, 0x000000070dc00000|100%| O|  |TAMS 0x000000070dc00000, 0x000000070da00000| Untracked 
| 102|0x000000070dc00000, 0x000000070de00000, 0x000000070de00000|100%|HS|  |TAMS 0x000000070de00000, 0x000000070dc00000| Complete 
| 103|0x000000070de00000, 0x000000070e000000, 0x000000070e000000|100%|HC|  |TAMS 0x000000070e000000, 0x000000070de00000| Complete 
| 104|0x000000070e000000, 0x000000070e200000, 0x000000070e200000|100%|HC|  |TAMS 0x000000070e200000, 0x000000070e000000| Complete 
| 105|0x000000070e200000, 0x000000070e400000, 0x000000070e400000|100%| O|  |TAMS 0x000000070e400000, 0x000000070e200000| Untracked 
| 106|0x000000070e400000, 0x000000070e600000, 0x000000070e600000|100%| O|  |TAMS 0x000000070e400000, 0x000000070e400000| Untracked 
| 107|0x000000070e600000, 0x000000070e800000, 0x000000070e800000|100%| O|  |TAMS 0x000000070e600000, 0x000000070e600000| Untracked 
| 108|0x000000070e800000, 0x000000070ea00000, 0x000000070ea00000|100%|HS|  |TAMS 0x000000070ea00000, 0x000000070e800000| Complete 
| 109|0x000000070ea00000, 0x000000070ec00000, 0x000000070ec00000|100%|HC|  |TAMS 0x000000070ec00000, 0x000000070ea00000| Complete 
| 110|0x000000070ec00000, 0x000000070ee00000, 0x000000070ee00000|100%|HC|  |TAMS 0x000000070ee00000, 0x000000070ec00000| Complete 
| 111|0x000000070ee00000, 0x000000070f000000, 0x000000070f000000|100%| O|  |TAMS 0x000000070f000000, 0x000000070ee00000| Untracked 
| 112|0x000000070f000000, 0x000000070f200000, 0x000000070f200000|100%| O|  |TAMS 0x000000070f200000, 0x000000070f000000| Untracked 
| 113|0x000000070f200000, 0x000000070f400000, 0x000000070f400000|100%| O|  |TAMS 0x000000070f400000, 0x000000070f200000| Untracked 
| 114|0x000000070f400000, 0x000000070f600000, 0x000000070f600000|100%| O|  |TAMS 0x000000070f600000, 0x000000070f400000| Untracked 
| 115|0x000000070f600000, 0x000000070f800000, 0x000000070f800000|100%|HS|  |TAMS 0x000000070f800000, 0x000000070f600000| Complete 
| 116|0x000000070f800000, 0x000000070fa00000, 0x000000070fa00000|100%|HC|  |TAMS 0x000000070fa00000, 0x000000070f800000| Complete 
| 117|0x000000070fa00000, 0x000000070fc00000, 0x000000070fc00000|100%|HC|  |TAMS 0x000000070fc00000, 0x000000070fa00000| Complete 
| 118|0x000000070fc00000, 0x000000070fe00000, 0x000000070fe00000|100%| O|  |TAMS 0x000000070fe00000, 0x000000070fc00000| Untracked 
| 119|0x000000070fe00000, 0x0000000710000000, 0x0000000710000000|100%| O|  |TAMS 0x0000000710000000, 0x000000070fe00000| Untracked 
| 120|0x0000000710000000, 0x0000000710200000, 0x0000000710200000|100%| O|  |TAMS 0x0000000710200000, 0x0000000710000000| Untracked 
| 121|0x0000000710200000, 0x0000000710400000, 0x0000000710400000|100%| O|  |TAMS 0x0000000710245000, 0x0000000710200000| Untracked 
| 122|0x0000000710400000, 0x0000000710600000, 0x0000000710600000|100%|HS|  |TAMS 0x0000000710600000, 0x0000000710400000| Complete 
| 123|0x0000000710600000, 0x0000000710800000, 0x0000000710800000|100%| O|  |TAMS 0x0000000710800000, 0x0000000710600000| Untracked 
| 124|0x0000000710800000, 0x0000000710a00000, 0x0000000710a00000|100%| O|  |TAMS 0x0000000710a00000, 0x0000000710800000| Untracked 
| 125|0x0000000710a00000, 0x0000000710c00000, 0x0000000710c00000|100%| O|  |TAMS 0x0000000710c00000, 0x0000000710a00000| Untracked 
| 126|0x0000000710c00000, 0x0000000710e00000, 0x0000000710e00000|100%| O|  |TAMS 0x0000000710e00000, 0x0000000710c00000| Untracked 
| 127|0x0000000710e00000, 0x0000000711000000, 0x0000000711000000|100%| O|  |TAMS 0x0000000711000000, 0x0000000710e00000| Untracked 
| 128|0x0000000711000000, 0x0000000711200000, 0x0000000711200000|100%| O|  |TAMS 0x0000000711200000, 0x0000000711000000| Untracked 
| 129|0x0000000711200000, 0x0000000711400000, 0x0000000711400000|100%| O|  |TAMS 0x0000000711400000, 0x0000000711200000| Untracked 
| 130|0x0000000711400000, 0x0000000711600000, 0x0000000711600000|100%|HS|  |TAMS 0x0000000711600000, 0x0000000711400000| Complete 
| 131|0x0000000711600000, 0x0000000711800000, 0x0000000711800000|100%| O|  |TAMS 0x0000000711600000, 0x0000000711600000| Untracked 
| 132|0x0000000711800000, 0x00000007119f3400, 0x0000000711a00000| 97%| O|  |TAMS 0x0000000711800000, 0x0000000711800000| Untracked 
| 133|0x0000000711a00000, 0x0000000711a00000, 0x0000000711c00000|  0%| F|  |TAMS 0x0000000711a00000, 0x0000000711a00000| Untracked 
| 134|0x0000000711c00000, 0x0000000711c00000, 0x0000000711e00000|  0%| F|  |TAMS 0x0000000711c00000, 0x0000000711c00000| Untracked 
| 135|0x0000000711e00000, 0x0000000711e00000, 0x0000000712000000|  0%| F|  |TAMS 0x0000000711e00000, 0x0000000711e00000| Untracked 
| 136|0x0000000712000000, 0x0000000712000000, 0x0000000712200000|  0%| F|  |TAMS 0x0000000712000000, 0x0000000712000000| Untracked 
| 137|0x0000000712200000, 0x0000000712200000, 0x0000000712400000|  0%| F|  |TAMS 0x0000000712200000, 0x0000000712200000| Untracked 
| 138|0x0000000712400000, 0x0000000712400000, 0x0000000712600000|  0%| F|  |TAMS 0x0000000712400000, 0x0000000712400000| Untracked 
| 139|0x0000000712600000, 0x0000000712600000, 0x0000000712800000|  0%| F|  |TAMS 0x0000000712600000, 0x0000000712600000| Untracked 
| 140|0x0000000712800000, 0x0000000712800000, 0x0000000712a00000|  0%| F|  |TAMS 0x0000000712800000, 0x0000000712800000| Untracked 
| 141|0x0000000712a00000, 0x0000000712a00000, 0x0000000712c00000|  0%| F|  |TAMS 0x0000000712a00000, 0x0000000712a00000| Untracked 
| 142|0x0000000712c00000, 0x0000000712c00000, 0x0000000712e00000|  0%| F|  |TAMS 0x0000000712c00000, 0x0000000712c00000| Untracked 
| 143|0x0000000712e00000, 0x0000000712e00000, 0x0000000713000000|  0%| F|  |TAMS 0x0000000712e00000, 0x0000000712e00000| Untracked 
| 144|0x0000000713000000, 0x0000000713000000, 0x0000000713200000|  0%| F|  |TAMS 0x0000000713000000, 0x0000000713000000| Untracked 
| 145|0x0000000713200000, 0x0000000713200000, 0x0000000713400000|  0%| F|  |TAMS 0x0000000713200000, 0x0000000713200000| Untracked 
| 146|0x0000000713400000, 0x0000000713400000, 0x0000000713600000|  0%| F|  |TAMS 0x0000000713400000, 0x0000000713400000| Untracked 
| 147|0x0000000713600000, 0x0000000713600000, 0x0000000713800000|  0%| F|  |TAMS 0x0000000713600000, 0x0000000713600000| Untracked 
| 148|0x0000000713800000, 0x0000000713800000, 0x0000000713a00000|  0%| F|  |TAMS 0x0000000713800000, 0x0000000713800000| Untracked 
| 149|0x0000000713a00000, 0x0000000713a00000, 0x0000000713c00000|  0%| F|  |TAMS 0x0000000713a00000, 0x0000000713a00000| Untracked 
| 150|0x0000000713c00000, 0x0000000713c00000, 0x0000000713e00000|  0%| F|  |TAMS 0x0000000713c00000, 0x0000000713c00000| Untracked 
| 151|0x0000000713e00000, 0x0000000713e00000, 0x0000000714000000|  0%| F|  |TAMS 0x0000000713e00000, 0x0000000713e00000| Untracked 
| 152|0x0000000714000000, 0x0000000714000000, 0x0000000714200000|  0%| F|  |TAMS 0x0000000714000000, 0x0000000714000000| Untracked 
| 153|0x0000000714200000, 0x0000000714200000, 0x0000000714400000|  0%| F|  |TAMS 0x0000000714200000, 0x0000000714200000| Untracked 
| 154|0x0000000714400000, 0x0000000714400000, 0x0000000714600000|  0%| F|  |TAMS 0x0000000714400000, 0x0000000714400000| Untracked 
| 155|0x0000000714600000, 0x0000000714600000, 0x0000000714800000|  0%| F|  |TAMS 0x0000000714600000, 0x0000000714600000| Untracked 
| 156|0x0000000714800000, 0x0000000714800000, 0x0000000714a00000|  0%| F|  |TAMS 0x0000000714800000, 0x0000000714800000| Untracked 
| 157|0x0000000714a00000, 0x0000000714a00000, 0x0000000714c00000|  0%| F|  |TAMS 0x0000000714a00000, 0x0000000714a00000| Untracked 
| 158|0x0000000714c00000, 0x0000000714c00000, 0x0000000714e00000|  0%| F|  |TAMS 0x0000000714c00000, 0x0000000714c00000| Untracked 
| 159|0x0000000714e00000, 0x0000000714e00000, 0x0000000715000000|  0%| F|  |TAMS 0x0000000714e00000, 0x0000000714e00000| Untracked 
| 160|0x0000000715000000, 0x0000000715000000, 0x0000000715200000|  0%| F|  |TAMS 0x0000000715000000, 0x0000000715000000| Untracked 
| 161|0x0000000715200000, 0x0000000715200000, 0x0000000715400000|  0%| F|  |TAMS 0x0000000715200000, 0x0000000715200000| Untracked 
| 162|0x0000000715400000, 0x0000000715400000, 0x0000000715600000|  0%| F|  |TAMS 0x0000000715400000, 0x0000000715400000| Untracked 
| 163|0x0000000715600000, 0x0000000715600000, 0x0000000715800000|  0%| F|  |TAMS 0x0000000715600000, 0x0000000715600000| Untracked 
| 164|0x0000000715800000, 0x0000000715800000, 0x0000000715a00000|  0%| F|  |TAMS 0x0000000715800000, 0x0000000715800000| Untracked 
| 165|0x0000000715a00000, 0x0000000715a00000, 0x0000000715c00000|  0%| F|  |TAMS 0x0000000715a00000, 0x0000000715a00000| Untracked 
| 166|0x0000000715c00000, 0x0000000715c068d0, 0x0000000715e00000|  1%| S|CS|TAMS 0x0000000715c00000, 0x0000000715c00000| Complete 
| 167|0x0000000715e00000, 0x0000000715e00000, 0x0000000716000000|  0%| F|  |TAMS 0x0000000715e00000, 0x0000000715e00000| Untracked 
| 168|0x0000000716000000, 0x0000000716000000, 0x0000000716200000|  0%| F|  |TAMS 0x0000000716000000, 0x0000000716000000| Untracked 
| 169|0x0000000716200000, 0x0000000716200000, 0x0000000716400000|  0%| F|  |TAMS 0x0000000716200000, 0x0000000716200000| Untracked 
| 170|0x0000000716400000, 0x0000000716400000, 0x0000000716600000|  0%| F|  |TAMS 0x0000000716400000, 0x0000000716400000| Untracked 
| 171|0x0000000716600000, 0x0000000716600000, 0x0000000716800000|  0%| F|  |TAMS 0x0000000716600000, 0x0000000716600000| Untracked 
| 172|0x0000000716800000, 0x0000000716800000, 0x0000000716a00000|  0%| F|  |TAMS 0x0000000716800000, 0x0000000716800000| Untracked 
| 173|0x0000000716a00000, 0x0000000716a00000, 0x0000000716c00000|  0%| F|  |TAMS 0x0000000716a00000, 0x0000000716a00000| Untracked 
| 174|0x0000000716c00000, 0x0000000716c00000, 0x0000000716e00000|  0%| F|  |TAMS 0x0000000716c00000, 0x0000000716c00000| Untracked 
| 175|0x0000000716e00000, 0x0000000716e00000, 0x0000000717000000|  0%| F|  |TAMS 0x0000000716e00000, 0x0000000716e00000| Untracked 
| 176|0x0000000717000000, 0x0000000717000000, 0x0000000717200000|  0%| F|  |TAMS 0x0000000717000000, 0x0000000717000000| Untracked 
| 177|0x0000000717200000, 0x0000000717200000, 0x0000000717400000|  0%| F|  |TAMS 0x0000000717200000, 0x0000000717200000| Untracked 
| 178|0x0000000717400000, 0x0000000717400000, 0x0000000717600000|  0%| F|  |TAMS 0x0000000717400000, 0x0000000717400000| Untracked 
| 179|0x0000000717600000, 0x0000000717600000, 0x0000000717800000|  0%| F|  |TAMS 0x0000000717600000, 0x0000000717600000| Untracked 
| 180|0x0000000717800000, 0x0000000717800000, 0x0000000717a00000|  0%| F|  |TAMS 0x0000000717800000, 0x0000000717800000| Untracked 
| 181|0x0000000717a00000, 0x0000000717a00000, 0x0000000717c00000|  0%| F|  |TAMS 0x0000000717a00000, 0x0000000717a00000| Untracked 
| 182|0x0000000717c00000, 0x0000000717c00000, 0x0000000717e00000|  0%| F|  |TAMS 0x0000000717c00000, 0x0000000717c00000| Untracked 
| 183|0x0000000717e00000, 0x0000000717e00000, 0x0000000718000000|  0%| F|  |TAMS 0x0000000717e00000, 0x0000000717e00000| Untracked 
| 184|0x0000000718000000, 0x0000000718000000, 0x0000000718200000|  0%| F|  |TAMS 0x0000000718000000, 0x0000000718000000| Untracked 
| 185|0x0000000718200000, 0x0000000718200000, 0x0000000718400000|  0%| F|  |TAMS 0x0000000718200000, 0x0000000718200000| Untracked 
| 186|0x0000000718400000, 0x0000000718400000, 0x0000000718600000|  0%| F|  |TAMS 0x0000000718400000, 0x0000000718400000| Untracked 
| 187|0x0000000718600000, 0x0000000718600000, 0x0000000718800000|  0%| F|  |TAMS 0x0000000718600000, 0x0000000718600000| Untracked 
| 188|0x0000000718800000, 0x0000000718800000, 0x0000000718a00000|  0%| F|  |TAMS 0x0000000718800000, 0x0000000718800000| Untracked 
| 189|0x0000000718a00000, 0x0000000718a00000, 0x0000000718c00000|  0%| F|  |TAMS 0x0000000718a00000, 0x0000000718a00000| Untracked 
| 190|0x0000000718c00000, 0x0000000718c00000, 0x0000000718e00000|  0%| F|  |TAMS 0x0000000718c00000, 0x0000000718c00000| Untracked 
| 191|0x0000000718e00000, 0x0000000718f365d0, 0x0000000719000000| 60%| E|  |TAMS 0x0000000718e00000, 0x0000000718e00000| Complete 
| 192|0x0000000719000000, 0x0000000719200000, 0x0000000719200000|100%| E|CS|TAMS 0x0000000719000000, 0x0000000719000000| Complete 
| 193|0x0000000719200000, 0x0000000719400000, 0x0000000719400000|100%| E|CS|TAMS 0x0000000719200000, 0x0000000719200000| Complete 
| 194|0x0000000719400000, 0x0000000719600000, 0x0000000719600000|100%| E|CS|TAMS 0x0000000719400000, 0x0000000719400000| Complete 
| 195|0x0000000719600000, 0x0000000719800000, 0x0000000719800000|100%| E|CS|TAMS 0x0000000719600000, 0x0000000719600000| Complete 
| 196|0x0000000719800000, 0x0000000719a00000, 0x0000000719a00000|100%| E|CS|TAMS 0x0000000719800000, 0x0000000719800000| Complete 
| 197|0x0000000719a00000, 0x0000000719c00000, 0x0000000719c00000|100%| E|CS|TAMS 0x0000000719a00000, 0x0000000719a00000| Complete 
| 198|0x0000000719c00000, 0x0000000719e00000, 0x0000000719e00000|100%| E|CS|TAMS 0x0000000719c00000, 0x0000000719c00000| Complete 
| 199|0x0000000719e00000, 0x000000071a000000, 0x000000071a000000|100%| E|CS|TAMS 0x0000000719e00000, 0x0000000719e00000| Complete 
| 200|0x000000071a000000, 0x000000071a200000, 0x000000071a200000|100%| E|CS|TAMS 0x000000071a000000, 0x000000071a000000| Complete 
| 201|0x000000071a200000, 0x000000071a400000, 0x000000071a400000|100%| E|CS|TAMS 0x000000071a200000, 0x000000071a200000| Complete 
| 202|0x000000071a400000, 0x000000071a600000, 0x000000071a600000|100%| E|CS|TAMS 0x000000071a400000, 0x000000071a400000| Complete 
| 203|0x000000071a600000, 0x000000071a800000, 0x000000071a800000|100%| E|CS|TAMS 0x000000071a600000, 0x000000071a600000| Complete 
| 204|0x000000071a800000, 0x000000071aa00000, 0x000000071aa00000|100%| E|CS|TAMS 0x000000071a800000, 0x000000071a800000| Complete 
| 205|0x000000071aa00000, 0x000000071ac00000, 0x000000071ac00000|100%| E|CS|TAMS 0x000000071aa00000, 0x000000071aa00000| Complete 
| 206|0x000000071ac00000, 0x000000071ae00000, 0x000000071ae00000|100%| E|CS|TAMS 0x000000071ac00000, 0x000000071ac00000| Complete 
| 207|0x000000071ae00000, 0x000000071b000000, 0x000000071b000000|100%| E|CS|TAMS 0x000000071ae00000, 0x000000071ae00000| Complete 
| 208|0x000000071b000000, 0x000000071b200000, 0x000000071b200000|100%| E|CS|TAMS 0x000000071b000000, 0x000000071b000000| Complete 
| 209|0x000000071b200000, 0x000000071b400000, 0x000000071b400000|100%| E|CS|TAMS 0x000000071b200000, 0x000000071b200000| Complete 
| 210|0x000000071b400000, 0x000000071b600000, 0x000000071b600000|100%| E|CS|TAMS 0x000000071b400000, 0x000000071b400000| Complete 
| 211|0x000000071b600000, 0x000000071b800000, 0x000000071b800000|100%| E|CS|TAMS 0x000000071b600000, 0x000000071b600000| Complete 
| 212|0x000000071b800000, 0x000000071ba00000, 0x000000071ba00000|100%| E|CS|TAMS 0x000000071b800000, 0x000000071b800000| Complete 
| 213|0x000000071ba00000, 0x000000071bc00000, 0x000000071bc00000|100%| E|CS|TAMS 0x000000071ba00000, 0x000000071ba00000| Complete 
| 214|0x000000071bc00000, 0x000000071be00000, 0x000000071be00000|100%| E|CS|TAMS 0x000000071bc00000, 0x000000071bc00000| Complete 
| 215|0x000000071be00000, 0x000000071c000000, 0x000000071c000000|100%| E|CS|TAMS 0x000000071be00000, 0x000000071be00000| Complete 
| 216|0x000000071c000000, 0x000000071c200000, 0x000000071c200000|100%| E|CS|TAMS 0x000000071c000000, 0x000000071c000000| Complete 
| 217|0x000000071c200000, 0x000000071c400000, 0x000000071c400000|100%| E|CS|TAMS 0x000000071c200000, 0x000000071c200000| Complete 
| 218|0x000000071c400000, 0x000000071c600000, 0x000000071c600000|100%| E|CS|TAMS 0x000000071c400000, 0x000000071c400000| Complete 
| 219|0x000000071c600000, 0x000000071c800000, 0x000000071c800000|100%| E|CS|TAMS 0x000000071c600000, 0x000000071c600000| Complete 
| 220|0x000000071c800000, 0x000000071ca00000, 0x000000071ca00000|100%| E|CS|TAMS 0x000000071c800000, 0x000000071c800000| Complete 
| 221|0x000000071ca00000, 0x000000071cc00000, 0x000000071cc00000|100%| E|CS|TAMS 0x000000071ca00000, 0x000000071ca00000| Complete 
| 222|0x000000071cc00000, 0x000000071ce00000, 0x000000071ce00000|100%| E|CS|TAMS 0x000000071cc00000, 0x000000071cc00000| Complete 
| 223|0x000000071ce00000, 0x000000071d000000, 0x000000071d000000|100%| E|CS|TAMS 0x000000071ce00000, 0x000000071ce00000| Complete 
| 224|0x000000071d000000, 0x000000071d200000, 0x000000071d200000|100%| E|CS|TAMS 0x000000071d000000, 0x000000071d000000| Complete 
| 225|0x000000071d200000, 0x000000071d400000, 0x000000071d400000|100%| E|CS|TAMS 0x000000071d200000, 0x000000071d200000| Complete 
| 226|0x000000071d400000, 0x000000071d600000, 0x000000071d600000|100%| E|CS|TAMS 0x000000071d400000, 0x000000071d400000| Complete 
| 227|0x000000071d600000, 0x000000071d800000, 0x000000071d800000|100%| E|CS|TAMS 0x000000071d600000, 0x000000071d600000| Complete 
| 228|0x000000071d800000, 0x000000071da00000, 0x000000071da00000|100%| E|CS|TAMS 0x000000071d800000, 0x000000071d800000| Complete 
| 229|0x000000071da00000, 0x000000071dc00000, 0x000000071dc00000|100%| E|CS|TAMS 0x000000071da00000, 0x000000071da00000| Complete 
| 230|0x000000071dc00000, 0x000000071de00000, 0x000000071de00000|100%| E|CS|TAMS 0x000000071dc00000, 0x000000071dc00000| Complete 
| 231|0x000000071de00000, 0x000000071e000000, 0x000000071e000000|100%| E|CS|TAMS 0x000000071de00000, 0x000000071de00000| Complete 
| 232|0x000000071e000000, 0x000000071e200000, 0x000000071e200000|100%| E|CS|TAMS 0x000000071e000000, 0x000000071e000000| Complete 
| 233|0x000000071e200000, 0x000000071e400000, 0x000000071e400000|100%| E|CS|TAMS 0x000000071e200000, 0x000000071e200000| Complete 
| 234|0x000000071e400000, 0x000000071e600000, 0x000000071e600000|100%| E|CS|TAMS 0x000000071e400000, 0x000000071e400000| Complete 
| 235|0x000000071e600000, 0x000000071e800000, 0x000000071e800000|100%| E|CS|TAMS 0x000000071e600000, 0x000000071e600000| Complete 
| 236|0x000000071e800000, 0x000000071ea00000, 0x000000071ea00000|100%| E|CS|TAMS 0x000000071e800000, 0x000000071e800000| Complete 
| 237|0x000000071ea00000, 0x000000071ec00000, 0x000000071ec00000|100%| E|CS|TAMS 0x000000071ea00000, 0x000000071ea00000| Complete 
| 238|0x000000071ec00000, 0x000000071ee00000, 0x000000071ee00000|100%| E|CS|TAMS 0x000000071ec00000, 0x000000071ec00000| Complete 
| 239|0x000000071ee00000, 0x000000071f000000, 0x000000071f000000|100%| E|CS|TAMS 0x000000071ee00000, 0x000000071ee00000| Complete 
| 240|0x000000071f000000, 0x000000071f200000, 0x000000071f200000|100%| E|CS|TAMS 0x000000071f000000, 0x000000071f000000| Complete 
| 241|0x000000071f200000, 0x000000071f400000, 0x000000071f400000|100%| E|CS|TAMS 0x000000071f200000, 0x000000071f200000| Complete 
| 242|0x000000071f400000, 0x000000071f600000, 0x000000071f600000|100%| E|CS|TAMS 0x000000071f400000, 0x000000071f400000| Complete 
| 243|0x000000071f600000, 0x000000071f800000, 0x000000071f800000|100%| E|CS|TAMS 0x000000071f600000, 0x000000071f600000| Complete 
| 244|0x000000071f800000, 0x000000071fa00000, 0x000000071fa00000|100%| E|CS|TAMS 0x000000071f800000, 0x000000071f800000| Complete 
| 245|0x000000071fa00000, 0x000000071fc00000, 0x000000071fc00000|100%| E|CS|TAMS 0x000000071fa00000, 0x000000071fa00000| Complete 
| 246|0x000000071fc00000, 0x000000071fe00000, 0x000000071fe00000|100%| E|CS|TAMS 0x000000071fc00000, 0x000000071fc00000| Complete 
| 247|0x000000071fe00000, 0x0000000720000000, 0x0000000720000000|100%| E|CS|TAMS 0x000000071fe00000, 0x000000071fe00000| Complete 
| 248|0x0000000720000000, 0x0000000720200000, 0x0000000720200000|100%| E|CS|TAMS 0x0000000720000000, 0x0000000720000000| Complete 
| 249|0x0000000720200000, 0x0000000720400000, 0x0000000720400000|100%| E|CS|TAMS 0x0000000720200000, 0x0000000720200000| Complete 
| 250|0x0000000720400000, 0x0000000720600000, 0x0000000720600000|100%| E|CS|TAMS 0x0000000720400000, 0x0000000720400000| Complete 
| 251|0x0000000720600000, 0x0000000720800000, 0x0000000720800000|100%| E|CS|TAMS 0x0000000720600000, 0x0000000720600000| Complete 
| 252|0x0000000720800000, 0x0000000720a00000, 0x0000000720a00000|100%| E|CS|TAMS 0x0000000720800000, 0x0000000720800000| Complete 
| 253|0x0000000720a00000, 0x0000000720c00000, 0x0000000720c00000|100%| E|CS|TAMS 0x0000000720a00000, 0x0000000720a00000| Complete 
| 254|0x0000000720c00000, 0x0000000720e00000, 0x0000000720e00000|100%| E|CS|TAMS 0x0000000720c00000, 0x0000000720c00000| Complete 
| 255|0x0000000720e00000, 0x0000000721000000, 0x0000000721000000|100%| E|CS|TAMS 0x0000000720e00000, 0x0000000720e00000| Complete 
| 256|0x0000000721000000, 0x0000000721200000, 0x0000000721200000|100%| E|CS|TAMS 0x0000000721000000, 0x0000000721000000| Complete 
| 257|0x0000000721200000, 0x0000000721400000, 0x0000000721400000|100%| E|CS|TAMS 0x0000000721200000, 0x0000000721200000| Complete 
| 258|0x0000000721400000, 0x0000000721600000, 0x0000000721600000|100%| E|CS|TAMS 0x0000000721400000, 0x0000000721400000| Complete 
| 259|0x0000000721600000, 0x0000000721800000, 0x0000000721800000|100%| E|CS|TAMS 0x0000000721600000, 0x0000000721600000| Complete 
| 260|0x0000000721800000, 0x0000000721a00000, 0x0000000721a00000|100%| E|CS|TAMS 0x0000000721800000, 0x0000000721800000| Complete 
| 261|0x0000000721a00000, 0x0000000721c00000, 0x0000000721c00000|100%| E|CS|TAMS 0x0000000721a00000, 0x0000000721a00000| Complete 
| 262|0x0000000721c00000, 0x0000000721e00000, 0x0000000721e00000|100%| E|CS|TAMS 0x0000000721c00000, 0x0000000721c00000| Complete 
| 263|0x0000000721e00000, 0x0000000722000000, 0x0000000722000000|100%| E|CS|TAMS 0x0000000721e00000, 0x0000000721e00000| Complete 
| 264|0x0000000722000000, 0x0000000722200000, 0x0000000722200000|100%| E|CS|TAMS 0x0000000722000000, 0x0000000722000000| Complete 
| 265|0x0000000722200000, 0x0000000722400000, 0x0000000722400000|100%| E|CS|TAMS 0x0000000722200000, 0x0000000722200000| Complete 
| 266|0x0000000722400000, 0x0000000722600000, 0x0000000722600000|100%| E|CS|TAMS 0x0000000722400000, 0x0000000722400000| Complete 
| 267|0x0000000722600000, 0x0000000722800000, 0x0000000722800000|100%| E|CS|TAMS 0x0000000722600000, 0x0000000722600000| Complete 
| 268|0x0000000722800000, 0x0000000722a00000, 0x0000000722a00000|100%| E|CS|TAMS 0x0000000722800000, 0x0000000722800000| Complete 
| 269|0x0000000722a00000, 0x0000000722c00000, 0x0000000722c00000|100%| E|CS|TAMS 0x0000000722a00000, 0x0000000722a00000| Complete 
| 270|0x0000000722c00000, 0x0000000722e00000, 0x0000000722e00000|100%| E|CS|TAMS 0x0000000722c00000, 0x0000000722c00000| Complete 
| 271|0x0000000722e00000, 0x0000000723000000, 0x0000000723000000|100%| E|CS|TAMS 0x0000000722e00000, 0x0000000722e00000| Complete 
| 272|0x0000000723000000, 0x0000000723200000, 0x0000000723200000|100%| E|CS|TAMS 0x0000000723000000, 0x0000000723000000| Complete 
| 273|0x0000000723200000, 0x0000000723400000, 0x0000000723400000|100%| E|CS|TAMS 0x0000000723200000, 0x0000000723200000| Complete 
| 274|0x0000000723400000, 0x0000000723600000, 0x0000000723600000|100%| E|CS|TAMS 0x0000000723400000, 0x0000000723400000| Complete 
| 275|0x0000000723600000, 0x0000000723800000, 0x0000000723800000|100%| E|CS|TAMS 0x0000000723600000, 0x0000000723600000| Complete 
| 276|0x0000000723800000, 0x0000000723a00000, 0x0000000723a00000|100%| E|CS|TAMS 0x0000000723800000, 0x0000000723800000| Complete 
| 277|0x0000000723a00000, 0x0000000723c00000, 0x0000000723c00000|100%| E|CS|TAMS 0x0000000723a00000, 0x0000000723a00000| Complete 
| 278|0x0000000723c00000, 0x0000000723e00000, 0x0000000723e00000|100%| E|CS|TAMS 0x0000000723c00000, 0x0000000723c00000| Complete 
| 279|0x0000000723e00000, 0x0000000724000000, 0x0000000724000000|100%| E|CS|TAMS 0x0000000723e00000, 0x0000000723e00000| Complete 
| 280|0x0000000724000000, 0x0000000724200000, 0x0000000724200000|100%| E|CS|TAMS 0x0000000724000000, 0x0000000724000000| Complete 
| 281|0x0000000724200000, 0x0000000724400000, 0x0000000724400000|100%| E|CS|TAMS 0x0000000724200000, 0x0000000724200000| Complete 
| 282|0x0000000724400000, 0x0000000724600000, 0x0000000724600000|100%| E|CS|TAMS 0x0000000724400000, 0x0000000724400000| Complete 
| 283|0x0000000724600000, 0x0000000724800000, 0x0000000724800000|100%| E|CS|TAMS 0x0000000724600000, 0x0000000724600000| Complete 
| 284|0x0000000724800000, 0x0000000724a00000, 0x0000000724a00000|100%| E|CS|TAMS 0x0000000724800000, 0x0000000724800000| Complete 
| 285|0x0000000724a00000, 0x0000000724c00000, 0x0000000724c00000|100%| E|CS|TAMS 0x0000000724a00000, 0x0000000724a00000| Complete 
| 286|0x0000000724c00000, 0x0000000724e00000, 0x0000000724e00000|100%| E|CS|TAMS 0x0000000724c00000, 0x0000000724c00000| Complete 
| 287|0x0000000724e00000, 0x0000000725000000, 0x0000000725000000|100%| E|CS|TAMS 0x0000000724e00000, 0x0000000724e00000| Complete 
| 288|0x0000000725000000, 0x0000000725200000, 0x0000000725200000|100%| E|CS|TAMS 0x0000000725000000, 0x0000000725000000| Complete 
| 289|0x0000000725200000, 0x0000000725400000, 0x0000000725400000|100%| E|CS|TAMS 0x0000000725200000, 0x0000000725200000| Complete 
| 290|0x0000000725400000, 0x0000000725600000, 0x0000000725600000|100%| E|CS|TAMS 0x0000000725400000, 0x0000000725400000| Complete 
| 291|0x0000000725600000, 0x0000000725800000, 0x0000000725800000|100%| E|CS|TAMS 0x0000000725600000, 0x0000000725600000| Complete 
| 292|0x0000000725800000, 0x0000000725a00000, 0x0000000725a00000|100%| E|CS|TAMS 0x0000000725800000, 0x0000000725800000| Complete 
| 293|0x0000000725a00000, 0x0000000725c00000, 0x0000000725c00000|100%| E|CS|TAMS 0x0000000725a00000, 0x0000000725a00000| Complete 
| 294|0x0000000725c00000, 0x0000000725e00000, 0x0000000725e00000|100%| E|CS|TAMS 0x0000000725c00000, 0x0000000725c00000| Complete 
| 295|0x0000000725e00000, 0x0000000726000000, 0x0000000726000000|100%| E|CS|TAMS 0x0000000725e00000, 0x0000000725e00000| Complete 
| 296|0x0000000726000000, 0x0000000726200000, 0x0000000726200000|100%| E|CS|TAMS 0x0000000726000000, 0x0000000726000000| Complete 
| 297|0x0000000726200000, 0x0000000726400000, 0x0000000726400000|100%| E|CS|TAMS 0x0000000726200000, 0x0000000726200000| Complete 
| 298|0x0000000726400000, 0x0000000726600000, 0x0000000726600000|100%| E|CS|TAMS 0x0000000726400000, 0x0000000726400000| Complete 
| 299|0x0000000726600000, 0x0000000726800000, 0x0000000726800000|100%| E|CS|TAMS 0x0000000726600000, 0x0000000726600000| Complete 
| 300|0x0000000726800000, 0x0000000726a00000, 0x0000000726a00000|100%| E|CS|TAMS 0x0000000726800000, 0x0000000726800000| Complete 
| 301|0x0000000726a00000, 0x0000000726c00000, 0x0000000726c00000|100%| E|CS|TAMS 0x0000000726a00000, 0x0000000726a00000| Complete 
| 302|0x0000000726c00000, 0x0000000726e00000, 0x0000000726e00000|100%| E|CS|TAMS 0x0000000726c00000, 0x0000000726c00000| Complete 
| 303|0x0000000726e00000, 0x0000000727000000, 0x0000000727000000|100%| E|CS|TAMS 0x0000000726e00000, 0x0000000726e00000| Complete 
| 304|0x0000000727000000, 0x0000000727200000, 0x0000000727200000|100%| E|CS|TAMS 0x0000000727000000, 0x0000000727000000| Complete 
| 305|0x0000000727200000, 0x0000000727400000, 0x0000000727400000|100%| E|CS|TAMS 0x0000000727200000, 0x0000000727200000| Complete 
| 306|0x0000000727400000, 0x0000000727600000, 0x0000000727600000|100%| E|CS|TAMS 0x0000000727400000, 0x0000000727400000| Complete 
| 307|0x0000000727600000, 0x0000000727800000, 0x0000000727800000|100%| E|CS|TAMS 0x0000000727600000, 0x0000000727600000| Complete 
| 308|0x0000000727800000, 0x0000000727a00000, 0x0000000727a00000|100%| E|CS|TAMS 0x0000000727800000, 0x0000000727800000| Complete 
| 309|0x0000000727a00000, 0x0000000727c00000, 0x0000000727c00000|100%| E|CS|TAMS 0x0000000727a00000, 0x0000000727a00000| Complete 
| 310|0x0000000727c00000, 0x0000000727e00000, 0x0000000727e00000|100%| E|CS|TAMS 0x0000000727c00000, 0x0000000727c00000| Complete 
| 311|0x0000000727e00000, 0x0000000728000000, 0x0000000728000000|100%| E|CS|TAMS 0x0000000727e00000, 0x0000000727e00000| Complete 
| 312|0x0000000728000000, 0x0000000728200000, 0x0000000728200000|100%| E|CS|TAMS 0x0000000728000000, 0x0000000728000000| Complete 
| 313|0x0000000728200000, 0x0000000728400000, 0x0000000728400000|100%| E|CS|TAMS 0x0000000728200000, 0x0000000728200000| Complete 
| 314|0x0000000728400000, 0x0000000728600000, 0x0000000728600000|100%| E|CS|TAMS 0x0000000728400000, 0x0000000728400000| Complete 
| 315|0x0000000728600000, 0x0000000728800000, 0x0000000728800000|100%| E|CS|TAMS 0x0000000728600000, 0x0000000728600000| Complete 
| 316|0x0000000728800000, 0x0000000728a00000, 0x0000000728a00000|100%| E|CS|TAMS 0x0000000728800000, 0x0000000728800000| Complete 
| 317|0x0000000728a00000, 0x0000000728c00000, 0x0000000728c00000|100%| E|CS|TAMS 0x0000000728a00000, 0x0000000728a00000| Complete 
| 318|0x0000000728c00000, 0x0000000728e00000, 0x0000000728e00000|100%| E|CS|TAMS 0x0000000728c00000, 0x0000000728c00000| Complete 
| 319|0x0000000728e00000, 0x0000000729000000, 0x0000000729000000|100%| E|CS|TAMS 0x0000000728e00000, 0x0000000728e00000| Complete 
| 320|0x0000000729000000, 0x0000000729200000, 0x0000000729200000|100%| E|CS|TAMS 0x0000000729000000, 0x0000000729000000| Complete 

Card table byte_map: [0x0000017c1a8e0000,0x0000017c1b0e0000] _byte_map_base: 0x0000017c170d8000

Marking Bits (Prev, Next): (CMBitMap*) 0x0000017c0314f260, (CMBitMap*) 0x0000017c0314f220
 Prev Bits: [0x0000017c1f8a0000, 0x0000017c23860000)
 Next Bits: [0x0000017c1b8e0000, 0x0000017c1f8a0000)

Polling page: 0x0000017c01060000

Metaspace:

Usage:
  Non-class:     33.45 MB used.
      Class:      5.83 MB used.
       Both:     39.28 MB used.

Virtual space:
  Non-class space:       40.00 MB reserved,      33.63 MB ( 84%) committed,  5 nodes.
      Class space:        1.00 GB reserved,       6.00 MB ( <1%) committed,  1 nodes.
              Both:        1.04 GB reserved,      39.63 MB (  4%) committed. 

Chunk freelists:
   Non-Class:  1.88 MB
       Class:  1.94 MB
        Both:  3.82 MB

MaxMetaspaceSize: 17179869184.00 GB
CompressedClassSpaceSize: 1.00 GB
 - commit_granule_bytes: 65536.
 - commit_granule_words: 8192.
 - virtual_space_node_default_size: 1048576.
 - enlarge_chunks_in_place: 1.
 - new_chunks_are_fully_committed: 0.
 - uncommit_free_chunks: 1.
 - use_allocation_guard: 0.
 - handle_deallocations: 1.


Internal statistics:

num_allocs_failed_limit: 0.
num_arena_births: 524.
num_arena_deaths: 0.
num_vsnodes_births: 6.
num_vsnodes_deaths: 0.
num_space_committed: 634.
num_space_uncommitted: 0.
num_chunks_returned_to_freelist: 0.
num_chunks_taken_from_freelist: 2160.
num_chunk_merges: 0.
num_chunk_splits: 1463.
num_chunks_enlarged: 1104.
num_purges: 0.

CodeHeap 'non-profiled nmethods': size=119168Kb used=8453Kb max_used=9676Kb free=110714Kb
 bounds [0x0000017c12400000, 0x0000017c12d80000, 0x0000017c19860000]
CodeHeap 'profiled nmethods': size=119104Kb used=14889Kb max_used=16311Kb free=104214Kb
 bounds [0x0000017c0afb0000, 0x0000017c0bfe0000, 0x0000017c12400000]
CodeHeap 'non-nmethods': size=7488Kb used=1536Kb max_used=3284Kb free=5951Kb
 bounds [0x0000017c0a860000, 0x0000017c0abb0000, 0x0000017c0afb0000]
 total_blobs=9690 nmethods=8786 adapters=815
 compilation: enabled
              stopped_count=0, restarted_count=0
 full_count=0

Compilation events (20 events):
Event: 737.071 Thread 0x0000017c2683a540 11690       1       javafx.scene.Node::isCanReceiveFocus (5 bytes)
Event: 737.071 Thread 0x0000017c2683a540 nmethod 11690 0x0000017c12572090 code [0x0000017c12572220, 0x0000017c125722f8]
Event: 737.077 Thread 0x0000017c26830230 11691       4       com.sun.marlin.DRenderer::_endRendering (2473 bytes)
Event: 737.150 Thread 0x0000017c26830230 nmethod 11691 0x0000017c12c25e90 code [0x0000017c12c260a0, 0x0000017c12c29678]
Event: 737.156 Thread 0x0000017c26830230 11692       4       javafx.scene.Node::hasProperties (25 bytes)
Event: 737.157 Thread 0x0000017c26830230 nmethod 11692 0x0000017c12c25a10 code [0x0000017c12c25ba0, 0x0000017c12c25c78]
Event: 737.253 Thread 0x0000017c2683a540 11693       3       com.sun.scenario.animation.AbstractMasterTimer::removePulseReceiver (135 bytes)
Event: 737.253 Thread 0x0000017c2683a540 nmethod 11693 0x0000017c0b38ea10 code [0x0000017c0b38ec40, 0x0000017c0b38f668]
Event: 737.267 Thread 0x0000017c2683a540 11694   !   3       com.sun.scenario.animation.shared.InfiniteClipEnvelope::timePulse (311 bytes)
Event: 737.268 Thread 0x0000017c2683a540 nmethod 11694 0x0000017c0b57e310 code [0x0000017c0b57e5a0, 0x0000017c0b57f2c8]
Event: 737.907 Thread 0x0000017c2683a540 11695       3       com.sun.scenario.animation.shared.GeneralClipInterpolator::interpolate (143 bytes)
Event: 737.908 Thread 0x0000017c2683a540 nmethod 11695 0x0000017c0b696610 code [0x0000017c0b696820, 0x0000017c0b696dc8]
Event: 739.877 Thread 0x0000017c26830230 11696       4       javafx.scene.Scene$MouseHandler::clearPDREventTargets (46 bytes)
Event: 739.880 Thread 0x0000017c26830230 nmethod 11696 0x0000017c1295f510 code [0x0000017c1295f6a0, 0x0000017c1295fa58]
Event: 740.211 Thread 0x0000017c2683a540 11697       3       com.sun.javafx.scene.control.inputmap.InputMap::lookupMappingAndSpecificity (182 bytes)
Event: 740.213 Thread 0x0000017c2683a540 nmethod 11697 0x0000017c0b160c90 code [0x0000017c0b1610a0, 0x0000017c0b1637f8]
Event: 740.324 Thread 0x0000017c2683a540 11698       3       javafx.scene.layout.VBox::spacingProperty (24 bytes)
Event: 740.324 Thread 0x0000017c2683a540 nmethod 11698 0x0000017c0b4d0210 code [0x0000017c0b4d0400, 0x0000017c0b4d0998]
Event: 740.324 Thread 0x0000017c2683a540 11699       3       javafx.scene.layout.VBox::computeContentHeight (39 bytes)
Event: 740.325 Thread 0x0000017c2683a540 nmethod 11699 0x0000017c0b104e10 code [0x0000017c0b1050c0, 0x0000017c0b105ea8]

GC Heap History (20 events):
Event: 716.332 GC heap before
{Heap before GC invocations=2374 (full 0):
 garbage-first heap   total 657408K, used 585701K [0x0000000701000000, 0x0000000800000000)
  region size 2048K, 154 young (315392K), 1 survivors (2048K)
 Metaspace       used 39545K, committed 39936K, reserved 1089536K
  class space    used 5845K, committed 6080K, reserved 1048576K
}
Event: 716.333 GC heap after
{Heap after GC invocations=2375 (full 0):
 garbage-first heap   total 657408K, used 272359K [0x0000000701000000, 0x0000000800000000)
  region size 2048K, 1 young (2048K), 1 survivors (2048K)
 Metaspace       used 39545K, committed 39936K, reserved 1089536K
  class space    used 5845K, committed 6080K, reserved 1048576K
}
Event: 716.598 GC heap before
{Heap before GC invocations=2375 (full 0):
 garbage-first heap   total 657408K, used 585703K [0x0000000701000000, 0x0000000800000000)
  region size 2048K, 154 young (315392K), 1 survivors (2048K)
 Metaspace       used 39545K, committed 39936K, reserved 1089536K
  class space    used 5845K, committed 6080K, reserved 1048576K
}
Event: 716.599 GC heap after
{Heap after GC invocations=2376 (full 0):
 garbage-first heap   total 657408K, used 272361K [0x0000000701000000, 0x0000000800000000)
  region size 2048K, 1 young (2048K), 1 survivors (2048K)
 Metaspace       used 39545K, committed 39936K, reserved 1089536K
  class space    used 5845K, committed 6080K, reserved 1048576K
}
Event: 716.899 GC heap before
{Heap before GC invocations=2376 (full 0):
 garbage-first heap   total 657408K, used 585705K [0x0000000701000000, 0x0000000800000000)
  region size 2048K, 154 young (315392K), 1 survivors (2048K)
 Metaspace       used 39545K, committed 39936K, reserved 1089536K
  class space    used 5845K, committed 6080K, reserved 1048576K
}
Event: 716.899 GC heap after
{Heap after GC invocations=2377 (full 0):
 garbage-first heap   total 657408K, used 272359K [0x0000000701000000, 0x0000000800000000)
  region size 2048K, 1 young (2048K), 1 survivors (2048K)
 Metaspace       used 39545K, committed 39936K, reserved 1089536K
  class space    used 5845K, committed 6080K, reserved 1048576K
}
Event: 717.166 GC heap before
{Heap before GC invocations=2377 (full 0):
 garbage-first heap   total 657408K, used 585703K [0x0000000701000000, 0x0000000800000000)
  region size 2048K, 154 young (315392K), 1 survivors (2048K)
 Metaspace       used 39545K, committed 39936K, reserved 1089536K
  class space    used 5845K, committed 6080K, reserved 1048576K
}
Event: 717.167 GC heap after
{Heap after GC invocations=2378 (full 0):
 garbage-first heap   total 657408K, used 272359K [0x0000000701000000, 0x0000000800000000)
  region size 2048K, 1 young (2048K), 1 survivors (2048K)
 Metaspace       used 39545K, committed 39936K, reserved 1089536K
  class space    used 5845K, committed 6080K, reserved 1048576K
}
Event: 717.440 GC heap before
{Heap before GC invocations=2378 (full 0):
 garbage-first heap   total 657408K, used 585703K [0x0000000701000000, 0x0000000800000000)
  region size 2048K, 154 young (315392K), 1 survivors (2048K)
 Metaspace       used 39545K, committed 39936K, reserved 1089536K
  class space    used 5845K, committed 6080K, reserved 1048576K
}
Event: 717.441 GC heap after
{Heap after GC invocations=2379 (full 0):
 garbage-first heap   total 657408K, used 272361K [0x0000000701000000, 0x0000000800000000)
  region size 2048K, 1 young (2048K), 1 survivors (2048K)
 Metaspace       used 39545K, committed 39936K, reserved 1089536K
  class space    used 5845K, committed 6080K, reserved 1048576K
}
Event: 717.730 GC heap before
{Heap before GC invocations=2379 (full 0):
 garbage-first heap   total 657408K, used 585705K [0x0000000701000000, 0x0000000800000000)
  region size 2048K, 154 young (315392K), 1 survivors (2048K)
 Metaspace       used 39545K, committed 39936K, reserved 1089536K
  class space    used 5845K, committed 6080K, reserved 1048576K
}
Event: 717.731 GC heap after
{Heap after GC invocations=2380 (full 0):
 garbage-first heap   total 657408K, used 272359K [0x0000000701000000, 0x0000000800000000)
  region size 2048K, 1 young (2048K), 1 survivors (2048K)
 Metaspace       used 39545K, committed 39936K, reserved 1089536K
  class space    used 5845K, committed 6080K, reserved 1048576K
}
Event: 718.004 GC heap before
{Heap before GC invocations=2380 (full 0):
 garbage-first heap   total 657408K, used 585703K [0x0000000701000000, 0x0000000800000000)
  region size 2048K, 154 young (315392K), 1 survivors (2048K)
 Metaspace       used 39545K, committed 39936K, reserved 1089536K
  class space    used 5845K, committed 6080K, reserved 1048576K
}
Event: 718.005 GC heap after
{Heap after GC invocations=2381 (full 0):
 garbage-first heap   total 657408K, used 272357K [0x0000000701000000, 0x0000000800000000)
  region size 2048K, 1 young (2048K), 1 survivors (2048K)
 Metaspace       used 39545K, committed 39936K, reserved 1089536K
  class space    used 5845K, committed 6080K, reserved 1048576K
}
Event: 718.270 GC heap before
{Heap before GC invocations=2381 (full 0):
 garbage-first heap   total 657408K, used 585701K [0x0000000701000000, 0x0000000800000000)
  region size 2048K, 154 young (315392K), 1 survivors (2048K)
 Metaspace       used 39546K, committed 39936K, reserved 1089536K
  class space    used 5845K, committed 6080K, reserved 1048576K
}
Event: 718.271 GC heap after
{Heap after GC invocations=2382 (full 0):
 garbage-first heap   total 657408K, used 272359K [0x0000000701000000, 0x0000000800000000)
  region size 2048K, 1 young (2048K), 1 survivors (2048K)
 Metaspace       used 39546K, committed 39936K, reserved 1089536K
  class space    used 5845K, committed 6080K, reserved 1048576K
}
Event: 718.562 GC heap before
{Heap before GC invocations=2382 (full 0):
 garbage-first heap   total 657408K, used 585703K [0x0000000701000000, 0x0000000800000000)
  region size 2048K, 154 young (315392K), 1 survivors (2048K)
 Metaspace       used 39546K, committed 39936K, reserved 1089536K
  class space    used 5845K, committed 6080K, reserved 1048576K
}
Event: 718.563 GC heap after
{Heap after GC invocations=2383 (full 0):
 garbage-first heap   total 657408K, used 272361K [0x0000000701000000, 0x0000000800000000)
  region size 2048K, 1 young (2048K), 1 survivors (2048K)
 Metaspace       used 39546K, committed 39936K, reserved 1089536K
  class space    used 5845K, committed 6080K, reserved 1048576K
}
Event: 718.833 GC heap before
{Heap before GC invocations=2383 (full 0):
 garbage-first heap   total 657408K, used 585705K [0x0000000701000000, 0x0000000800000000)
  region size 2048K, 154 young (315392K), 1 survivors (2048K)
 Metaspace       used 39546K, committed 39936K, reserved 1089536K
  class space    used 5845K, committed 6080K, reserved 1048576K
}
Event: 718.834 GC heap after
{Heap after GC invocations=2384 (full 0):
 garbage-first heap   total 657408K, used 272359K [0x0000000701000000, 0x0000000800000000)
  region size 2048K, 1 young (2048K), 1 survivors (2048K)
 Metaspace       used 39546K, committed 39936K, reserved 1089536K
  class space    used 5845K, committed 6080K, reserved 1048576K
}

Deoptimization events (20 events):
Event: 740.538 Thread 0x0000017c28769c10 Uncommon trap: trap_request=0xffffffde fr.pc=0x0000017c1257eda8 relative=0x0000000000000448
Event: 740.538 Thread 0x0000017c28769c10 Uncommon trap: reason=class_check action=maybe_recompile pc=0x0000017c1257eda8 method=com.sun.javafx.collections.ObservableMapWrapper.get(Ljava/lang/Object;)Ljava/lang/Object; @ 5 c2
Event: 740.538 Thread 0x0000017c28769c10 DEOPT PACKING pc=0x0000017c1257eda8 sp=0x0000005a9a0fde30
Event: 740.538 Thread 0x0000017c28769c10 DEOPT UNPACKING pc=0x0000017c0a8ad72e sp=0x0000005a9a0fdde8 mode 2
Event: 740.541 Thread 0x0000017c28769c10 Uncommon trap: trap_request=0xffffff45 fr.pc=0x0000017c12a70b3c relative=0x0000000000000bfc
Event: 740.541 Thread 0x0000017c28769c10 Uncommon trap: reason=unstable_if action=reinterpret pc=0x0000017c12a70b3c method=java.util.regex.Pattern.newSlice([IIZ)Ljava/util/regex/Pattern$Node; @ 19 c2
Event: 740.541 Thread 0x0000017c28769c10 DEOPT PACKING pc=0x0000017c12a70b3c sp=0x0000005a9a0fcd60
Event: 740.541 Thread 0x0000017c28769c10 DEOPT UNPACKING pc=0x0000017c0a8ad72e sp=0x0000005a9a0fcc60 mode 2
Event: 740.541 Thread 0x0000017c28769c10 Uncommon trap: trap_request=0xffffff45 fr.pc=0x0000017c12a72048 relative=0x0000000000000688
Event: 740.541 Thread 0x0000017c28769c10 Uncommon trap: reason=unstable_if action=reinterpret pc=0x0000017c12a72048 method=java.util.regex.Pattern.newSlice([IIZ)Ljava/util/regex/Pattern$Node; @ 19 c2
Event: 740.541 Thread 0x0000017c28769c10 DEOPT PACKING pc=0x0000017c12a72048 sp=0x0000005a9a0fcca0
Event: 740.541 Thread 0x0000017c28769c10 DEOPT UNPACKING pc=0x0000017c0a8ad72e sp=0x0000005a9a0fcc50 mode 2
Event: 740.541 Thread 0x0000017c28769c10 Uncommon trap: trap_request=0xffffff45 fr.pc=0x0000017c12a74538 relative=0x00000000000009d8
Event: 740.541 Thread 0x0000017c28769c10 Uncommon trap: reason=unstable_if action=reinterpret pc=0x0000017c12a74538 method=java.util.regex.Pattern.sequence(Ljava/util/regex/Pattern$Node;)Ljava/util/regex/Pattern$Node; @ 12 c2
Event: 740.541 Thread 0x0000017c28769c10 DEOPT PACKING pc=0x0000017c12a74538 sp=0x0000005a9a0fcb70
Event: 740.541 Thread 0x0000017c28769c10 DEOPT UNPACKING pc=0x0000017c0a8ad72e sp=0x0000005a9a0fcb20 mode 2
Event: 740.541 Thread 0x0000017c28769c10 Uncommon trap: trap_request=0xffffff45 fr.pc=0x0000017c12a78ab4 relative=0x0000000000001eb4
Event: 740.541 Thread 0x0000017c28769c10 Uncommon trap: reason=unstable_if action=reinterpret pc=0x0000017c12a78ab4 method=java.util.regex.Pattern.compile()V @ 371 c2
Event: 740.541 Thread 0x0000017c28769c10 DEOPT PACKING pc=0x0000017c12a78ab4 sp=0x0000005a9a0fce30
Event: 740.541 Thread 0x0000017c28769c10 DEOPT UNPACKING pc=0x0000017c0a8ad72e sp=0x0000005a9a0fce10 mode 2

Classes unloaded (0 events):
No events

Classes redefined (0 events):
No events

Internal exceptions (20 events):
Event: 112.387 Thread 0x0000017c28769c10 Implicit null exception at 0x0000017c1298cb1a to 0x0000017c1298cef8
Event: 112.475 Thread 0x0000017c28769c10 Exception <a 'java/lang/NullPointerException'{0x000000071e9b8db0}> (0x000000071e9b8db0) 
thrown [t:\workspace\open\src\hotspot\share\interpreter\linkResolver.cpp, line 1385]
Event: 112.476 Thread 0x0000017c28769c10 Exception <a 'java/lang/NoSuchMethodError'{0x000000071e9c5840}: 'java.lang.Object java.lang.invoke.DirectMethodHandle$Holder.invokeSpecial(java.lang.Object, java.lang.Object, double, double)'> (0x000000071e9c5840) 
thrown [t:\workspace\open\src\hotspot\share\interpreter\linkResolver.cpp, line 790]
Event: 112.821 Thread 0x0000017c28769c10 Implicit null exception at 0x0000017c12707c4c to 0x0000017c12707ccc
Event: 125.939 Thread 0x0000017c28769c10 Implicit null exception at 0x0000017c129202e4 to 0x0000017c12920474
Event: 125.939 Thread 0x0000017c28769c10 Implicit null exception at 0x0000017c12744a32 to 0x0000017c12746302
Event: 125.939 Thread 0x0000017c28769c10 Implicit null exception at 0x0000017c127d9666 to 0x0000017c127da08c
Event: 138.503 Thread 0x0000017c28769c10 Implicit null exception at 0x0000017c12534920 to 0x0000017c125354c4
Event: 138.503 Thread 0x0000017c28769c10 Implicit null exception at 0x0000017c129c598b to 0x0000017c129c59e4
Event: 138.513 Thread 0x0000017c27ccdde0 Implicit null exception at 0x0000017c128a7e72 to 0x0000017c128a8f2c
Event: 138.513 Thread 0x0000017c27ccdde0 Implicit null exception at 0x0000017c12799446 to 0x0000017c1279ab54
Event: 138.753 Thread 0x0000017c27ccdde0 Implicit null exception at 0x0000017c12830161 to 0x0000017c12830318
Event: 138.753 Thread 0x0000017c27ccdde0 Implicit null exception at 0x0000017c1284bc2c to 0x0000017c1284bca8
Event: 679.553 Thread 0x0000017c28769c10 Implicit null exception at 0x0000017c12902e47 to 0x0000017c1290aadc
Event: 679.556 Thread 0x0000017c28769c10 Implicit null exception at 0x0000017c1260eafa to 0x0000017c1260f67c
Event: 680.957 Thread 0x0000017c28769c10 Implicit null exception at 0x0000017c125df933 to 0x0000017c125dffdc
Event: 681.145 Thread 0x0000017c28769c10 Implicit null exception at 0x0000017c129be835 to 0x0000017c129bfa54
Event: 732.472 Thread 0x0000017c27ccdde0 Implicit null exception at 0x0000017c12598ac5 to 0x0000017c1259982b
Event: 734.150 Thread 0x0000017c28769c10 Implicit null exception at 0x0000017c129effbb to 0x0000017c129f0183
Event: 735.493 Thread 0x0000017c28769c10 Implicit null exception at 0x0000017c12b8bef9 to 0x0000017c12b8c2a6

Events (20 events):
Event: 734.153 loading class sun/text/CompactByteArray
Event: 734.153 loading class sun/text/CompactByteArray done
Event: 734.153 loading class sun/text/SupplementaryCharacterData
Event: 734.153 loading class sun/text/SupplementaryCharacterData done
Event: 734.153 loading class java/text/BreakIterator$BreakIteratorCache
Event: 734.153 loading class java/text/BreakIterator$BreakIteratorCache done
Event: 735.149 Executing  VM operation: Cleanup
Event: 735.150 Executing  VM operation: Cleanup done
Event: 735.371 Thread 0x0000017c3515d1b0 Thread added: 0x0000017c3515d1b0
Event: 735.371 Thread 0x0000017c3515cc20 Thread added: 0x0000017c3515cc20
Event: 735.490 Thread 0x0000017c3515cc20 Thread exited: 0x0000017c3515cc20
Event: 735.493 Thread 0x0000017c34db29e0 Thread added: 0x0000017c34db29e0
Event: 735.494 Thread 0x0000017c34db2f30 Thread added: 0x0000017c34db2f30
Event: 736.091 Thread 0x0000017c3515d1b0 Thread exited: 0x0000017c3515d1b0
Event: 737.150 Executing  VM operation: Cleanup
Event: 737.150 Executing  VM operation: Cleanup done
Event: 739.151 Executing  VM operation: Cleanup
Event: 739.151 Executing  VM operation: Cleanup done
Event: 740.541 loading class java/util/regex/Pattern$SliceI
Event: 740.541 loading class java/util/regex/Pattern$SliceI done


Dynamic libraries:
0x00007ff61c0d0000 - 0x00007ff61c0de000 	C:\Users\gaeqs\.jdks\openjdk-16.0.1\bin\java.exe
0x00007ff9cbf70000 - 0x00007ff9cc15d000 	C:\Windows\SYSTEM32\ntdll.dll
0x00007ff9cba40000 - 0x00007ff9cbaf3000 	C:\Windows\System32\KERNEL32.DLL
0x00007ff9c8200000 - 0x00007ff9c8495000 	C:\Windows\System32\KERNELBASE.dll
0x00007ff9c9070000 - 0x00007ff9c916a000 	C:\Windows\System32\ucrtbase.dll
0x00007ff9bf430000 - 0x00007ff9bf448000 	C:\Users\gaeqs\.jdks\openjdk-16.0.1\bin\jli.dll
0x00007ff9b7450000 - 0x00007ff9b7469000 	C:\Users\gaeqs\.jdks\openjdk-16.0.1\bin\VCRUNTIME140.dll
0x00007ff9cbda0000 - 0x00007ff9cbf38000 	C:\Windows\System32\USER32.dll
0x00007ff9c81c0000 - 0x00007ff9c81e0000 	C:\Windows\System32\win32u.dll
0x00007ff9b4310000 - 0x00007ff9b4589000 	C:\Windows\WinSxS\amd64_microsoft.windows.common-controls_6595b64144ccf1df_6.0.17763.2061_none_de73cf545348ec45\COMCTL32.dll
0x00007ff9cbca0000 - 0x00007ff9cbcc9000 	C:\Windows\System32\GDI32.dll
0x00007ff9cbcd0000 - 0x00007ff9cbd6e000 	C:\Windows\System32\msvcrt.dll
0x00007ff9c8020000 - 0x00007ff9c81bc000 	C:\Windows\System32\gdi32full.dll
0x00007ff9c9410000 - 0x00007ff9c973d000 	C:\Windows\System32\combase.dll
0x00007ff9c84a0000 - 0x00007ff9c8540000 	C:\Windows\System32\msvcp_win.dll
0x00007ff9ca290000 - 0x00007ff9ca3af000 	C:\Windows\System32\RPCRT4.dll
0x00007ff9c8e80000 - 0x00007ff9c8f02000 	C:\Windows\System32\bcryptPrimitives.dll
0x00007ff9cbd70000 - 0x00007ff9cbd9e000 	C:\Windows\System32\IMM32.DLL
0x00007ff9b8d20000 - 0x00007ff9b8d2c000 	C:\Users\gaeqs\.jdks\openjdk-16.0.1\bin\vcruntime140_1.dll
0x00007ff9b73b0000 - 0x00007ff9b7441000 	C:\Users\gaeqs\.jdks\openjdk-16.0.1\bin\msvcp140.dll
0x00007ff9713a0000 - 0x00007ff971f4b000 	C:\Users\gaeqs\.jdks\openjdk-16.0.1\bin\server\jvm.dll
0x00007ff9c9870000 - 0x00007ff9c9914000 	C:\Windows\System32\ADVAPI32.dll
0x00007ff9c9920000 - 0x00007ff9c99be000 	C:\Windows\System32\sechost.dll
0x00007ff9c9aa0000 - 0x00007ff9c9aa8000 	C:\Windows\System32\PSAPI.DLL
0x00007ff9c5ff0000 - 0x00007ff9c6014000 	C:\Windows\SYSTEM32\WINMM.dll
0x00007ff9c4930000 - 0x00007ff9c4939000 	C:\Windows\SYSTEM32\WSOCK32.dll
0x00007ff9c2ae0000 - 0x00007ff9c2aea000 	C:\Windows\SYSTEM32\VERSION.dll
0x00007ff9cbc30000 - 0x00007ff9cbc9d000 	C:\Windows\System32\WS2_32.dll
0x00007ff9c5fc0000 - 0x00007ff9c5fed000 	C:\Windows\SYSTEM32\winmmbase.dll
0x00007ff9c8f70000 - 0x00007ff9c8fba000 	C:\Windows\System32\cfgmgr32.dll
0x00007ff9c7f50000 - 0x00007ff9c7f61000 	C:\Windows\System32\kernel.appcore.dll
0x00007ff9b86b0000 - 0x00007ff9b86ba000 	C:\Users\gaeqs\.jdks\openjdk-16.0.1\bin\jimage.dll
0x00007ff9b0bc0000 - 0x00007ff9b0dad000 	C:\Windows\SYSTEM32\DBGHELP.DLL
0x00007ff9b0880000 - 0x00007ff9b08aa000 	C:\Windows\SYSTEM32\dbgcore.DLL
0x00007ff99d2c0000 - 0x00007ff99d2e5000 	C:\Users\gaeqs\.jdks\openjdk-16.0.1\bin\java.dll
0x00007ff9ca3b0000 - 0x00007ff9cb8a9000 	C:\Windows\System32\SHELL32.dll
0x00007ff9cbb00000 - 0x00007ff9cbba8000 	C:\Windows\System32\shcore.dll
0x00007ff9c8540000 - 0x00007ff9c8c8b000 	C:\Windows\System32\windows.storage.dll
0x00007ff9c7f70000 - 0x00007ff9c7f94000 	C:\Windows\System32\profapi.dll
0x00007ff9c7fa0000 - 0x00007ff9c7ffd000 	C:\Windows\System32\powrprof.dll
0x00007ff9c91a0000 - 0x00007ff9c91f2000 	C:\Windows\System32\shlwapi.dll
0x00007ff9c81e0000 - 0x00007ff9c81f7000 	C:\Windows\System32\cryptsp.dll
0x00007ff9b3990000 - 0x00007ff9b39a9000 	C:\Users\gaeqs\.jdks\openjdk-16.0.1\bin\net.dll
0x00007ff9be5d0000 - 0x00007ff9be6c1000 	C:\Windows\SYSTEM32\WINHTTP.dll
0x00007ff9c7780000 - 0x00007ff9c77e7000 	C:\Windows\system32\mswsock.dll
0x00007ff99abf0000 - 0x00007ff99ac03000 	C:\Users\gaeqs\.jdks\openjdk-16.0.1\bin\nio.dll
0x00007ff99abd0000 - 0x00007ff99abe8000 	C:\Users\gaeqs\.jdks\openjdk-16.0.1\bin\zip.dll
0x0000017c010a0000 - 0x0000017c010a3000 	C:\Users\gaeqs\.openjfx\cache\14.0.2.1\api-ms-win-core-console-l1-1-0.dll
0x0000017c010b0000 - 0x0000017c010b3000 	C:\Users\gaeqs\.openjfx\cache\14.0.2.1\api-ms-win-core-datetime-l1-1-0.dll
0x0000017c010c0000 - 0x0000017c010c3000 	C:\Users\gaeqs\.openjfx\cache\14.0.2.1\api-ms-win-core-debug-l1-1-0.dll
0x0000017c010d0000 - 0x0000017c010d3000 	C:\Users\gaeqs\.openjfx\cache\14.0.2.1\api-ms-win-core-errorhandling-l1-1-0.dll
0x0000017c010e0000 - 0x0000017c010e4000 	C:\Users\gaeqs\.openjfx\cache\14.0.2.1\api-ms-win-core-file-l1-1-0.dll
0x0000017c010f0000 - 0x0000017c010f3000 	C:\Users\gaeqs\.openjfx\cache\14.0.2.1\api-ms-win-core-file-l1-2-0.dll
0x0000017c01100000 - 0x0000017c01103000 	C:\Users\gaeqs\.openjfx\cache\14.0.2.1\api-ms-win-core-file-l2-1-0.dll
0x0000017c01110000 - 0x0000017c01113000 	C:\Users\gaeqs\.openjfx\cache\14.0.2.1\api-ms-win-core-handle-l1-1-0.dll
0x0000017c26940000 - 0x0000017c26943000 	C:\Users\gaeqs\.openjfx\cache\14.0.2.1\api-ms-win-core-heap-l1-1-0.dll
0x0000017c26950000 - 0x0000017c26953000 	C:\Users\gaeqs\.openjfx\cache\14.0.2.1\api-ms-win-core-interlocked-l1-1-0.dll
0x0000017c26960000 - 0x0000017c26963000 	C:\Users\gaeqs\.openjfx\cache\14.0.2.1\api-ms-win-core-libraryloader-l1-1-0.dll
0x0000017c26970000 - 0x0000017c26973000 	C:\Users\gaeqs\.openjfx\cache\14.0.2.1\api-ms-win-core-localization-l1-2-0.dll
0x0000017c26980000 - 0x0000017c26983000 	C:\Users\gaeqs\.openjfx\cache\14.0.2.1\api-ms-win-core-memory-l1-1-0.dll
0x0000017c26990000 - 0x0000017c26993000 	C:\Users\gaeqs\.openjfx\cache\14.0.2.1\api-ms-win-core-namedpipe-l1-1-0.dll
0x0000017c269a0000 - 0x0000017c269a3000 	C:\Users\gaeqs\.openjfx\cache\14.0.2.1\api-ms-win-core-processenvironment-l1-1-0.dll
0x0000017c269b0000 - 0x0000017c269b3000 	C:\Users\gaeqs\.openjfx\cache\14.0.2.1\api-ms-win-core-processthreads-l1-1-0.dll
0x0000017c269c0000 - 0x0000017c269c3000 	C:\Users\gaeqs\.openjfx\cache\14.0.2.1\api-ms-win-core-processthreads-l1-1-1.dll
0x0000017c269d0000 - 0x0000017c269d3000 	C:\Users\gaeqs\.openjfx\cache\14.0.2.1\api-ms-win-core-profile-l1-1-0.dll
0x0000017c269e0000 - 0x0000017c269e3000 	C:\Users\gaeqs\.openjfx\cache\14.0.2.1\api-ms-win-core-rtlsupport-l1-1-0.dll
0x0000017c269f0000 - 0x0000017c269f3000 	C:\Users\gaeqs\.openjfx\cache\14.0.2.1\api-ms-win-core-string-l1-1-0.dll
0x0000017c26a00000 - 0x0000017c26a03000 	C:\Users\gaeqs\.openjfx\cache\14.0.2.1\api-ms-win-core-synch-l1-1-0.dll
0x0000017c26a10000 - 0x0000017c26a13000 	C:\Users\gaeqs\.openjfx\cache\14.0.2.1\api-ms-win-core-synch-l1-2-0.dll
0x0000017c26a20000 - 0x0000017c26a23000 	C:\Users\gaeqs\.openjfx\cache\14.0.2.1\api-ms-win-core-sysinfo-l1-1-0.dll
0x0000017c26a30000 - 0x0000017c26a33000 	C:\Users\gaeqs\.openjfx\cache\14.0.2.1\api-ms-win-core-timezone-l1-1-0.dll
0x0000017c26a40000 - 0x0000017c26a43000 	C:\Users\gaeqs\.openjfx\cache\14.0.2.1\api-ms-win-core-util-l1-1-0.dll
0x0000017c26a50000 - 0x0000017c26a53000 	C:\Users\gaeqs\.openjfx\cache\14.0.2.1\api-ms-win-crt-conio-l1-1-0.dll
0x0000017c26a60000 - 0x0000017c26a64000 	C:\Users\gaeqs\.openjfx\cache\14.0.2.1\api-ms-win-crt-convert-l1-1-0.dll
0x0000017c26a70000 - 0x0000017c26a73000 	C:\Users\gaeqs\.openjfx\cache\14.0.2.1\api-ms-win-crt-environment-l1-1-0.dll
0x0000017c26a80000 - 0x0000017c26a83000 	C:\Users\gaeqs\.openjfx\cache\14.0.2.1\api-ms-win-crt-filesystem-l1-1-0.dll
0x0000017c26a90000 - 0x0000017c26a93000 	C:\Users\gaeqs\.openjfx\cache\14.0.2.1\api-ms-win-crt-heap-l1-1-0.dll
0x0000017c26aa0000 - 0x0000017c26aa3000 	C:\Users\gaeqs\.openjfx\cache\14.0.2.1\api-ms-win-crt-locale-l1-1-0.dll
0x0000017c26ab0000 - 0x0000017c26ab5000 	C:\Users\gaeqs\.openjfx\cache\14.0.2.1\api-ms-win-crt-math-l1-1-0.dll
0x0000017c26ac0000 - 0x0000017c26ac5000 	C:\Users\gaeqs\.openjfx\cache\14.0.2.1\api-ms-win-crt-multibyte-l1-1-0.dll
0x0000017c26ad0000 - 0x0000017c26ae0000 	C:\Users\gaeqs\.openjfx\cache\14.0.2.1\api-ms-win-crt-private-l1-1-0.dll
0x0000017c26ae0000 - 0x0000017c26ae3000 	C:\Users\gaeqs\.openjfx\cache\14.0.2.1\api-ms-win-crt-process-l1-1-0.dll
0x0000017c26af0000 - 0x0000017c26af4000 	C:\Users\gaeqs\.openjfx\cache\14.0.2.1\api-ms-win-crt-runtime-l1-1-0.dll
0x0000017c26b00000 - 0x0000017c26b04000 	C:\Users\gaeqs\.openjfx\cache\14.0.2.1\api-ms-win-crt-stdio-l1-1-0.dll
0x0000017c26b10000 - 0x0000017c26b14000 	C:\Users\gaeqs\.openjfx\cache\14.0.2.1\api-ms-win-crt-string-l1-1-0.dll
0x0000017c26b20000 - 0x0000017c26b23000 	C:\Users\gaeqs\.openjfx\cache\14.0.2.1\api-ms-win-crt-time-l1-1-0.dll
0x0000017c26b30000 - 0x0000017c26b33000 	C:\Users\gaeqs\.openjfx\cache\14.0.2.1\api-ms-win-crt-utility-l1-1-0.dll
0x00007ff972c20000 - 0x00007ff972d1c000 	C:\Users\gaeqs\.openjfx\cache\14.0.2.1\ucrtbase.dll
0x00007ff9b6710000 - 0x00007ff9b6725000 	C:\Users\gaeqs\.openjfx\cache\14.0.2.1\vcruntime140.dll
0x00007ff97f050000 - 0x00007ff97f0eb000 	C:\Users\gaeqs\.openjfx\cache\14.0.2.1\msvcp140.dll
0x00007ff9960a0000 - 0x00007ff9960f1000 	C:\Users\gaeqs\.openjfx\cache\14.0.2.1\concrt140.dll
0x00007ff996070000 - 0x00007ff996093000 	C:\Users\gaeqs\.openjfx\cache\14.0.2.1\prism_d3d.dll
0x00007ff9b83b0000 - 0x00007ff9b854e000 	C:\Windows\system32\d3d9.dll
0x00007ff9c6720000 - 0x00007ff9c674e000 	C:\Windows\SYSTEM32\dwmapi.dll
0x00007ff9c8c90000 - 0x00007ff9c8e73000 	C:\Windows\System32\CRYPT32.dll
0x00007ff9c8000000 - 0x00007ff9c8012000 	C:\Windows\System32\MSASN1.dll
0x00007ff9c6410000 - 0x00007ff9c64ac000 	C:\Windows\system32\uxtheme.dll
0x00007ff9bf4c0000 - 0x00007ff9bf5c5000 	C:\Windows\System32\DriverStore\FileRepository\nv_dispi.inf_amd64_d71d3f5ea7618cbb\nvldumdx.dll
0x00007ff9c28c0000 - 0x00007ff9c28ef000 	C:\Windows\SYSTEM32\cryptnet.dll
0x00007ff9c7950000 - 0x00007ff9c795c000 	C:\Windows\SYSTEM32\cryptbase.dll
0x00007ff9c8f10000 - 0x00007ff9c8f69000 	C:\Windows\System32\WINTRUST.DLL
0x00007ff9cb8b0000 - 0x00007ff9cb8cd000 	C:\Windows\System32\imagehlp.dll
0x00007ff9c7310000 - 0x00007ff9c7343000 	C:\Windows\system32\rsaenh.dll
0x00007ff9c9170000 - 0x00007ff9c9196000 	C:\Windows\System32\bcrypt.dll
0x00007ff95d5a0000 - 0x00007ff95ed58000 	C:\Windows\System32\DriverStore\FileRepository\nv_dispi.inf_amd64_d71d3f5ea7618cbb\nvd3dumx.dll
0x00007ff990a70000 - 0x00007ff990ab5000 	C:\Users\gaeqs\.openjfx\cache\14.0.2.1\glass.dll
0x00007ff9c9ab0000 - 0x00007ff9c9bd7000 	C:\Windows\System32\COMDLG32.dll
0x00007ff9ca070000 - 0x00007ff9ca1c6000 	C:\Windows\System32\ole32.dll
0x00007ff9c97a0000 - 0x00007ff9c9864000 	C:\Windows\System32\OLEAUT32.dll
0x00007ff9cb8d0000 - 0x00007ff9cba3b000 	C:\Windows\System32\MSCTF.dll
0x00007ff977dc0000 - 0x00007ff978083000 	C:\Windows\system32\nvspcap64.dll
0x00007ff9c6f90000 - 0x00007ff9c6fc1000 	C:\Windows\SYSTEM32\ntmarta.dll
0x00007ff9c6bc0000 - 0x00007ff9c6be2000 	C:\Windows\SYSTEM32\gpapi.dll
0x00007ff9b66f0000 - 0x00007ff9b6704000 	C:\Users\gaeqs\.openjfx\cache\14.0.2.1\javafx_font.dll
0x00007ff99afe0000 - 0x00007ff99b2dc000 	C:\Windows\SYSTEM32\dwrite.dll
0x00007ff9c7e50000 - 0x00007ff9c7e79000 	C:\Windows\SYSTEM32\USERENV.dll
0x00007ff9c74a0000 - 0x00007ff9c74dd000 	C:\Windows\SYSTEM32\IPHLPAPI.DLL
0x00007ff9c9be0000 - 0x00007ff9c9be8000 	C:\Windows\System32\NSI.dll
0x00007ff9c18d0000 - 0x00007ff9c18e6000 	C:\Windows\SYSTEM32\dhcpcsvc6.DLL
0x00007ff9c2600000 - 0x00007ff9c261c000 	C:\Windows\SYSTEM32\dhcpcsvc.DLL
0x00007ff9c74e0000 - 0x00007ff9c75a6000 	C:\Windows\SYSTEM32\DNSAPI.dll
0x00007ff9ca1e0000 - 0x00007ff9ca282000 	C:\Windows\System32\clbcatq.dll
0x00007ff9c1510000 - 0x00007ff9c16c8000 	C:\Windows\SYSTEM32\WindowsCodecs.dll
0x00007ff9a3710000 - 0x00007ff9a3767000 	C:\Windows\system32\dataexchange.dll
0x00007ff9c5850000 - 0x00007ff9c5a13000 	C:\Windows\system32\dcomp.dll
0x00007ff9c4f30000 - 0x00007ff9c51ae000 	C:\Windows\system32\d3d11.dll
0x00007ff9c6d10000 - 0x00007ff9c6dd2000 	C:\Windows\system32\dxgi.dll
0x00007ff9c64e0000 - 0x00007ff9c66ec000 	C:\Windows\system32\twinapi.appcore.dll

dbghelp: loaded successfully - version: 4.0.5 - missing functions: none
symbol engine: initialized successfully - sym options: 0x614 - pdb path: .;C:\Users\gaeqs\.jdks\openjdk-16.0.1\bin;C:\Windows\SYSTEM32;C:\Windows\WinSxS\amd64_microsoft.windows.common-controls_6595b64144ccf1df_6.0.17763.2061_none_de73cf545348ec45;C:\Users\gaeqs\.jdks\openjdk-16.0.1\bin\server;C:\Users\gaeqs\.openjfx\cache\14.0.2.1;C:\Windows\System32\DriverStore\FileRepository\nv_dispi.inf_amd64_d71d3f5ea7618cbb;C:\Program Files\Common Files\Microsoft Shared\Ink

VM Arguments:
jvm_args: -Dfile.encoding=windows-1252 -Duser.country=US -Duser.language=en -Duser.variant 
java_command: lib/JAMS.jar -loadPlugin build/libs/NES4JAMS-1.0-SNAPSHOT.jar
java_class_path (initial): lib/JAMS.jar
Launcher Type: SUN_STANDARD

[Global flags]
     intx CICompilerCount                          = 12                                        {product} {ergonomic}
     uint ConcGCThreads                            = 3                                         {product} {ergonomic}
     uint G1ConcRefinementThreads                  = 13                                        {product} {ergonomic}
   size_t G1HeapRegionSize                         = 2097152                                   {product} {ergonomic}
    uintx GCDrainStackTargetSize                   = 64                                        {product} {ergonomic}
   size_t InitialHeapSize                          = 268435456                                 {product} {ergonomic}
   size_t MarkStackSize                            = 4194304                                   {product} {ergonomic}
   size_t MaxHeapSize                              = 4278190080                                {product} {ergonomic}
   size_t MaxNewSize                               = 2566914048                                {product} {ergonomic}
   size_t MinHeapDeltaBytes                        = 2097152                                   {product} {ergonomic}
   size_t MinHeapSize                              = 8388608                                   {product} {ergonomic}
    uintx NonNMethodCodeHeapSize                   = 7602480                                {pd product} {ergonomic}
    uintx NonProfiledCodeHeapSize                  = 122027880                              {pd product} {ergonomic}
    uintx ProfiledCodeHeapSize                     = 122027880                              {pd product} {ergonomic}
    uintx ReservedCodeCacheSize                    = 251658240                              {pd product} {ergonomic}
     bool SegmentedCodeCache                       = true                                      {product} {ergonomic}
   size_t SoftMaxHeapSize                          = 4278190080                             {manageable} {ergonomic}
     bool UseCompressedClassPointers               = true                           {product lp64_product} {ergonomic}
     bool UseCompressedOops                        = true                           {product lp64_product} {ergonomic}
     bool UseG1GC                                  = true                                      {product} {ergonomic}
     bool UseLargePagesIndividualAllocation        = false                                  {pd product} {ergonomic}

Logging:
Log output configuration:
 #0: stdout all=warning uptime,level,tags
 #1: stderr all=off uptime,level,tags

Environment Variables:
JAVA_HOME=C:\Users\gaeqs\.jdks\openjdk-16
PATH=C:\Python39\Scripts\;C:\Python39\;C:\Windows\system32;C:\Windows;C:\Windows\System32\Wbem;C:\Windows\System32\WindowsPowerShell\v1.0\;C:\Windows\System32\OpenSSH\;C:\Program Files (x86)\NVIDIA Corporation\PhysX\Common;C:\Program Files\NVIDIA Corporation\NVIDIA NvDLISR;C:\Program Files\Git\cmd;F:\Apps\NodeJs\;C:\ProgramData\chocolatey\bin;C:\Program Files\Common Files\Autodesk Shared\;C:\Program Files\Microsoft SQL Server\120\Tools\Binn\;F:\Apps\BitviseSSH;F:\Apps\Gpg4win\..\GnuPG\bin;C:\Users\gaeqs\.jdks\openjdk-16\bin;F:\Apps\AutoFirma\AutoFirma;C:\Users\gaeqs\AppData\Local\Microsoft\WindowsApps;C:\Users\gaeqs\AppData\Roaming\npm
USERNAME=gaeqs
OS=Windows_NT
PROCESSOR_IDENTIFIER=AMD64 Family 23 Model 8 Stepping 2, AuthenticAMD



---------------  S Y S T E M  ---------------

OS:
 Windows 10 , 64 bit Build 17763 (10.0.17763.2028)
OS uptime: 2 days 20:50 hours

CPU: total 16 (initial active 16) (16 cores per cpu, 2 threads per core) family 23 model 8 stepping 2 microcode 0x0, cx8, cmov, fxsr, ht, mmx, 3dnowpref, sse, sse2, sse3, ssse3, sse4a, sse4.1, sse4.2, popcnt, lzcnt, tsc, tscinvbit, avx, avx2, aes, clmul, bmi1, bmi2, adx, sha, fma, vzeroupper, clflush, clflushopt

Memory: 4k page, system-wide physical 16315M (5421M free)
TotalPageFile size 25019M (AvailPageFile size 9007M)
current process WorkingSet (physical memory assigned to process): 849M, peak: 849M
current process commit charge ("private bytes"): 1198M, peak: 1226M

vm_info: OpenJDK 64-Bit Server VM (16.0.1+9-24) for windows-amd64 JRE (16.0.1+9-24), built on Mar 26 2021 19:30:07 by "mach5one" with MS VC++ 16.7 (VS2019)

END.
